2021-09-25 01:15:10:1510 error: "ApplicationError: email must be a string\n    at Object.customValidationError (C:\\Users\\TOMMY\\Desktop\\Project1\\obed-service\\api\\utils\\error\\validationErrorFactory.ts:20:10)\n    at C:\\Users\\TOMMY\\Desktop\\Project1\\obed-service\\api\\controllers\\auth.ts:32:10\n    at processTicksAndRejections (internal/process/task_queues.js:97:5)"
2021-09-25 01:15:34:1534 error: ApplicationError: email must be a string
    at Object.customValidationError (C:\Users\TOMMY\Desktop\Project1\obed-service\api\utils\error\validationErrorFactory.ts:20:10)
    at C:\Users\TOMMY\Desktop\Project1\obed-service\api\controllers\auth.ts:32:10
    at processTicksAndRejections (internal/process/task_queues.js:97:5)
2021-09-25 01:16:38:1638 error: ApplicationError: email must be a string
    at Object.customValidationError (C:\Users\TOMMY\Desktop\Project1\obed-service\api\utils\error\validationErrorFactory.ts:20:10)
    at C:\Users\TOMMY\Desktop\Project1\obed-service\api\controllers\auth.ts:32:10
    at processTicksAndRejections (internal/process/task_queues.js:97:5)
2021-09-25 01:58:04:584 error: [object Object]
2021-09-25 01:58:47:5847 error: ApplicationError: email must be a string
    at Object.customValidationError (C:\Users\TOMMY\Desktop\Project1\obed-service\api\utils\error\validationErrorFactory.ts:20:10)
    at C:\Users\TOMMY\Desktop\Project1\obed-service\api\controllers\auth.ts:32:10
    at processTicksAndRejections (internal/process/task_queues.js:97:5)
2021-09-25 03:03:17:317 error: ApplicationError: email must be a string
    at Object.customValidationError (C:\Users\TOMMY\Desktop\Project1\obed-service\api\utils\error\validationErrorFactory.ts:20:10)
    at C:\Users\TOMMY\Desktop\Project1\obed-service\api\controllers\auth.ts:32:10
    at processTicksAndRejections (internal/process/task_queues.js:97:5)
2021-09-25 03:05:26:526 info: Winston Logger Created!
2021-09-25 03:05:26:526 info: Postgres Database connected
2021-09-25 03:05:27:527 info: Server is listening 3001 port.
2021-09-25 03:05:27:527 info: Redis Client connected
2021-09-25 03:05:29:529 error: ApplicationError: email must be a string
    at Object.customValidationError (C:\Users\TOMMY\Desktop\Project1\obed-service\api\utils\error\validationErrorFactory.ts:20:10)
    at C:\Users\TOMMY\Desktop\Project1\obed-service\api\controllers\auth.ts:32:10
    at processTicksAndRejections (internal/process/task_queues.js:97:5)
2021-09-25 03:06:02:62 info: Winston Logger Created!
2021-09-25 03:06:02:62 info: Postgres Database connected
2021-09-25 03:06:02:62 info: Server is listening 3001 port.
2021-09-25 03:06:02:62 info: Redis Client connected
2021-09-25 03:06:05:65 info: Winston Logger Created!
2021-09-25 03:06:05:65 info: Postgres Database connected
2021-09-25 03:06:06:66 info: Server is listening 3001 port.
2021-09-25 03:06:06:66 info: Redis Client connected
2021-09-25 03:06:12:612 error: ApplicationError: email must be a string
    at Object.customValidationError (C:\Users\TOMMY\Desktop\Project1\obed-service\api\utils\error\validationErrorFactory.ts:20:10)
    at C:\Users\TOMMY\Desktop\Project1\obed-service\api\controllers\auth.ts:32:10
    at processTicksAndRejections (internal/process/task_queues.js:97:5)
2021-09-25 14:14:17:1417 error: ApplicationError: role must be a string
    at Object.customValidationError (C:\Users\TOMMY\Desktop\Project1\obed-service\api\utils\error\validationErrorFactory.ts:20:10)
    at C:\Users\TOMMY\Desktop\Project1\obed-service\api\controllers\auth\index.ts:33:10
    at processTicksAndRejections (internal/process/task_queues.js:97:5)
2021-09-25 14:30:36:3036 error: ApplicationError: role must be one of the following values: ADMIN, TEACHER
    at Object.customValidationError (C:\Users\TOMMY\Desktop\Project1\obed-service\api\utils\error\validationErrorFactory.ts:20:10)
    at C:\Users\TOMMY\Desktop\Project1\obed-service\api\controllers\auth\index.ts:33:10
    at processTicksAndRejections (internal/process/task_queues.js:97:5)
2021-09-25 14:31:12:3112 error: ApplicationError: role must be one of the following values: ADMIN, TEACHER
    at Object.customValidationError (C:\Users\TOMMY\Desktop\Project1\obed-service\api\utils\error\validationErrorFactory.ts:20:10)
    at C:\Users\TOMMY\Desktop\Project1\obed-service\api\controllers\auth\index.ts:33:10
    at processTicksAndRejections (internal/process/task_queues.js:97:5)
2021-09-25 14:31:21:3121 error: ApplicationError: role must be one of the following values: ADMIN, TEACHER
    at Object.customValidationError (C:\Users\TOMMY\Desktop\Project1\obed-service\api\utils\error\validationErrorFactory.ts:20:10)
    at C:\Users\TOMMY\Desktop\Project1\obed-service\api\controllers\auth\index.ts:33:10
    at processTicksAndRejections (internal/process/task_queues.js:97:5)
2021-09-25 14:32:00:320 error: ApplicationError: role must be a valid enum value
    at Object.customValidationError (C:\Users\TOMMY\Desktop\Project1\obed-service\api\utils\error\validationErrorFactory.ts:20:10)
    at C:\Users\TOMMY\Desktop\Project1\obed-service\api\controllers\auth\index.ts:33:10
    at processTicksAndRejections (internal/process/task_queues.js:97:5)
2021-09-25 14:32:31:3231 error: ApplicationError: role must be a valid enum value
    at Object.customValidationError (C:\Users\TOMMY\Desktop\Project1\obed-service\api\utils\error\validationErrorFactory.ts:20:10)
    at C:\Users\TOMMY\Desktop\Project1\obed-service\api\controllers\auth\index.ts:33:10
    at processTicksAndRejections (internal/process/task_queues.js:97:5)
2021-09-25 14:36:48:3648 error: ApplicationError: role must be a valid enum value
    at Object.customValidationError (C:\Users\TOMMY\Desktop\Project1\obed-service\api\utils\error\validationErrorFactory.ts:20:10)
    at C:\Users\TOMMY\Desktop\Project1\obed-service\api\controllers\auth\index.ts:33:10
    at processTicksAndRejections (internal/process/task_queues.js:97:5)
2021-09-25 14:39:19:3919 error: ApplicationError: role must be a valid enum value
    at Object.customValidationError (C:\Users\TOMMY\Desktop\Project1\obed-service\api\utils\error\validationErrorFactory.ts:20:10)
    at C:\Users\TOMMY\Desktop\Project1\obed-service\api\controllers\auth\index.ts:33:10
    at processTicksAndRejections (internal/process/task_queues.js:97:5)
2021-09-25 14:53:10:5310 error: ApplicationError: role must be one of the following values: ADMIN, TEACHER
    at Object.customValidationError (C:\Users\TOMMY\Desktop\Project1\obed-service\api\utils\error\validationErrorFactory.ts:20:10)
    at C:\Users\TOMMY\Desktop\Project1\obed-service\api\controllers\auth\index.ts:33:10
    at processTicksAndRejections (internal/process/task_queues.js:97:5)
2021-09-25 14:56:47:5647 error: ApplicationError: roles must be one of the following values: ADMIN, TEACHER
    at Object.customValidationError (C:\Users\TOMMY\Desktop\Project1\obed-service\api\utils\error\validationErrorFactory.ts:20:10)
    at C:\Users\TOMMY\Desktop\Project1\obed-service\api\controllers\auth\index.ts:33:10
    at processTicksAndRejections (internal/process/task_queues.js:97:5)
2021-09-25 14:57:29:5729 error: ApplicationError: roles must be one of the following values: ADMIN, TEACHER
    at Object.customValidationError (C:\Users\TOMMY\Desktop\Project1\obed-service\api\utils\error\validationErrorFactory.ts:20:10)
    at C:\Users\TOMMY\Desktop\Project1\obed-service\api\controllers\auth\index.ts:33:10
    at processTicksAndRejections (internal/process/task_queues.js:97:5)
2021-09-25 14:57:39:5739 error: ApplicationError: roles must be one of the following values: ADMIN, TEACHER
    at Object.customValidationError (C:\Users\TOMMY\Desktop\Project1\obed-service\api\utils\error\validationErrorFactory.ts:20:10)
    at C:\Users\TOMMY\Desktop\Project1\obed-service\api\controllers\auth\index.ts:33:10
    at processTicksAndRejections (internal/process/task_queues.js:97:5)
2021-09-25 14:57:40:5740 error: ApplicationError: roles must be one of the following values: ADMIN, TEACHER
    at Object.customValidationError (C:\Users\TOMMY\Desktop\Project1\obed-service\api\utils\error\validationErrorFactory.ts:20:10)
    at C:\Users\TOMMY\Desktop\Project1\obed-service\api\controllers\auth\index.ts:33:10
    at processTicksAndRejections (internal/process/task_queues.js:97:5)
2021-09-25 14:57:40:5740 error: ApplicationError: roles must be one of the following values: ADMIN, TEACHER
    at Object.customValidationError (C:\Users\TOMMY\Desktop\Project1\obed-service\api\utils\error\validationErrorFactory.ts:20:10)
    at C:\Users\TOMMY\Desktop\Project1\obed-service\api\controllers\auth\index.ts:33:10
    at processTicksAndRejections (internal/process/task_queues.js:97:5)
2021-09-25 14:58:19:5819 error: ApplicationError: roles must be a valid enum value
    at Object.customValidationError (C:\Users\TOMMY\Desktop\Project1\obed-service\api\utils\error\validationErrorFactory.ts:20:10)
    at C:\Users\TOMMY\Desktop\Project1\obed-service\api\controllers\auth\index.ts:33:10
    at processTicksAndRejections (internal/process/task_queues.js:97:5)
2021-09-25 21:57:23:5723 error: ApplicationError: roles must be a valid enum value
    at Object.customValidationError (C:\Users\TOMMY\Desktop\Project1\obed-service\api\utils\error\validationErrorFactory.ts:20:10)
    at C:\Users\TOMMY\Desktop\Project1\obed-service\api\controllers\auth\index.ts:33:10
    at processTicksAndRejections (internal/process/task_queues.js:97:5)
2021-09-25 22:32:26:3226 error: error: duplicate key value violates unique constraint "users_email_key"
    at Parser.parseErrorMessage (C:\Users\TOMMY\Desktop\Project1\obed-service\node_modules\pg-protocol\src\parser.ts:369:69)
    at Parser.handlePacket (C:\Users\TOMMY\Desktop\Project1\obed-service\node_modules\pg-protocol\src\parser.ts:188:21)
    at Parser.parse (C:\Users\TOMMY\Desktop\Project1\obed-service\node_modules\pg-protocol\src\parser.ts:103:30)
    at Socket.<anonymous> (C:\Users\TOMMY\Desktop\Project1\obed-service\node_modules\pg-protocol\src\index.ts:7:48)
    at Socket.emit (events.js:315:20)
    at addChunk (_stream_readable.js:295:12)
    at readableAddChunk (_stream_readable.js:271:9)
    at Socket.Readable.push (_stream_readable.js:212:10)
    at TCP.onStreamRead (internal/stream_base_commons.js:186:23)
2021-09-25 22:34:16:3416 error: ApplicationError: Something went wrong, Please try again later.
    at errorHandler (C:\Users\TOMMY\Desktop\Project1\obed-service\api\middleware\errorHandler.ts:16:20)
    at Layer.handle_error (C:\Users\TOMMY\Desktop\Project1\obed-service\node_modules\express\lib\router\layer.js:71:5)
    at trim_prefix (C:\Users\TOMMY\Desktop\Project1\obed-service\node_modules\express\lib\router\index.js:315:13)
    at C:\Users\TOMMY\Desktop\Project1\obed-service\node_modules\express\lib\router\index.js:284:7
    at Function.process_params (C:\Users\TOMMY\Desktop\Project1\obed-service\node_modules\express\lib\router\index.js:335:12)
    at next (C:\Users\TOMMY\Desktop\Project1\obed-service\node_modules\express\lib\router\index.js:275:10)
    at C:\Users\TOMMY\Desktop\Project1\obed-service\node_modules\express\lib\router\index.js:635:15
    at next (C:\Users\TOMMY\Desktop\Project1\obed-service\node_modules\express\lib\router\index.js:260:14)
    at C:\Users\TOMMY\Desktop\Project1\obed-service\node_modules\express\lib\router\index.js:635:15
    at next (C:\Users\TOMMY\Desktop\Project1\obed-service\node_modules\express\lib\router\index.js:260:14)
    at next (C:\Users\TOMMY\Desktop\Project1\obed-service\node_modules\express\lib\router\route.js:127:14)
    at C:\Users\TOMMY\Desktop\Project1\obed-service\api\controllers\auth\index.ts:40:10
    at Generator.throw (<anonymous>)
    at rejected (C:\Users\TOMMY\Desktop\Project1\obed-service\api\controllers\auth\index.ts:6:65)
    at processTicksAndRejections (internal/process/task_queues.js:97:5)
2021-09-25 23:21:53:2153 error: undefined
2021-09-26 03:17:10:1710 error: undefined
2021-09-26 03:26:40:2640 error: undefined
2021-09-26 03:26:50:2650 error: undefined
2021-09-26 03:27:05:275 error: undefined
2021-09-26 03:28:30:2830 error: undefined
2021-09-26 03:31:43:3143 error: undefined
2021-09-26 12:14:26:1426 error: undefined
2021-09-26 12:14:36:1436 error: undefined
2021-09-26 12:14:40:1440 error: undefined
2021-09-27 01:11:53:1153 error: undefined
2021-09-27 01:12:23:1223 error: undefined
2021-09-27 01:12:54:1254 error: undefined
2021-09-27 01:13:05:135 error: undefined
2021-09-27 01:54:31:5431 error: undefined
2021-09-27 23:20:22:2022 error: undefined
2021-09-27 23:20:44:2044 error: undefined
2021-09-27 23:21:00:210 error: undefined
2021-09-27 23:21:05:215 error: undefined
2021-09-27 23:21:13:2113 error: undefined
2021-09-27 23:21:33:2133 error: undefined
2021-09-27 23:21:34:2134 error: undefined
2021-09-27 23:21:35:2135 error: undefined
2021-09-27 23:21:42:2142 error: undefined
2021-09-27 23:21:45:2145 error: undefined
2021-09-27 23:21:49:2149 error: undefined
2021-09-27 23:22:30:2230 error: undefined
2021-09-27 23:22:58:2258 error: undefined
2021-09-27 23:23:18:2318 error: undefined
2021-09-27 23:23:20:2320 error: undefined
2021-09-27 23:25:29:2529 error: undefined
2021-09-27 23:26:04:264 error: undefined
2021-09-27 23:26:08:268 error: undefined
2021-09-27 23:26:20:2620 error: undefined
2021-09-27 23:29:36:2936 error: undefined
2021-09-27 23:29:39:2939 error: undefined
2021-09-27 23:29:50:2950 error: undefined
2021-09-27 23:29:53:2953 error: undefined
2021-09-27 23:31:15:3115 error: undefined
2021-09-27 23:31:38:3138 error: undefined
2021-09-27 23:31:41:3141 error: undefined
2021-09-27 23:31:41:3141 error: undefined
2021-09-27 23:31:42:3142 error: undefined
2021-09-27 23:31:46:3146 error: undefined
2021-09-27 23:32:43:3243 error: undefined
2021-09-27 23:32:45:3245 error: undefined
2021-09-27 23:32:51:3251 error: undefined
2021-09-27 23:33:00:330 error: undefined
2021-09-27 23:33:01:331 error: undefined
2021-09-27 23:33:02:332 error: undefined
2021-09-27 23:33:07:337 error: undefined
2021-09-28 00:00:27:027 error: undefined
2021-09-28 00:00:38:038 error: undefined
2021-09-28 00:01:38:138 error: undefined
2021-09-28 00:01:46:146 error: undefined
2021-09-28 00:01:48:148 error: undefined
2021-09-28 00:01:49:149 error: undefined
2021-09-28 00:01:50:150 error: undefined
2021-09-28 00:01:50:150 error: undefined
2021-09-28 00:02:22:222 error: [object Object]
2021-09-28 00:02:42:242 error: ApplicationError: The given email address is already taken
    at C:\Users\TOMMY\Desktop\Project1\obed-service\api\controllers\auth\index.ts:32:18
    at Generator.throw (<anonymous>)
    at rejected (C:\Users\TOMMY\Desktop\Project1\obed-service\api\controllers\auth\index.ts:6:65)
    at processTicksAndRejections (internal/process/task_queues.js:97:5)
2021-09-28 02:14:15:1415 error: ApplicationError: username should not be empty
    at Object.CustomValidationError (C:\Users\TOMMY\Desktop\Project1\obed-service\api\utils\error\validationErrorFactory.ts:20:10)
    at C:\Users\TOMMY\Desktop\Project1\obed-service\api\middleware\validationHandler.ts:24:9
    at Layer.handle [as handle_request] (C:\Users\TOMMY\Desktop\Project1\obed-service\node_modules\express\lib\router\layer.js:95:5)
    at next (C:\Users\TOMMY\Desktop\Project1\obed-service\node_modules\express\lib\router\route.js:137:13)
    at Route.dispatch (C:\Users\TOMMY\Desktop\Project1\obed-service\node_modules\express\lib\router\route.js:112:3)
    at Layer.handle [as handle_request] (C:\Users\TOMMY\Desktop\Project1\obed-service\node_modules\express\lib\router\layer.js:95:5)
    at C:\Users\TOMMY\Desktop\Project1\obed-service\node_modules\express\lib\router\index.js:281:22
    at Function.process_params (C:\Users\TOMMY\Desktop\Project1\obed-service\node_modules\express\lib\router\index.js:335:12)
    at next (C:\Users\TOMMY\Desktop\Project1\obed-service\node_modules\express\lib\router\index.js:275:10)
    at Function.handle (C:\Users\TOMMY\Desktop\Project1\obed-service\node_modules\express\lib\router\index.js:174:3)
    at router (C:\Users\TOMMY\Desktop\Project1\obed-service\node_modules\express\lib\router\index.js:47:12)
    at Layer.handle [as handle_request] (C:\Users\TOMMY\Desktop\Project1\obed-service\node_modules\express\lib\router\layer.js:95:5)
    at trim_prefix (C:\Users\TOMMY\Desktop\Project1\obed-service\node_modules\express\lib\router\index.js:317:13)
    at C:\Users\TOMMY\Desktop\Project1\obed-service\node_modules\express\lib\router\index.js:284:7
    at Function.process_params (C:\Users\TOMMY\Desktop\Project1\obed-service\node_modules\express\lib\router\index.js:335:12)
    at next (C:\Users\TOMMY\Desktop\Project1\obed-service\node_modules\express\lib\router\index.js:275:10)
2021-09-28 02:14:24:1424 error: ApplicationError: username must be a string
    at Object.CustomValidationError (C:\Users\TOMMY\Desktop\Project1\obed-service\api\utils\error\validationErrorFactory.ts:20:10)
    at C:\Users\TOMMY\Desktop\Project1\obed-service\api\middleware\validationHandler.ts:24:9
    at Layer.handle [as handle_request] (C:\Users\TOMMY\Desktop\Project1\obed-service\node_modules\express\lib\router\layer.js:95:5)
    at next (C:\Users\TOMMY\Desktop\Project1\obed-service\node_modules\express\lib\router\route.js:137:13)
    at Route.dispatch (C:\Users\TOMMY\Desktop\Project1\obed-service\node_modules\express\lib\router\route.js:112:3)
    at Layer.handle [as handle_request] (C:\Users\TOMMY\Desktop\Project1\obed-service\node_modules\express\lib\router\layer.js:95:5)
    at C:\Users\TOMMY\Desktop\Project1\obed-service\node_modules\express\lib\router\index.js:281:22
    at Function.process_params (C:\Users\TOMMY\Desktop\Project1\obed-service\node_modules\express\lib\router\index.js:335:12)
    at next (C:\Users\TOMMY\Desktop\Project1\obed-service\node_modules\express\lib\router\index.js:275:10)
    at Function.handle (C:\Users\TOMMY\Desktop\Project1\obed-service\node_modules\express\lib\router\index.js:174:3)
    at router (C:\Users\TOMMY\Desktop\Project1\obed-service\node_modules\express\lib\router\index.js:47:12)
    at Layer.handle [as handle_request] (C:\Users\TOMMY\Desktop\Project1\obed-service\node_modules\express\lib\router\layer.js:95:5)
    at trim_prefix (C:\Users\TOMMY\Desktop\Project1\obed-service\node_modules\express\lib\router\index.js:317:13)
    at C:\Users\TOMMY\Desktop\Project1\obed-service\node_modules\express\lib\router\index.js:284:7
    at Function.process_params (C:\Users\TOMMY\Desktop\Project1\obed-service\node_modules\express\lib\router\index.js:335:12)
    at next (C:\Users\TOMMY\Desktop\Project1\obed-service\node_modules\express\lib\router\index.js:275:10)
2021-09-28 02:23:55:2355 error: ApplicationError: oldPassword should not be empty
    at Object.CustomValidationError (C:\Users\TOMMY\Desktop\Project1\obed-service\api\utils\error\validationErrorFactory.ts:20:10)
    at C:\Users\TOMMY\Desktop\Project1\obed-service\api\middleware\validationHandler.ts:24:9
    at Layer.handle [as handle_request] (C:\Users\TOMMY\Desktop\Project1\obed-service\node_modules\express\lib\router\layer.js:95:5)
    at next (C:\Users\TOMMY\Desktop\Project1\obed-service\node_modules\express\lib\router\route.js:137:13)
    at C:\Users\TOMMY\Desktop\Project1\obed-service\api\middleware\auth.ts:47:3
    at Generator.next (<anonymous>)
    at fulfilled (C:\Users\TOMMY\Desktop\Project1\obed-service\api\middleware\auth.ts:5:58)
    at processTicksAndRejections (internal/process/task_queues.js:97:5)
2021-09-28 02:24:00:240 error: ApplicationError: oldPassword must be a string
    at Object.CustomValidationError (C:\Users\TOMMY\Desktop\Project1\obed-service\api\utils\error\validationErrorFactory.ts:20:10)
    at C:\Users\TOMMY\Desktop\Project1\obed-service\api\middleware\validationHandler.ts:24:9
    at Layer.handle [as handle_request] (C:\Users\TOMMY\Desktop\Project1\obed-service\node_modules\express\lib\router\layer.js:95:5)
    at next (C:\Users\TOMMY\Desktop\Project1\obed-service\node_modules\express\lib\router\route.js:137:13)
    at C:\Users\TOMMY\Desktop\Project1\obed-service\api\middleware\auth.ts:47:3
    at Generator.next (<anonymous>)
    at fulfilled (C:\Users\TOMMY\Desktop\Project1\obed-service\api\middleware\auth.ts:5:58)
    at processTicksAndRejections (internal/process/task_queues.js:97:5)
2021-09-28 14:53:25:5325 error: ApplicationError: No Permission
    at C:\Users\TOMMY\Desktop\Project1\obed-service\api\middleware\auth.ts:51:15
    at Generator.next (<anonymous>)
    at fulfilled (C:\Users\TOMMY\Desktop\Project1\obed-service\api\middleware\auth.ts:5:58)
    at processTicksAndRejections (internal/process/task_queues.js:97:5)
2021-09-28 14:54:51:5451 error: ApplicationError: No Permission
    at C:\Users\TOMMY\Desktop\Project1\obed-service\api\middleware\auth.ts:49:15
    at Generator.next (<anonymous>)
    at fulfilled (C:\Users\TOMMY\Desktop\Project1\obed-service\api\middleware\auth.ts:5:58)
    at processTicksAndRejections (internal/process/task_queues.js:97:5)
2021-09-28 14:54:53:5453 error: ApplicationError: No Permission
    at C:\Users\TOMMY\Desktop\Project1\obed-service\api\middleware\auth.ts:49:15
    at Generator.next (<anonymous>)
    at fulfilled (C:\Users\TOMMY\Desktop\Project1\obed-service\api\middleware\auth.ts:5:58)
    at processTicksAndRejections (internal/process/task_queues.js:97:5)
2021-09-28 15:02:31:231 error: ApplicationError: Password should not be the same
    at C:\Users\TOMMY\Desktop\Project1\obed-service\api\controllers\auth.ts:167:15
    at Generator.next (<anonymous>)
    at C:\Users\TOMMY\Desktop\Project1\obed-service\api\controllers\auth.ts:8:71
    at new Promise (<anonymous>)
    at __awaiter (C:\Users\TOMMY\Desktop\Project1\obed-service\api\controllers\auth.ts:4:12)
    at updatePassword (C:\Users\TOMMY\Desktop\Project1\obed-service\api\controllers\auth.ts:162:24)
    at Layer.handle [as handle_request] (C:\Users\TOMMY\Desktop\Project1\obed-service\node_modules\express\lib\router\layer.js:95:5)
    at next (C:\Users\TOMMY\Desktop\Project1\obed-service\node_modules\express\lib\router\route.js:137:13)
    at C:\Users\TOMMY\Desktop\Project1\obed-service\api\middleware\validationHandler.ts:29:4
    at Layer.handle [as handle_request] (C:\Users\TOMMY\Desktop\Project1\obed-service\node_modules\express\lib\router\layer.js:95:5)
    at next (C:\Users\TOMMY\Desktop\Project1\obed-service\node_modules\express\lib\router\route.js:137:13)
    at C:\Users\TOMMY\Desktop\Project1\obed-service\api\middleware\auth.ts:51:2
    at Generator.next (<anonymous>)
    at fulfilled (C:\Users\TOMMY\Desktop\Project1\obed-service\api\middleware\auth.ts:5:58)
    at processTicksAndRejections (internal/process/task_queues.js:97:5)
2021-09-28 16:13:50:1350 error: ApplicationError: User not found
    at C:\Users\TOMMY\Desktop\Project1\obed-service\api\middleware\auth.ts:43:15
    at Generator.next (<anonymous>)
    at fulfilled (C:\Users\TOMMY\Desktop\Project1\obed-service\api\middleware\auth.ts:5:58)
    at processTicksAndRejections (internal/process/task_queues.js:97:5)
2021-09-28 16:13:56:1356 error: ApplicationError: User not found
    at C:\Users\TOMMY\Desktop\Project1\obed-service\api\middleware\auth.ts:43:15
    at Generator.next (<anonymous>)
    at fulfilled (C:\Users\TOMMY\Desktop\Project1\obed-service\api\middleware\auth.ts:5:58)
    at processTicksAndRejections (internal/process/task_queues.js:97:5)
2021-09-28 16:14:08:148 error: ApplicationError: User not found
    at C:\Users\TOMMY\Desktop\Project1\obed-service\api\middleware\auth.ts:43:15
    at Generator.next (<anonymous>)
    at fulfilled (C:\Users\TOMMY\Desktop\Project1\obed-service\api\middleware\auth.ts:5:58)
    at processTicksAndRejections (internal/process/task_queues.js:97:5)
2021-09-28 16:15:01:151 error: ApplicationError: Forbidden
    at C:\Users\TOMMY\Desktop\Project1\obed-service\api\controllers\auth.ts:140:15
    at Generator.next (<anonymous>)
    at fulfilled (C:\Users\TOMMY\Desktop\Project1\obed-service\api\controllers\auth.ts:5:58)
    at processTicksAndRejections (internal/process/task_queues.js:97:5)
2021-09-28 16:15:27:1527 error: ApplicationError: Forbidden
    at C:\Users\TOMMY\Desktop\Project1\obed-service\api\controllers\auth.ts:140:15
    at Generator.next (<anonymous>)
    at fulfilled (C:\Users\TOMMY\Desktop\Project1\obed-service\api\controllers\auth.ts:5:58)
    at processTicksAndRejections (internal/process/task_queues.js:97:5)
2021-09-28 16:16:35:1635 error: ApplicationError: Forbidden
    at C:\Users\TOMMY\Desktop\Project1\obed-service\api\controllers\auth.ts:140:15
    at Generator.next (<anonymous>)
    at fulfilled (C:\Users\TOMMY\Desktop\Project1\obed-service\api\controllers\auth.ts:5:58)
    at processTicksAndRejections (internal/process/task_queues.js:97:5)
2021-09-28 16:16:44:1644 error: ApplicationError: Forbidden
    at C:\Users\TOMMY\Desktop\Project1\obed-service\api\controllers\auth.ts:140:15
    at Generator.next (<anonymous>)
    at fulfilled (C:\Users\TOMMY\Desktop\Project1\obed-service\api\controllers\auth.ts:5:58)
    at processTicksAndRejections (internal/process/task_queues.js:97:5)
2021-09-28 16:16:45:1645 error: ApplicationError: Forbidden
    at C:\Users\TOMMY\Desktop\Project1\obed-service\api\controllers\auth.ts:140:15
    at Generator.next (<anonymous>)
    at fulfilled (C:\Users\TOMMY\Desktop\Project1\obed-service\api\controllers\auth.ts:5:58)
    at processTicksAndRejections (internal/process/task_queues.js:97:5)
2021-09-28 16:17:16:1716 error: ApplicationError: Forbidden
    at C:\Users\TOMMY\Desktop\Project1\obed-service\api\controllers\auth.ts:142:15
    at Generator.next (<anonymous>)
    at fulfilled (C:\Users\TOMMY\Desktop\Project1\obed-service\api\controllers\auth.ts:5:58)
    at processTicksAndRejections (internal/process/task_queues.js:97:5)
2021-09-28 16:17:38:1738 error: ApplicationError: Forbidden
    at C:\Users\TOMMY\Desktop\Project1\obed-service\api\controllers\auth.ts:142:15
    at Generator.next (<anonymous>)
    at fulfilled (C:\Users\TOMMY\Desktop\Project1\obed-service\api\controllers\auth.ts:5:58)
    at processTicksAndRejections (internal/process/task_queues.js:97:5)
2021-09-28 16:17:51:1751 error: ApplicationError: Unauthorized
    at C:\Users\TOMMY\Desktop\Project1\obed-service\api\controllers\auth.ts:69:15
    at Generator.next (<anonymous>)
    at fulfilled (C:\Users\TOMMY\Desktop\Project1\obed-service\api\controllers\auth.ts:5:58)
    at processTicksAndRejections (internal/process/task_queues.js:97:5)
2021-09-28 16:17:54:1754 error: ApplicationError: Unauthorized
    at C:\Users\TOMMY\Desktop\Project1\obed-service\api\controllers\auth.ts:69:15
    at Generator.next (<anonymous>)
    at fulfilled (C:\Users\TOMMY\Desktop\Project1\obed-service\api\controllers\auth.ts:5:58)
    at processTicksAndRejections (internal/process/task_queues.js:97:5)
2021-09-28 16:17:55:1755 error: ApplicationError: Unauthorized
    at C:\Users\TOMMY\Desktop\Project1\obed-service\api\controllers\auth.ts:69:15
    at Generator.next (<anonymous>)
    at fulfilled (C:\Users\TOMMY\Desktop\Project1\obed-service\api\controllers\auth.ts:5:58)
    at processTicksAndRejections (internal/process/task_queues.js:97:5)
2021-09-28 16:20:54:2054 error: ApplicationError: Forbidden
    at C:\Users\TOMMY\Desktop\Project1\obed-service\api\controllers\auth.ts:140:15
    at Generator.next (<anonymous>)
    at fulfilled (C:\Users\TOMMY\Desktop\Project1\obed-service\api\controllers\auth.ts:5:58)
    at processTicksAndRejections (internal/process/task_queues.js:97:5)
2021-09-28 16:24:28:2428 error: ApplicationError: User not found
    at C:\Users\TOMMY\Desktop\Project1\obed-service\api\controllers\auth.ts:143:15
    at Generator.next (<anonymous>)
    at fulfilled (C:\Users\TOMMY\Desktop\Project1\obed-service\api\controllers\auth.ts:5:58)
    at processTicksAndRejections (internal/process/task_queues.js:97:5)
2021-09-28 16:24:36:2436 error: ApplicationError: User not found
    at C:\Users\TOMMY\Desktop\Project1\obed-service\api\controllers\auth.ts:143:15
    at Generator.next (<anonymous>)
    at fulfilled (C:\Users\TOMMY\Desktop\Project1\obed-service\api\controllers\auth.ts:5:58)
    at processTicksAndRejections (internal/process/task_queues.js:97:5)
2021-09-28 16:25:33:2533 error: ApplicationError: The given email address is already taken
    at C:\Users\TOMMY\Desktop\Project1\obed-service\api\controllers\auth.ts:35:18
    at Generator.throw (<anonymous>)
    at rejected (C:\Users\TOMMY\Desktop\Project1\obed-service\api\controllers\auth.ts:6:65)
    at processTicksAndRejections (internal/process/task_queues.js:97:5)
2021-09-28 16:31:48:3148 error: ApplicationError: The given email address is already taken
    at C:\Users\TOMMY\Desktop\Project1\obed-service\api\controllers\auth.ts:35:18
    at Generator.throw (<anonymous>)
    at rejected (C:\Users\TOMMY\Desktop\Project1\obed-service\api\controllers\auth.ts:6:65)
    at processTicksAndRejections (internal/process/task_queues.js:97:5)
2021-09-28 17:10:02:102 error: error: syntax error at or near "WHERE"
    at Parser.parseErrorMessage (C:\Users\TOMMY\Desktop\Project1\obed-service\node_modules\pg-protocol\src\parser.ts:369:69)
    at Parser.handlePacket (C:\Users\TOMMY\Desktop\Project1\obed-service\node_modules\pg-protocol\src\parser.ts:188:21)
    at Parser.parse (C:\Users\TOMMY\Desktop\Project1\obed-service\node_modules\pg-protocol\src\parser.ts:103:30)
    at Socket.<anonymous> (C:\Users\TOMMY\Desktop\Project1\obed-service\node_modules\pg-protocol\src\index.ts:7:48)
    at Socket.emit (events.js:315:20)
    at addChunk (_stream_readable.js:295:12)
    at readableAddChunk (_stream_readable.js:271:9)
    at Socket.Readable.push (_stream_readable.js:212:10)
    at TCP.onStreamRead (internal/stream_base_commons.js:186:23)
2021-09-28 17:10:26:1026 error: ApplicationError: email should not be empty
    at Object.CustomValidationError (C:\Users\TOMMY\Desktop\Project1\obed-service\api\utils\validationErrorFactory.ts:20:10)
    at C:\Users\TOMMY\Desktop\Project1\obed-service\api\middleware\validationHandler.ts:26:9
    at Layer.handle [as handle_request] (C:\Users\TOMMY\Desktop\Project1\obed-service\node_modules\express\lib\router\layer.js:95:5)
    at next (C:\Users\TOMMY\Desktop\Project1\obed-service\node_modules\express\lib\router\route.js:137:13)
    at Route.dispatch (C:\Users\TOMMY\Desktop\Project1\obed-service\node_modules\express\lib\router\route.js:112:3)
    at Layer.handle [as handle_request] (C:\Users\TOMMY\Desktop\Project1\obed-service\node_modules\express\lib\router\layer.js:95:5)
    at C:\Users\TOMMY\Desktop\Project1\obed-service\node_modules\express\lib\router\index.js:281:22
    at Function.process_params (C:\Users\TOMMY\Desktop\Project1\obed-service\node_modules\express\lib\router\index.js:335:12)
    at next (C:\Users\TOMMY\Desktop\Project1\obed-service\node_modules\express\lib\router\index.js:275:10)
    at Function.handle (C:\Users\TOMMY\Desktop\Project1\obed-service\node_modules\express\lib\router\index.js:174:3)
    at router (C:\Users\TOMMY\Desktop\Project1\obed-service\node_modules\express\lib\router\index.js:47:12)
    at Layer.handle [as handle_request] (C:\Users\TOMMY\Desktop\Project1\obed-service\node_modules\express\lib\router\layer.js:95:5)
    at trim_prefix (C:\Users\TOMMY\Desktop\Project1\obed-service\node_modules\express\lib\router\index.js:317:13)
    at C:\Users\TOMMY\Desktop\Project1\obed-service\node_modules\express\lib\router\index.js:284:7
    at Function.process_params (C:\Users\TOMMY\Desktop\Project1\obed-service\node_modules\express\lib\router\index.js:335:12)
    at next (C:\Users\TOMMY\Desktop\Project1\obed-service\node_modules\express\lib\router\index.js:275:10)
2021-09-28 17:10:29:1029 error: ApplicationError: The given username is already taken
    at C:\Users\TOMMY\Desktop\Project1\obed-service\api\controllers\auth.ts:38:18
    at Generator.throw (<anonymous>)
    at rejected (C:\Users\TOMMY\Desktop\Project1\obed-service\api\controllers\auth.ts:6:65)
    at processTicksAndRejections (internal/process/task_queues.js:97:5)
2021-09-28 17:10:33:1033 error: ApplicationError: The given username is already taken
    at C:\Users\TOMMY\Desktop\Project1\obed-service\api\controllers\auth.ts:38:18
    at Generator.throw (<anonymous>)
    at rejected (C:\Users\TOMMY\Desktop\Project1\obed-service\api\controllers\auth.ts:6:65)
    at processTicksAndRejections (internal/process/task_queues.js:97:5)
2021-09-28 17:10:33:1033 error: ApplicationError: The given username is already taken
    at C:\Users\TOMMY\Desktop\Project1\obed-service\api\controllers\auth.ts:38:18
    at Generator.throw (<anonymous>)
    at rejected (C:\Users\TOMMY\Desktop\Project1\obed-service\api\controllers\auth.ts:6:65)
    at processTicksAndRejections (internal/process/task_queues.js:97:5)
2021-09-28 17:10:34:1034 error: ApplicationError: The given username is already taken
    at C:\Users\TOMMY\Desktop\Project1\obed-service\api\controllers\auth.ts:38:18
    at Generator.throw (<anonymous>)
    at rejected (C:\Users\TOMMY\Desktop\Project1\obed-service\api\controllers\auth.ts:6:65)
    at processTicksAndRejections (internal/process/task_queues.js:97:5)
2021-09-28 17:10:34:1034 error: ApplicationError: The given username is already taken
    at C:\Users\TOMMY\Desktop\Project1\obed-service\api\controllers\auth.ts:38:18
    at Generator.throw (<anonymous>)
    at rejected (C:\Users\TOMMY\Desktop\Project1\obed-service\api\controllers\auth.ts:6:65)
    at processTicksAndRejections (internal/process/task_queues.js:97:5)
2021-09-28 17:10:35:1035 error: ApplicationError: The given username is already taken
    at C:\Users\TOMMY\Desktop\Project1\obed-service\api\controllers\auth.ts:38:18
    at Generator.throw (<anonymous>)
    at rejected (C:\Users\TOMMY\Desktop\Project1\obed-service\api\controllers\auth.ts:6:65)
    at processTicksAndRejections (internal/process/task_queues.js:97:5)
2021-09-28 17:10:35:1035 error: ApplicationError: The given username is already taken
    at C:\Users\TOMMY\Desktop\Project1\obed-service\api\controllers\auth.ts:38:18
    at Generator.throw (<anonymous>)
    at rejected (C:\Users\TOMMY\Desktop\Project1\obed-service\api\controllers\auth.ts:6:65)
    at processTicksAndRejections (internal/process/task_queues.js:97:5)
2021-09-28 22:02:37:237 error: TypeError: Cannot read property 'includes' of undefined
    at C:\Users\TOMMY\Desktop\Project1\obed-service\api\controllers\auth.ts:93:24
    at Generator.next (<anonymous>)
    at fulfilled (C:\Users\TOMMY\Desktop\Project1\obed-service\api\controllers\auth.ts:5:58)
    at processTicksAndRejections (internal/process/task_queues.js:97:5)
2021-09-28 22:03:28:328 error: TypeError: Cannot read property 'includes' of undefined
    at C:\Users\TOMMY\Desktop\Project1\obed-service\api\controllers\auth.ts:93:24
    at Generator.next (<anonymous>)
    at fulfilled (C:\Users\TOMMY\Desktop\Project1\obed-service\api\controllers\auth.ts:5:58)
    at processTicksAndRejections (internal/process/task_queues.js:97:5)
2021-09-28 22:03:44:344 error: TypeError: Cannot read property 'includes' of undefined
    at C:\Users\TOMMY\Desktop\Project1\obed-service\api\controllers\auth.ts:95:24
    at Generator.next (<anonymous>)
    at fulfilled (C:\Users\TOMMY\Desktop\Project1\obed-service\api\controllers\auth.ts:5:58)
    at processTicksAndRejections (internal/process/task_queues.js:97:5)
2021-09-28 22:04:10:410 error: ApplicationError: Unauthorized
    at C:\Users\TOMMY\Desktop\Project1\obed-service\api\controllers\auth.ts:95:15
    at Generator.next (<anonymous>)
    at fulfilled (C:\Users\TOMMY\Desktop\Project1\obed-service\api\controllers\auth.ts:5:58)
    at processTicksAndRejections (internal/process/task_queues.js:97:5)
2021-09-28 22:04:12:412 error: ApplicationError: Unauthorized
    at C:\Users\TOMMY\Desktop\Project1\obed-service\api\controllers\auth.ts:95:15
    at Generator.next (<anonymous>)
    at fulfilled (C:\Users\TOMMY\Desktop\Project1\obed-service\api\controllers\auth.ts:5:58)
    at processTicksAndRejections (internal/process/task_queues.js:97:5)
2021-09-28 22:04:12:412 error: ApplicationError: Unauthorized
    at C:\Users\TOMMY\Desktop\Project1\obed-service\api\controllers\auth.ts:95:15
    at Generator.next (<anonymous>)
    at fulfilled (C:\Users\TOMMY\Desktop\Project1\obed-service\api\controllers\auth.ts:5:58)
    at processTicksAndRejections (internal/process/task_queues.js:97:5)
2021-09-28 22:04:41:441 error: ApplicationError: Unauthorized
    at C:\Users\TOMMY\Desktop\Project1\obed-service\api\controllers\auth.ts:97:15
    at Generator.next (<anonymous>)
    at fulfilled (C:\Users\TOMMY\Desktop\Project1\obed-service\api\controllers\auth.ts:5:58)
    at processTicksAndRejections (internal/process/task_queues.js:97:5)
2021-09-28 22:04:43:443 error: ApplicationError: Unauthorized
    at C:\Users\TOMMY\Desktop\Project1\obed-service\api\controllers\auth.ts:97:15
    at Generator.next (<anonymous>)
    at fulfilled (C:\Users\TOMMY\Desktop\Project1\obed-service\api\controllers\auth.ts:5:58)
    at processTicksAndRejections (internal/process/task_queues.js:97:5)
2021-09-29 00:39:02:392 error: ApplicationError: Unauthorized Access Token was expired
    at verifyToken (C:\Users\TOMMY\Desktop\Project1\obed-service\api\middleware\authorizationHandler.ts:27:16)
    at Layer.handle [as handle_request] (C:\Users\TOMMY\Desktop\Project1\obed-service\node_modules\express\lib\router\layer.js:95:5)
    at next (C:\Users\TOMMY\Desktop\Project1\obed-service\node_modules\express\lib\router\route.js:137:13)
    at Route.dispatch (C:\Users\TOMMY\Desktop\Project1\obed-service\node_modules\express\lib\router\route.js:112:3)
    at Layer.handle [as handle_request] (C:\Users\TOMMY\Desktop\Project1\obed-service\node_modules\express\lib\router\layer.js:95:5)
    at C:\Users\TOMMY\Desktop\Project1\obed-service\node_modules\express\lib\router\index.js:281:22
    at Function.process_params (C:\Users\TOMMY\Desktop\Project1\obed-service\node_modules\express\lib\router\index.js:335:12)
    at next (C:\Users\TOMMY\Desktop\Project1\obed-service\node_modules\express\lib\router\index.js:275:10)
    at Function.handle (C:\Users\TOMMY\Desktop\Project1\obed-service\node_modules\express\lib\router\index.js:174:3)
    at router (C:\Users\TOMMY\Desktop\Project1\obed-service\node_modules\express\lib\router\index.js:47:12)
    at Layer.handle [as handle_request] (C:\Users\TOMMY\Desktop\Project1\obed-service\node_modules\express\lib\router\layer.js:95:5)
    at trim_prefix (C:\Users\TOMMY\Desktop\Project1\obed-service\node_modules\express\lib\router\index.js:317:13)
    at C:\Users\TOMMY\Desktop\Project1\obed-service\node_modules\express\lib\router\index.js:284:7
    at Function.process_params (C:\Users\TOMMY\Desktop\Project1\obed-service\node_modules\express\lib\router\index.js:335:12)
    at next (C:\Users\TOMMY\Desktop\Project1\obed-service\node_modules\express\lib\router\index.js:275:10)
    at Function.handle (C:\Users\TOMMY\Desktop\Project1\obed-service\node_modules\express\lib\router\index.js:174:3)
2021-09-29 00:39:05:395 error: ApplicationError: Unauthorized
    at C:\Users\TOMMY\Desktop\Project1\obed-service\api\controllers\auth.ts:60:15
    at Generator.next (<anonymous>)
    at fulfilled (C:\Users\TOMMY\Desktop\Project1\obed-service\api\controllers\auth.ts:5:58)
    at processTicksAndRejections (internal/process/task_queues.js:97:5)
2021-09-29 00:39:11:3911 error: error: relation "curriculums" does not exist
    at Parser.parseErrorMessage (C:\Users\TOMMY\Desktop\Project1\obed-service\node_modules\pg-protocol\src\parser.ts:369:69)
    at Parser.handlePacket (C:\Users\TOMMY\Desktop\Project1\obed-service\node_modules\pg-protocol\src\parser.ts:188:21)
    at Parser.parse (C:\Users\TOMMY\Desktop\Project1\obed-service\node_modules\pg-protocol\src\parser.ts:103:30)
    at Socket.<anonymous> (C:\Users\TOMMY\Desktop\Project1\obed-service\node_modules\pg-protocol\src\index.ts:7:48)
    at Socket.emit (events.js:315:20)
    at addChunk (_stream_readable.js:295:12)
    at readableAddChunk (_stream_readable.js:271:9)
    at Socket.Readable.push (_stream_readable.js:212:10)
    at TCP.onStreamRead (internal/stream_base_commons.js:186:23)
2021-09-29 00:39:48:3948 error: error: relation "users" does not exist
    at Parser.parseErrorMessage (C:\Users\TOMMY\Desktop\Project1\obed-service\node_modules\pg-protocol\src\parser.ts:369:69)
    at Parser.handlePacket (C:\Users\TOMMY\Desktop\Project1\obed-service\node_modules\pg-protocol\src\parser.ts:188:21)
    at Parser.parse (C:\Users\TOMMY\Desktop\Project1\obed-service\node_modules\pg-protocol\src\parser.ts:103:30)
    at Socket.<anonymous> (C:\Users\TOMMY\Desktop\Project1\obed-service\node_modules\pg-protocol\src\index.ts:7:48)
    at Socket.emit (events.js:315:20)
    at addChunk (_stream_readable.js:295:12)
    at readableAddChunk (_stream_readable.js:271:9)
    at Socket.Readable.push (_stream_readable.js:212:10)
    at TCP.onStreamRead (internal/stream_base_commons.js:186:23)
2021-09-29 00:46:37:4637 error: ApplicationError: Unauthorized
    at C:\Users\TOMMY\Desktop\Project1\obed-service\api\controllers\auth.ts:95:15
    at Generator.next (<anonymous>)
    at fulfilled (C:\Users\TOMMY\Desktop\Project1\obed-service\api\controllers\auth.ts:5:58)
    at processTicksAndRejections (internal/process/task_queues.js:97:5)
2021-09-29 00:48:08:488 error: error: null value in column "title" of relation "curriculums" violates not-null constraint
    at Parser.parseErrorMessage (C:\Users\TOMMY\Desktop\Project1\obed-service\node_modules\pg-protocol\src\parser.ts:369:69)
    at Parser.handlePacket (C:\Users\TOMMY\Desktop\Project1\obed-service\node_modules\pg-protocol\src\parser.ts:188:21)
    at Parser.parse (C:\Users\TOMMY\Desktop\Project1\obed-service\node_modules\pg-protocol\src\parser.ts:103:30)
    at Socket.<anonymous> (C:\Users\TOMMY\Desktop\Project1\obed-service\node_modules\pg-protocol\src\index.ts:7:48)
    at Socket.emit (events.js:315:20)
    at addChunk (_stream_readable.js:295:12)
    at readableAddChunk (_stream_readable.js:271:9)
    at Socket.Readable.push (_stream_readable.js:212:10)
    at TCP.onStreamRead (internal/stream_base_commons.js:186:23)
2021-09-29 00:56:45:5645 error: ApplicationError: title should not be empty
    at Object.CustomValidationError (C:\Users\TOMMY\Desktop\Project1\obed-service\api\utils\validationErrorFactory.ts:20:10)
    at C:\Users\TOMMY\Desktop\Project1\obed-service\api\middleware\validationHandler.ts:26:9
    at Layer.handle [as handle_request] (C:\Users\TOMMY\Desktop\Project1\obed-service\node_modules\express\lib\router\layer.js:95:5)
    at next (C:\Users\TOMMY\Desktop\Project1\obed-service\node_modules\express\lib\router\route.js:137:13)
    at C:\Users\TOMMY\Desktop\Project1\obed-service\api\middleware\authorizationHandler.ts:51:2
    at Generator.next (<anonymous>)
    at fulfilled (C:\Users\TOMMY\Desktop\Project1\obed-service\api\middleware\authorizationHandler.ts:5:58)
    at processTicksAndRejections (internal/process/task_queues.js:97:5)
2021-09-29 01:31:28:3128 error: TypeError: Class constructor CreateCurriculumRequestDTO cannot be invoked without 'new'
    at Layer.handle [as handle_request] (C:\Users\TOMMY\Desktop\Project1\obed-service\node_modules\express\lib\router\layer.js:95:5)
    at next (C:\Users\TOMMY\Desktop\Project1\obed-service\node_modules\express\lib\router\route.js:137:13)
    at C:\Users\TOMMY\Desktop\Project1\obed-service\api\middleware\authorizationHandler.ts:51:2
    at Generator.next (<anonymous>)
    at fulfilled (C:\Users\TOMMY\Desktop\Project1\obed-service\api\middleware\authorizationHandler.ts:5:58)
    at processTicksAndRejections (internal/process/task_queues.js:97:5)
2021-09-29 01:33:21:3321 error: error: invalid input syntax for type integer: "{{curriculumId}}"
    at Parser.parseErrorMessage (C:\Users\TOMMY\Desktop\Project1\obed-service\node_modules\pg-protocol\src\parser.ts:369:69)
    at Parser.handlePacket (C:\Users\TOMMY\Desktop\Project1\obed-service\node_modules\pg-protocol\src\parser.ts:188:21)
    at Parser.parse (C:\Users\TOMMY\Desktop\Project1\obed-service\node_modules\pg-protocol\src\parser.ts:103:30)
    at Socket.<anonymous> (C:\Users\TOMMY\Desktop\Project1\obed-service\node_modules\pg-protocol\src\index.ts:7:48)
    at Socket.emit (events.js:315:20)
    at addChunk (_stream_readable.js:295:12)
    at readableAddChunk (_stream_readable.js:271:9)
    at Socket.Readable.push (_stream_readable.js:212:10)
    at TCP.onStreamRead (internal/stream_base_commons.js:186:23)
2021-09-29 01:34:10:3410 error: error: invalid input syntax for type integer: "{{curriculumId}}"
    at Parser.parseErrorMessage (C:\Users\TOMMY\Desktop\Project1\obed-service\node_modules\pg-protocol\src\parser.ts:369:69)
    at Parser.handlePacket (C:\Users\TOMMY\Desktop\Project1\obed-service\node_modules\pg-protocol\src\parser.ts:188:21)
    at Parser.parse (C:\Users\TOMMY\Desktop\Project1\obed-service\node_modules\pg-protocol\src\parser.ts:103:30)
    at Socket.<anonymous> (C:\Users\TOMMY\Desktop\Project1\obed-service\node_modules\pg-protocol\src\index.ts:7:48)
    at Socket.emit (events.js:315:20)
    at addChunk (_stream_readable.js:295:12)
    at readableAddChunk (_stream_readable.js:271:9)
    at Socket.Readable.push (_stream_readable.js:212:10)
    at TCP.onStreamRead (internal/stream_base_commons.js:186:23)
2021-09-29 01:35:10:3510 error: error: syntax error at or near "WHERE"
    at Parser.parseErrorMessage (C:\Users\TOMMY\Desktop\Project1\obed-service\node_modules\pg-protocol\src\parser.ts:369:69)
    at Parser.handlePacket (C:\Users\TOMMY\Desktop\Project1\obed-service\node_modules\pg-protocol\src\parser.ts:188:21)
    at Parser.parse (C:\Users\TOMMY\Desktop\Project1\obed-service\node_modules\pg-protocol\src\parser.ts:103:30)
    at Socket.<anonymous> (C:\Users\TOMMY\Desktop\Project1\obed-service\node_modules\pg-protocol\src\index.ts:7:48)
    at Socket.emit (events.js:315:20)
    at addChunk (_stream_readable.js:295:12)
    at readableAddChunk (_stream_readable.js:271:9)
    at Socket.Readable.push (_stream_readable.js:212:10)
    at TCP.onStreamRead (internal/stream_base_commons.js:186:23)
2021-09-29 01:35:37:3537 error: error: syntax error at or near "curriculums"
    at Parser.parseErrorMessage (C:\Users\TOMMY\Desktop\Project1\obed-service\node_modules\pg-protocol\src\parser.ts:369:69)
    at Parser.handlePacket (C:\Users\TOMMY\Desktop\Project1\obed-service\node_modules\pg-protocol\src\parser.ts:188:21)
    at Parser.parse (C:\Users\TOMMY\Desktop\Project1\obed-service\node_modules\pg-protocol\src\parser.ts:103:30)
    at Socket.<anonymous> (C:\Users\TOMMY\Desktop\Project1\obed-service\node_modules\pg-protocol\src\index.ts:7:48)
    at Socket.emit (events.js:315:20)
    at addChunk (_stream_readable.js:295:12)
    at readableAddChunk (_stream_readable.js:271:9)
    at Socket.Readable.push (_stream_readable.js:212:10)
    at TCP.onStreamRead (internal/stream_base_commons.js:186:23)
2021-09-29 01:42:26:4226 error: error: syntax error at or near "curriculums"
    at Parser.parseErrorMessage (C:\Users\TOMMY\Desktop\Project1\obed-service\node_modules\pg-protocol\src\parser.ts:369:69)
    at Parser.handlePacket (C:\Users\TOMMY\Desktop\Project1\obed-service\node_modules\pg-protocol\src\parser.ts:188:21)
    at Parser.parse (C:\Users\TOMMY\Desktop\Project1\obed-service\node_modules\pg-protocol\src\parser.ts:103:30)
    at Socket.<anonymous> (C:\Users\TOMMY\Desktop\Project1\obed-service\node_modules\pg-protocol\src\index.ts:7:48)
    at Socket.emit (events.js:315:20)
    at addChunk (_stream_readable.js:295:12)
    at readableAddChunk (_stream_readable.js:271:9)
    at Socket.Readable.push (_stream_readable.js:212:10)
    at TCP.onStreamRead (internal/stream_base_commons.js:186:23)
2021-09-29 01:42:42:4242 error: error: syntax error at or near "curriculums"
    at Parser.parseErrorMessage (C:\Users\TOMMY\Desktop\Project1\obed-service\node_modules\pg-protocol\src\parser.ts:369:69)
    at Parser.handlePacket (C:\Users\TOMMY\Desktop\Project1\obed-service\node_modules\pg-protocol\src\parser.ts:188:21)
    at Parser.parse (C:\Users\TOMMY\Desktop\Project1\obed-service\node_modules\pg-protocol\src\parser.ts:103:30)
    at Socket.<anonymous> (C:\Users\TOMMY\Desktop\Project1\obed-service\node_modules\pg-protocol\src\index.ts:7:48)
    at Socket.emit (events.js:315:20)
    at addChunk (_stream_readable.js:295:12)
    at readableAddChunk (_stream_readable.js:271:9)
    at Socket.Readable.push (_stream_readable.js:212:10)
    at TCP.onStreamRead (internal/stream_base_commons.js:186:23)
2021-09-29 01:52:52:5252 error: error: invalid input syntax for type integer: "{{userId}}"
    at Parser.parseErrorMessage (C:\Users\TOMMY\Desktop\Project1\obed-service\node_modules\pg-protocol\src\parser.ts:369:69)
    at Parser.handlePacket (C:\Users\TOMMY\Desktop\Project1\obed-service\node_modules\pg-protocol\src\parser.ts:188:21)
    at Parser.parse (C:\Users\TOMMY\Desktop\Project1\obed-service\node_modules\pg-protocol\src\parser.ts:103:30)
    at Socket.<anonymous> (C:\Users\TOMMY\Desktop\Project1\obed-service\node_modules\pg-protocol\src\index.ts:7:48)
    at Socket.emit (events.js:315:20)
    at addChunk (_stream_readable.js:295:12)
    at readableAddChunk (_stream_readable.js:271:9)
    at Socket.Readable.push (_stream_readable.js:212:10)
    at TCP.onStreamRead (internal/stream_base_commons.js:186:23)
2021-09-29 01:53:03:533 error: error: invalid input syntax for type integer: "{{userId}}"
    at Parser.parseErrorMessage (C:\Users\TOMMY\Desktop\Project1\obed-service\node_modules\pg-protocol\src\parser.ts:369:69)
    at Parser.handlePacket (C:\Users\TOMMY\Desktop\Project1\obed-service\node_modules\pg-protocol\src\parser.ts:188:21)
    at Parser.parse (C:\Users\TOMMY\Desktop\Project1\obed-service\node_modules\pg-protocol\src\parser.ts:103:30)
    at Socket.<anonymous> (C:\Users\TOMMY\Desktop\Project1\obed-service\node_modules\pg-protocol\src\index.ts:7:48)
    at Socket.emit (events.js:315:20)
    at addChunk (_stream_readable.js:295:12)
    at readableAddChunk (_stream_readable.js:271:9)
    at Socket.Readable.push (_stream_readable.js:212:10)
    at TCP.onStreamRead (internal/stream_base_commons.js:186:23)
2021-09-29 01:53:37:5337 error: error: invalid input syntax for type integer: "{{userId}}"
    at Parser.parseErrorMessage (C:\Users\TOMMY\Desktop\Project1\obed-service\node_modules\pg-protocol\src\parser.ts:369:69)
    at Parser.handlePacket (C:\Users\TOMMY\Desktop\Project1\obed-service\node_modules\pg-protocol\src\parser.ts:188:21)
    at Parser.parse (C:\Users\TOMMY\Desktop\Project1\obed-service\node_modules\pg-protocol\src\parser.ts:103:30)
    at Socket.<anonymous> (C:\Users\TOMMY\Desktop\Project1\obed-service\node_modules\pg-protocol\src\index.ts:7:48)
    at Socket.emit (events.js:315:20)
    at addChunk (_stream_readable.js:295:12)
    at readableAddChunk (_stream_readable.js:271:9)
    at Socket.Readable.push (_stream_readable.js:212:10)
    at TCP.onStreamRead (internal/stream_base_commons.js:186:23)
2021-09-29 01:55:26:5526 error: ApplicationError: Unauthorized
    at C:\Users\TOMMY\Desktop\Project1\obed-service\api\controllers\auth.ts:60:15
    at Generator.next (<anonymous>)
    at fulfilled (C:\Users\TOMMY\Desktop\Project1\obed-service\api\controllers\auth.ts:5:58)
    at processTicksAndRejections (internal/process/task_queues.js:97:5)
2021-09-29 01:56:46:5646 error: ApplicationError: User not found
    at C:\Users\TOMMY\Desktop\Project1\obed-service\api\middleware\authorizationHandler.ts:43:15
    at Generator.next (<anonymous>)
    at fulfilled (C:\Users\TOMMY\Desktop\Project1\obed-service\api\middleware\authorizationHandler.ts:5:58)
    at processTicksAndRejections (internal/process/task_queues.js:97:5)
2021-09-29 01:57:02:572 error: ApplicationError: User not found
    at C:\Users\TOMMY\Desktop\Project1\obed-service\api\middleware\authorizationHandler.ts:43:15
    at Generator.next (<anonymous>)
    at fulfilled (C:\Users\TOMMY\Desktop\Project1\obed-service\api\middleware\authorizationHandler.ts:5:58)
    at processTicksAndRejections (internal/process/task_queues.js:97:5)
2021-09-29 01:57:04:574 error: ApplicationError: User not found
    at C:\Users\TOMMY\Desktop\Project1\obed-service\api\middleware\authorizationHandler.ts:43:15
    at Generator.next (<anonymous>)
    at fulfilled (C:\Users\TOMMY\Desktop\Project1\obed-service\api\middleware\authorizationHandler.ts:5:58)
    at processTicksAndRejections (internal/process/task_queues.js:97:5)
2021-09-29 01:57:05:575 error: ApplicationError: User not found
    at C:\Users\TOMMY\Desktop\Project1\obed-service\api\middleware\authorizationHandler.ts:43:15
    at Generator.next (<anonymous>)
    at fulfilled (C:\Users\TOMMY\Desktop\Project1\obed-service\api\middleware\authorizationHandler.ts:5:58)
    at processTicksAndRejections (internal/process/task_queues.js:97:5)
2021-09-29 01:57:06:576 error: ApplicationError: Unauthorized
    at C:\Users\TOMMY\Desktop\Project1\obed-service\api\controllers\auth.ts:95:15
    at Generator.next (<anonymous>)
    at fulfilled (C:\Users\TOMMY\Desktop\Project1\obed-service\api\controllers\auth.ts:5:58)
    at processTicksAndRejections (internal/process/task_queues.js:97:5)
2021-09-29 01:57:46:5746 error: ApplicationError: User not found
    at C:\Users\TOMMY\Desktop\Project1\obed-service\api\middleware\authorizationHandler.ts:43:15
    at Generator.next (<anonymous>)
    at fulfilled (C:\Users\TOMMY\Desktop\Project1\obed-service\api\middleware\authorizationHandler.ts:5:58)
    at processTicksAndRejections (internal/process/task_queues.js:97:5)
2021-09-29 02:00:47:047 error: ApplicationError: email should not be empty
    at Object.CustomValidationError (C:\Users\TOMMY\Desktop\Project1\obed-service\api\utils\validationErrorFactory.ts:20:10)
    at C:\Users\TOMMY\Desktop\Project1\obed-service\api\middleware\validationHandler.ts:26:9
    at Layer.handle [as handle_request] (C:\Users\TOMMY\Desktop\Project1\obed-service\node_modules\express\lib\router\layer.js:95:5)
    at next (C:\Users\TOMMY\Desktop\Project1\obed-service\node_modules\express\lib\router\route.js:137:13)
    at Route.dispatch (C:\Users\TOMMY\Desktop\Project1\obed-service\node_modules\express\lib\router\route.js:112:3)
    at Layer.handle [as handle_request] (C:\Users\TOMMY\Desktop\Project1\obed-service\node_modules\express\lib\router\layer.js:95:5)
    at C:\Users\TOMMY\Desktop\Project1\obed-service\node_modules\express\lib\router\index.js:281:22
    at Function.process_params (C:\Users\TOMMY\Desktop\Project1\obed-service\node_modules\express\lib\router\index.js:335:12)
    at next (C:\Users\TOMMY\Desktop\Project1\obed-service\node_modules\express\lib\router\index.js:275:10)
    at Function.handle (C:\Users\TOMMY\Desktop\Project1\obed-service\node_modules\express\lib\router\index.js:174:3)
    at router (C:\Users\TOMMY\Desktop\Project1\obed-service\node_modules\express\lib\router\index.js:47:12)
    at Layer.handle [as handle_request] (C:\Users\TOMMY\Desktop\Project1\obed-service\node_modules\express\lib\router\layer.js:95:5)
    at trim_prefix (C:\Users\TOMMY\Desktop\Project1\obed-service\node_modules\express\lib\router\index.js:317:13)
    at C:\Users\TOMMY\Desktop\Project1\obed-service\node_modules\express\lib\router\index.js:284:7
    at Function.process_params (C:\Users\TOMMY\Desktop\Project1\obed-service\node_modules\express\lib\router\index.js:335:12)
    at next (C:\Users\TOMMY\Desktop\Project1\obed-service\node_modules\express\lib\router\index.js:275:10)
2021-09-29 23:50:14:5014 error: ApplicationError: Unauthorized
    at C:\Users\TOMMY\Desktop\Project1\obed-service\api\middleware\authorizationHandler.ts:29:16
    at Generator.next (<anonymous>)
    at fulfilled (C:\Users\TOMMY\Desktop\Project1\obed-service\api\middleware\authorizationHandler.ts:5:58)
    at processTicksAndRejections (internal/process/task_queues.js:97:5)
2021-09-29 23:50:33:5033 error: ApplicationError: Unauthorized
    at C:\Users\TOMMY\Desktop\Project1\obed-service\api\middleware\authorizationHandler.ts:30:16
    at Generator.next (<anonymous>)
    at fulfilled (C:\Users\TOMMY\Desktop\Project1\obed-service\api\middleware\authorizationHandler.ts:5:58)
    at processTicksAndRejections (internal/process/task_queues.js:97:5)
2021-10-05 00:58:52:5852 error: ApplicationError: newPassword must be longer than or equal to 8 characters
    at Object.CustomValidationError (C:\Users\TOMMY\Desktop\Project1\obed-service\api\utils\validationErrorFactory.ts:20:10)
    at C:\Users\TOMMY\Desktop\Project1\obed-service\api\middleware\validationHandler.ts:26:9
    at Layer.handle [as handle_request] (C:\Users\TOMMY\Desktop\Project1\obed-service\node_modules\express\lib\router\layer.js:95:5)
    at next (C:\Users\TOMMY\Desktop\Project1\obed-service\node_modules\express\lib\router\route.js:137:13)
    at C:\Users\TOMMY\Desktop\Project1\obed-service\api\middleware\authorizationHandler.ts:59:2
    at Generator.next (<anonymous>)
    at fulfilled (C:\Users\TOMMY\Desktop\Project1\obed-service\api\middleware\authorizationHandler.ts:5:58)
    at processTicksAndRejections (internal/process/task_queues.js:97:5)
2021-10-05 00:59:01:591 error: ApplicationError: Password should not be the same
    at C:\Users\TOMMY\Desktop\Project1\obed-service\api\controllers\auth.ts:183:15
    at Generator.next (<anonymous>)
    at C:\Users\TOMMY\Desktop\Project1\obed-service\api\controllers\auth.ts:8:71
    at new Promise (<anonymous>)
    at __awaiter (C:\Users\TOMMY\Desktop\Project1\obed-service\api\controllers\auth.ts:4:12)
    at updatePassword (C:\Users\TOMMY\Desktop\Project1\obed-service\api\controllers\auth.ts:178:24)
    at C:\Users\TOMMY\Desktop\Project1\obed-service\api\middleware\asyncWrapper.ts:4:18
    at Layer.handle [as handle_request] (C:\Users\TOMMY\Desktop\Project1\obed-service\node_modules\express\lib\router\layer.js:95:5)
    at next (C:\Users\TOMMY\Desktop\Project1\obed-service\node_modules\express\lib\router\route.js:137:13)
    at C:\Users\TOMMY\Desktop\Project1\obed-service\api\middleware\validationHandler.ts:29:4
    at Layer.handle [as handle_request] (C:\Users\TOMMY\Desktop\Project1\obed-service\node_modules\express\lib\router\layer.js:95:5)
    at next (C:\Users\TOMMY\Desktop\Project1\obed-service\node_modules\express\lib\router\route.js:137:13)
    at C:\Users\TOMMY\Desktop\Project1\obed-service\api\middleware\authorizationHandler.ts:59:2
    at Generator.next (<anonymous>)
    at fulfilled (C:\Users\TOMMY\Desktop\Project1\obed-service\api\middleware\authorizationHandler.ts:5:58)
    at processTicksAndRejections (internal/process/task_queues.js:97:5)
2021-10-05 21:23:56:2356 error: error: column "roles" of relation "users" does not exist
    at Parser.parseErrorMessage (C:\Users\TOMMY\Desktop\Project1\obed-service\node_modules\pg-protocol\src\parser.ts:369:69)
    at Parser.handlePacket (C:\Users\TOMMY\Desktop\Project1\obed-service\node_modules\pg-protocol\src\parser.ts:188:21)
    at Parser.parse (C:\Users\TOMMY\Desktop\Project1\obed-service\node_modules\pg-protocol\src\parser.ts:103:30)
    at Socket.<anonymous> (C:\Users\TOMMY\Desktop\Project1\obed-service\node_modules\pg-protocol\src\index.ts:7:48)
    at Socket.emit (events.js:315:20)
    at addChunk (_stream_readable.js:295:12)
    at readableAddChunk (_stream_readable.js:271:9)
    at Socket.Readable.push (_stream_readable.js:212:10)
    at TCP.onStreamRead (internal/stream_base_commons.js:186:23)
2021-10-05 21:29:01:291 error: error: column "roles" of relation "users" does not exist
    at Parser.parseErrorMessage (C:\Users\TOMMY\Desktop\Project1\obed-service\node_modules\pg-protocol\src\parser.ts:369:69)
    at Parser.handlePacket (C:\Users\TOMMY\Desktop\Project1\obed-service\node_modules\pg-protocol\src\parser.ts:188:21)
    at Parser.parse (C:\Users\TOMMY\Desktop\Project1\obed-service\node_modules\pg-protocol\src\parser.ts:103:30)
    at Socket.<anonymous> (C:\Users\TOMMY\Desktop\Project1\obed-service\node_modules\pg-protocol\src\index.ts:7:48)
    at Socket.emit (events.js:315:20)
    at addChunk (_stream_readable.js:295:12)
    at readableAddChunk (_stream_readable.js:271:9)
    at Socket.Readable.push (_stream_readable.js:212:10)
    at TCP.onStreamRead (internal/stream_base_commons.js:186:23)
2021-10-05 21:30:53:3053 error: error: column "updated_at" does not exist
    at Parser.parseErrorMessage (C:\Users\TOMMY\Desktop\Project1\obed-service\node_modules\pg-protocol\src\parser.ts:369:69)
    at Parser.handlePacket (C:\Users\TOMMY\Desktop\Project1\obed-service\node_modules\pg-protocol\src\parser.ts:188:21)
    at Parser.parse (C:\Users\TOMMY\Desktop\Project1\obed-service\node_modules\pg-protocol\src\parser.ts:103:30)
    at Socket.<anonymous> (C:\Users\TOMMY\Desktop\Project1\obed-service\node_modules\pg-protocol\src\index.ts:7:48)
    at Socket.emit (events.js:315:20)
    at addChunk (_stream_readable.js:295:12)
    at readableAddChunk (_stream_readable.js:271:9)
    at Socket.Readable.push (_stream_readable.js:212:10)
    at TCP.onStreamRead (internal/stream_base_commons.js:186:23)
2021-10-05 21:32:09:329 error: error: null value in column "role" of relation "users" violates not-null constraint
    at Parser.parseErrorMessage (C:\Users\TOMMY\Desktop\Project1\obed-service\node_modules\pg-protocol\src\parser.ts:369:69)
    at Parser.handlePacket (C:\Users\TOMMY\Desktop\Project1\obed-service\node_modules\pg-protocol\src\parser.ts:188:21)
    at Parser.parse (C:\Users\TOMMY\Desktop\Project1\obed-service\node_modules\pg-protocol\src\parser.ts:103:30)
    at Socket.<anonymous> (C:\Users\TOMMY\Desktop\Project1\obed-service\node_modules\pg-protocol\src\index.ts:7:48)
    at Socket.emit (events.js:315:20)
    at addChunk (_stream_readable.js:295:12)
    at readableAddChunk (_stream_readable.js:271:9)
    at Socket.Readable.push (_stream_readable.js:212:10)
    at TCP.onStreamRead (internal/stream_base_commons.js:186:23)
2021-10-05 21:34:56:3456 error: error: null value in column "role" of relation "users" violates not-null constraint
    at Parser.parseErrorMessage (C:\Users\TOMMY\Desktop\Project1\obed-service\node_modules\pg-protocol\src\parser.ts:369:69)
    at Parser.handlePacket (C:\Users\TOMMY\Desktop\Project1\obed-service\node_modules\pg-protocol\src\parser.ts:188:21)
    at Parser.parse (C:\Users\TOMMY\Desktop\Project1\obed-service\node_modules\pg-protocol\src\parser.ts:103:30)
    at Socket.<anonymous> (C:\Users\TOMMY\Desktop\Project1\obed-service\node_modules\pg-protocol\src\index.ts:7:48)
    at Socket.emit (events.js:315:20)
    at addChunk (_stream_readable.js:295:12)
    at readableAddChunk (_stream_readable.js:271:9)
    at Socket.Readable.push (_stream_readable.js:212:10)
    at TCP.onStreamRead (internal/stream_base_commons.js:186:23)
2021-10-07 02:34:03:343 error: error: column "role" of relation "users" does not exist
    at Parser.parseErrorMessage (C:\Users\TOMMY\Desktop\Project1\obed-service\node_modules\pg-protocol\src\parser.ts:369:69)
    at Parser.handlePacket (C:\Users\TOMMY\Desktop\Project1\obed-service\node_modules\pg-protocol\src\parser.ts:188:21)
    at Parser.parse (C:\Users\TOMMY\Desktop\Project1\obed-service\node_modules\pg-protocol\src\parser.ts:103:30)
    at Socket.<anonymous> (C:\Users\TOMMY\Desktop\Project1\obed-service\node_modules\pg-protocol\src\index.ts:7:48)
    at Socket.emit (events.js:315:20)
    at addChunk (_stream_readable.js:295:12)
    at readableAddChunk (_stream_readable.js:271:9)
    at Socket.Readable.push (_stream_readable.js:212:10)
    at TCP.onStreamRead (internal/stream_base_commons.js:186:23)
2021-10-07 02:36:22:3622 error: error: insert or update on table "users" violates foreign key constraint "users_prefix_fkey"
    at Parser.parseErrorMessage (C:\Users\TOMMY\Desktop\Project1\obed-service\node_modules\pg-protocol\src\parser.ts:369:69)
    at Parser.handlePacket (C:\Users\TOMMY\Desktop\Project1\obed-service\node_modules\pg-protocol\src\parser.ts:188:21)
    at Parser.parse (C:\Users\TOMMY\Desktop\Project1\obed-service\node_modules\pg-protocol\src\parser.ts:103:30)
    at Socket.<anonymous> (C:\Users\TOMMY\Desktop\Project1\obed-service\node_modules\pg-protocol\src\index.ts:7:48)
    at Socket.emit (events.js:315:20)
    at addChunk (_stream_readable.js:295:12)
    at readableAddChunk (_stream_readable.js:271:9)
    at Socket.Readable.push (_stream_readable.js:212:10)
    at TCP.onStreamRead (internal/stream_base_commons.js:186:23)
2021-10-12 17:06:49:649 error: ApplicationError: prefix must be an array
    at Object.CustomValidationError (C:\Users\TOMMY\Desktop\Project1\obed-service\api\utils\validationErrorFactory.ts:20:10)
    at C:\Users\TOMMY\Desktop\Project1\obed-service\api\middleware\validationHandler.ts:26:9
    at Layer.handle [as handle_request] (C:\Users\TOMMY\Desktop\Project1\obed-service\node_modules\express\lib\router\layer.js:95:5)
    at next (C:\Users\TOMMY\Desktop\Project1\obed-service\node_modules\express\lib\router\route.js:137:13)
    at Route.dispatch (C:\Users\TOMMY\Desktop\Project1\obed-service\node_modules\express\lib\router\route.js:112:3)
    at Layer.handle [as handle_request] (C:\Users\TOMMY\Desktop\Project1\obed-service\node_modules\express\lib\router\layer.js:95:5)
    at C:\Users\TOMMY\Desktop\Project1\obed-service\node_modules\express\lib\router\index.js:281:22
    at Function.process_params (C:\Users\TOMMY\Desktop\Project1\obed-service\node_modules\express\lib\router\index.js:335:12)
    at next (C:\Users\TOMMY\Desktop\Project1\obed-service\node_modules\express\lib\router\index.js:275:10)
    at Function.handle (C:\Users\TOMMY\Desktop\Project1\obed-service\node_modules\express\lib\router\index.js:174:3)
    at router (C:\Users\TOMMY\Desktop\Project1\obed-service\node_modules\express\lib\router\index.js:47:12)
    at Layer.handle [as handle_request] (C:\Users\TOMMY\Desktop\Project1\obed-service\node_modules\express\lib\router\layer.js:95:5)
    at trim_prefix (C:\Users\TOMMY\Desktop\Project1\obed-service\node_modules\express\lib\router\index.js:317:13)
    at C:\Users\TOMMY\Desktop\Project1\obed-service\node_modules\express\lib\router\index.js:284:7
    at Function.process_params (C:\Users\TOMMY\Desktop\Project1\obed-service\node_modules\express\lib\router\index.js:335:12)
    at next (C:\Users\TOMMY\Desktop\Project1\obed-service\node_modules\express\lib\router\index.js:275:10)
2021-10-12 17:10:43:1043 error: ApplicationError: each value in prefix must be a valid enum value
    at Object.CustomValidationError (C:\Users\TOMMY\Desktop\Project1\obed-service\api\utils\validationErrorFactory.ts:20:10)
    at C:\Users\TOMMY\Desktop\Project1\obed-service\api\middleware\validationHandler.ts:26:9
    at Layer.handle [as handle_request] (C:\Users\TOMMY\Desktop\Project1\obed-service\node_modules\express\lib\router\layer.js:95:5)
    at next (C:\Users\TOMMY\Desktop\Project1\obed-service\node_modules\express\lib\router\route.js:137:13)
    at Route.dispatch (C:\Users\TOMMY\Desktop\Project1\obed-service\node_modules\express\lib\router\route.js:112:3)
    at Layer.handle [as handle_request] (C:\Users\TOMMY\Desktop\Project1\obed-service\node_modules\express\lib\router\layer.js:95:5)
    at C:\Users\TOMMY\Desktop\Project1\obed-service\node_modules\express\lib\router\index.js:281:22
    at Function.process_params (C:\Users\TOMMY\Desktop\Project1\obed-service\node_modules\express\lib\router\index.js:335:12)
    at next (C:\Users\TOMMY\Desktop\Project1\obed-service\node_modules\express\lib\router\index.js:275:10)
    at Function.handle (C:\Users\TOMMY\Desktop\Project1\obed-service\node_modules\express\lib\router\index.js:174:3)
    at router (C:\Users\TOMMY\Desktop\Project1\obed-service\node_modules\express\lib\router\index.js:47:12)
    at Layer.handle [as handle_request] (C:\Users\TOMMY\Desktop\Project1\obed-service\node_modules\express\lib\router\layer.js:95:5)
    at trim_prefix (C:\Users\TOMMY\Desktop\Project1\obed-service\node_modules\express\lib\router\index.js:317:13)
    at C:\Users\TOMMY\Desktop\Project1\obed-service\node_modules\express\lib\router\index.js:284:7
    at Function.process_params (C:\Users\TOMMY\Desktop\Project1\obed-service\node_modules\express\lib\router\index.js:335:12)
    at next (C:\Users\TOMMY\Desktop\Project1\obed-service\node_modules\express\lib\router\index.js:275:10)
2021-10-12 17:17:37:1737 error: ApplicationError: Unauthorized
    at C:\Users\TOMMY\Desktop\Project1\obed-service\api\controllers\auth.ts:58:15
    at Generator.next (<anonymous>)
    at fulfilled (C:\Users\TOMMY\Desktop\Project1\obed-service\api\controllers\auth.ts:5:58)
    at processTicksAndRejections (internal/process/task_queues.js:97:5)
2021-10-12 17:17:47:1747 error: ApplicationError: Unauthorized
    at C:\Users\TOMMY\Desktop\Project1\obed-service\api\controllers\auth.ts:93:15
    at Generator.next (<anonymous>)
    at fulfilled (C:\Users\TOMMY\Desktop\Project1\obed-service\api\controllers\auth.ts:5:58)
    at processTicksAndRejections (internal/process/task_queues.js:97:5)
2021-10-12 17:18:14:1814 error: ApplicationError: Unauthorized
    at C:\Users\TOMMY\Desktop\Project1\obed-service\api\controllers\auth.ts:95:15
    at Generator.next (<anonymous>)
    at fulfilled (C:\Users\TOMMY\Desktop\Project1\obed-service\api\controllers\auth.ts:5:58)
    at processTicksAndRejections (internal/process/task_queues.js:97:5)
2021-10-12 17:18:15:1815 error: ApplicationError: Unauthorized
    at C:\Users\TOMMY\Desktop\Project1\obed-service\api\controllers\auth.ts:95:15
    at Generator.next (<anonymous>)
    at fulfilled (C:\Users\TOMMY\Desktop\Project1\obed-service\api\controllers\auth.ts:5:58)
    at processTicksAndRejections (internal/process/task_queues.js:97:5)
2021-10-12 17:22:49:2249 error: ApplicationError: Unauthorized
    at C:\Users\TOMMY\Desktop\Project1\obed-service\api\controllers\auth.ts:62:15
    at Generator.next (<anonymous>)
    at fulfilled (C:\Users\TOMMY\Desktop\Project1\obed-service\api\controllers\auth.ts:5:58)
    at processTicksAndRejections (internal/process/task_queues.js:97:5)
2021-10-12 17:29:33:2933 error: ApplicationError: Password should not be the same
    at C:\Users\TOMMY\Desktop\Project1\obed-service\api\controllers\auth.ts:185:15
    at Generator.next (<anonymous>)
    at C:\Users\TOMMY\Desktop\Project1\obed-service\api\controllers\auth.ts:8:71
    at new Promise (<anonymous>)
    at __awaiter (C:\Users\TOMMY\Desktop\Project1\obed-service\api\controllers\auth.ts:4:12)
    at updatePassword (C:\Users\TOMMY\Desktop\Project1\obed-service\api\controllers\auth.ts:180:24)
    at C:\Users\TOMMY\Desktop\Project1\obed-service\api\middleware\asyncWrapper.ts:4:18
    at Layer.handle [as handle_request] (C:\Users\TOMMY\Desktop\Project1\obed-service\node_modules\express\lib\router\layer.js:95:5)
    at next (C:\Users\TOMMY\Desktop\Project1\obed-service\node_modules\express\lib\router\route.js:137:13)
    at C:\Users\TOMMY\Desktop\Project1\obed-service\api\middleware\validationHandler.ts:29:4
    at Layer.handle [as handle_request] (C:\Users\TOMMY\Desktop\Project1\obed-service\node_modules\express\lib\router\layer.js:95:5)
    at next (C:\Users\TOMMY\Desktop\Project1\obed-service\node_modules\express\lib\router\route.js:137:13)
    at C:\Users\TOMMY\Desktop\Project1\obed-service\api\middleware\authorizationHandler.ts:61:2
    at Generator.next (<anonymous>)
    at fulfilled (C:\Users\TOMMY\Desktop\Project1\obed-service\api\middleware\authorizationHandler.ts:5:58)
    at processTicksAndRejections (internal/process/task_queues.js:97:5)
2021-10-12 17:29:53:2953 error: ApplicationError: Unauthorized
    at C:\Users\TOMMY\Desktop\Project1\obed-service\api\controllers\auth.ts:62:15
    at Generator.next (<anonymous>)
    at fulfilled (C:\Users\TOMMY\Desktop\Project1\obed-service\api\controllers\auth.ts:5:58)
    at processTicksAndRejections (internal/process/task_queues.js:97:5)
2021-10-12 17:38:46:3846 error: ApplicationError: No Permission
    at C:\Users\TOMMY\Desktop\Project1\obed-service\api\middleware\authorizationHandler.ts:59:15
    at Generator.next (<anonymous>)
    at fulfilled (C:\Users\TOMMY\Desktop\Project1\obed-service\api\middleware\authorizationHandler.ts:5:58)
    at processTicksAndRejections (internal/process/task_queues.js:97:5)
2021-10-13 00:17:15:1715 error: ApplicationError: Unauthorized Access Token was expired
    at C:\Users\TOMMY\Desktop\Project1\obed-service\api\middleware\authorizationHandler.ts:35:16
    at Generator.next (<anonymous>)
    at C:\Users\TOMMY\Desktop\Project1\obed-service\api\middleware\authorizationHandler.ts:8:71
    at new Promise (<anonymous>)
    at __awaiter (C:\Users\TOMMY\Desktop\Project1\obed-service\api\middleware\authorizationHandler.ts:4:12)
    at verifyToken (C:\Users\TOMMY\Desktop\Project1\obed-service\api\middleware\authorizationHandler.ts:15:94)
    at Layer.handle [as handle_request] (C:\Users\TOMMY\Desktop\Project1\obed-service\node_modules\express\lib\router\layer.js:95:5)
    at next (C:\Users\TOMMY\Desktop\Project1\obed-service\node_modules\express\lib\router\route.js:137:13)
    at Route.dispatch (C:\Users\TOMMY\Desktop\Project1\obed-service\node_modules\express\lib\router\route.js:112:3)
    at Layer.handle [as handle_request] (C:\Users\TOMMY\Desktop\Project1\obed-service\node_modules\express\lib\router\layer.js:95:5)
    at C:\Users\TOMMY\Desktop\Project1\obed-service\node_modules\express\lib\router\index.js:281:22
    at Function.process_params (C:\Users\TOMMY\Desktop\Project1\obed-service\node_modules\express\lib\router\index.js:335:12)
    at next (C:\Users\TOMMY\Desktop\Project1\obed-service\node_modules\express\lib\router\index.js:275:10)
    at Function.handle (C:\Users\TOMMY\Desktop\Project1\obed-service\node_modules\express\lib\router\index.js:174:3)
    at router (C:\Users\TOMMY\Desktop\Project1\obed-service\node_modules\express\lib\router\index.js:47:12)
    at Layer.handle [as handle_request] (C:\Users\TOMMY\Desktop\Project1\obed-service\node_modules\express\lib\router\layer.js:95:5)
2021-10-13 00:17:25:1725 error: error: insert or update on table "courses" violates foreign key constraint "courses_curriculum_id_fkey"
    at Parser.parseErrorMessage (C:\Users\TOMMY\Desktop\Project1\obed-service\node_modules\pg-protocol\src\parser.ts:369:69)
    at Parser.handlePacket (C:\Users\TOMMY\Desktop\Project1\obed-service\node_modules\pg-protocol\src\parser.ts:188:21)
    at Parser.parse (C:\Users\TOMMY\Desktop\Project1\obed-service\node_modules\pg-protocol\src\parser.ts:103:30)
    at Socket.<anonymous> (C:\Users\TOMMY\Desktop\Project1\obed-service\node_modules\pg-protocol\src\index.ts:7:48)
    at Socket.emit (events.js:315:20)
    at addChunk (_stream_readable.js:295:12)
    at readableAddChunk (_stream_readable.js:271:9)
    at Socket.Readable.push (_stream_readable.js:212:10)
    at TCP.onStreamRead (internal/stream_base_commons.js:186:23)
2021-10-13 00:22:03:223 error: error: null value in column "year" of relation "curriculums" violates not-null constraint
    at Parser.parseErrorMessage (C:\Users\TOMMY\Desktop\Project1\obed-service\node_modules\pg-protocol\src\parser.ts:369:69)
    at Parser.handlePacket (C:\Users\TOMMY\Desktop\Project1\obed-service\node_modules\pg-protocol\src\parser.ts:188:21)
    at Parser.parse (C:\Users\TOMMY\Desktop\Project1\obed-service\node_modules\pg-protocol\src\parser.ts:103:30)
    at Socket.<anonymous> (C:\Users\TOMMY\Desktop\Project1\obed-service\node_modules\pg-protocol\src\index.ts:7:48)
    at Socket.emit (events.js:315:20)
    at addChunk (_stream_readable.js:295:12)
    at readableAddChunk (_stream_readable.js:271:9)
    at Socket.Readable.push (_stream_readable.js:212:10)
    at TCP.onStreamRead (internal/stream_base_commons.js:186:23)
2021-10-13 00:22:33:2233 error: error: column "year" of relation "curriculums" does not exist
    at Parser.parseErrorMessage (C:\Users\TOMMY\Desktop\Project1\obed-service\node_modules\pg-protocol\src\parser.ts:369:69)
    at Parser.handlePacket (C:\Users\TOMMY\Desktop\Project1\obed-service\node_modules\pg-protocol\src\parser.ts:188:21)
    at Parser.parse (C:\Users\TOMMY\Desktop\Project1\obed-service\node_modules\pg-protocol\src\parser.ts:103:30)
    at Socket.<anonymous> (C:\Users\TOMMY\Desktop\Project1\obed-service\node_modules\pg-protocol\src\index.ts:7:48)
    at Socket.emit (events.js:315:20)
    at addChunk (_stream_readable.js:295:12)
    at readableAddChunk (_stream_readable.js:271:9)
    at Socket.Readable.push (_stream_readable.js:212:10)
    at TCP.onStreamRead (internal/stream_base_commons.js:186:23)
2021-10-13 01:17:33:1733 error: ApplicationError: Unauthorized Access Token was expired
    at C:\Users\TOMMY\Desktop\Project1\obed-service\api\middleware\authorizationHandler.ts:35:16
    at Generator.next (<anonymous>)
    at C:\Users\TOMMY\Desktop\Project1\obed-service\api\middleware\authorizationHandler.ts:8:71
    at new Promise (<anonymous>)
    at __awaiter (C:\Users\TOMMY\Desktop\Project1\obed-service\api\middleware\authorizationHandler.ts:4:12)
    at verifyToken (C:\Users\TOMMY\Desktop\Project1\obed-service\api\middleware\authorizationHandler.ts:15:94)
    at Layer.handle [as handle_request] (C:\Users\TOMMY\Desktop\Project1\obed-service\node_modules\express\lib\router\layer.js:95:5)
    at next (C:\Users\TOMMY\Desktop\Project1\obed-service\node_modules\express\lib\router\route.js:137:13)
    at Route.dispatch (C:\Users\TOMMY\Desktop\Project1\obed-service\node_modules\express\lib\router\route.js:112:3)
    at Layer.handle [as handle_request] (C:\Users\TOMMY\Desktop\Project1\obed-service\node_modules\express\lib\router\layer.js:95:5)
    at C:\Users\TOMMY\Desktop\Project1\obed-service\node_modules\express\lib\router\index.js:281:22
    at param (C:\Users\TOMMY\Desktop\Project1\obed-service\node_modules\express\lib\router\index.js:354:14)
    at param (C:\Users\TOMMY\Desktop\Project1\obed-service\node_modules\express\lib\router\index.js:365:14)
    at Function.process_params (C:\Users\TOMMY\Desktop\Project1\obed-service\node_modules\express\lib\router\index.js:410:3)
    at next (C:\Users\TOMMY\Desktop\Project1\obed-service\node_modules\express\lib\router\index.js:275:10)
    at Function.handle (C:\Users\TOMMY\Desktop\Project1\obed-service\node_modules\express\lib\router\index.js:174:3)
2021-10-13 01:42:16:4216 error: error: insert or update on table "courses" violates foreign key constraint "courses_curriculum_id_fkey"
    at Parser.parseErrorMessage (C:\Users\TOMMY\Desktop\Project1\obed-service\node_modules\pg-protocol\src\parser.ts:369:69)
    at Parser.handlePacket (C:\Users\TOMMY\Desktop\Project1\obed-service\node_modules\pg-protocol\src\parser.ts:188:21)
    at Parser.parse (C:\Users\TOMMY\Desktop\Project1\obed-service\node_modules\pg-protocol\src\parser.ts:103:30)
    at Socket.<anonymous> (C:\Users\TOMMY\Desktop\Project1\obed-service\node_modules\pg-protocol\src\index.ts:7:48)
    at Socket.emit (events.js:315:20)
    at addChunk (_stream_readable.js:295:12)
    at readableAddChunk (_stream_readable.js:271:9)
    at Socket.Readable.push (_stream_readable.js:212:10)
    at TCP.onStreamRead (internal/stream_base_commons.js:186:23)
2021-10-16 17:56:45:5645 error: error: syntax error at or near "CASE"
    at Parser.parseErrorMessage (C:\Users\TOMMY\Desktop\Project1\obed-service\node_modules\pg-protocol\src\parser.ts:369:69)
    at Parser.handlePacket (C:\Users\TOMMY\Desktop\Project1\obed-service\node_modules\pg-protocol\src\parser.ts:188:21)
    at Parser.parse (C:\Users\TOMMY\Desktop\Project1\obed-service\node_modules\pg-protocol\src\parser.ts:103:30)
    at Socket.<anonymous> (C:\Users\TOMMY\Desktop\Project1\obed-service\node_modules\pg-protocol\src\index.ts:7:48)
    at Socket.emit (events.js:315:20)
    at addChunk (_stream_readable.js:295:12)
    at readableAddChunk (_stream_readable.js:271:9)
    at Socket.Readable.push (_stream_readable.js:212:10)
    at TCP.onStreamRead (internal/stream_base_commons.js:186:23)
2021-10-16 18:01:24:124 error: error: syntax error at or near "CASE"
    at Parser.parseErrorMessage (C:\Users\TOMMY\Desktop\Project1\obed-service\node_modules\pg-protocol\src\parser.ts:369:69)
    at Parser.handlePacket (C:\Users\TOMMY\Desktop\Project1\obed-service\node_modules\pg-protocol\src\parser.ts:188:21)
    at Parser.parse (C:\Users\TOMMY\Desktop\Project1\obed-service\node_modules\pg-protocol\src\parser.ts:103:30)
    at Socket.<anonymous> (C:\Users\TOMMY\Desktop\Project1\obed-service\node_modules\pg-protocol\src\index.ts:7:48)
    at Socket.emit (events.js:315:20)
    at addChunk (_stream_readable.js:295:12)
    at readableAddChunk (_stream_readable.js:271:9)
    at Socket.Readable.push (_stream_readable.js:212:10)
    at TCP.onStreamRead (internal/stream_base_commons.js:186:23)
2021-10-16 18:02:38:238 error: error: syntax error at or near "CASE"
    at Parser.parseErrorMessage (C:\Users\TOMMY\Desktop\Project1\obed-service\node_modules\pg-protocol\src\parser.ts:369:69)
    at Parser.handlePacket (C:\Users\TOMMY\Desktop\Project1\obed-service\node_modules\pg-protocol\src\parser.ts:188:21)
    at Parser.parse (C:\Users\TOMMY\Desktop\Project1\obed-service\node_modules\pg-protocol\src\parser.ts:103:30)
    at Socket.<anonymous> (C:\Users\TOMMY\Desktop\Project1\obed-service\node_modules\pg-protocol\src\index.ts:7:48)
    at Socket.emit (events.js:315:20)
    at addChunk (_stream_readable.js:295:12)
    at readableAddChunk (_stream_readable.js:271:9)
    at Socket.Readable.push (_stream_readable.js:212:10)
    at TCP.onStreamRead (internal/stream_base_commons.js:186:23)
2021-10-16 18:02:49:249 error: error: syntax error at or near "CASE"
    at Parser.parseErrorMessage (C:\Users\TOMMY\Desktop\Project1\obed-service\node_modules\pg-protocol\src\parser.ts:369:69)
    at Parser.handlePacket (C:\Users\TOMMY\Desktop\Project1\obed-service\node_modules\pg-protocol\src\parser.ts:188:21)
    at Parser.parse (C:\Users\TOMMY\Desktop\Project1\obed-service\node_modules\pg-protocol\src\parser.ts:103:30)
    at Socket.<anonymous> (C:\Users\TOMMY\Desktop\Project1\obed-service\node_modules\pg-protocol\src\index.ts:7:48)
    at Socket.emit (events.js:315:20)
    at addChunk (_stream_readable.js:295:12)
    at readableAddChunk (_stream_readable.js:271:9)
    at Socket.Readable.push (_stream_readable.js:212:10)
    at TCP.onStreamRead (internal/stream_base_commons.js:186:23)
2021-10-16 18:12:02:122 error: error: syntax error at or near "SET"
    at Parser.parseErrorMessage (C:\Users\TOMMY\Desktop\Project1\obed-service\node_modules\pg-protocol\src\parser.ts:369:69)
    at Parser.handlePacket (C:\Users\TOMMY\Desktop\Project1\obed-service\node_modules\pg-protocol\src\parser.ts:188:21)
    at Parser.parse (C:\Users\TOMMY\Desktop\Project1\obed-service\node_modules\pg-protocol\src\parser.ts:103:30)
    at Socket.<anonymous> (C:\Users\TOMMY\Desktop\Project1\obed-service\node_modules\pg-protocol\src\index.ts:7:48)
    at Socket.emit (events.js:315:20)
    at addChunk (_stream_readable.js:295:12)
    at readableAddChunk (_stream_readable.js:271:9)
    at Socket.Readable.push (_stream_readable.js:212:10)
    at TCP.onStreamRead (internal/stream_base_commons.js:186:23)
2021-10-16 18:12:24:1224 error: error: syntax error at or near "SET"
    at Parser.parseErrorMessage (C:\Users\TOMMY\Desktop\Project1\obed-service\node_modules\pg-protocol\src\parser.ts:369:69)
    at Parser.handlePacket (C:\Users\TOMMY\Desktop\Project1\obed-service\node_modules\pg-protocol\src\parser.ts:188:21)
    at Parser.parse (C:\Users\TOMMY\Desktop\Project1\obed-service\node_modules\pg-protocol\src\parser.ts:103:30)
    at Socket.<anonymous> (C:\Users\TOMMY\Desktop\Project1\obed-service\node_modules\pg-protocol\src\index.ts:7:48)
    at Socket.emit (events.js:315:20)
    at addChunk (_stream_readable.js:295:12)
    at readableAddChunk (_stream_readable.js:271:9)
    at Socket.Readable.push (_stream_readable.js:212:10)
    at TCP.onStreamRead (internal/stream_base_commons.js:186:23)
2021-10-16 18:12:57:1257 error: error: syntax error at or near "EXCEPTION"
    at Parser.parseErrorMessage (C:\Users\TOMMY\Desktop\Project1\obed-service\node_modules\pg-protocol\src\parser.ts:369:69)
    at Parser.handlePacket (C:\Users\TOMMY\Desktop\Project1\obed-service\node_modules\pg-protocol\src\parser.ts:188:21)
    at Parser.parse (C:\Users\TOMMY\Desktop\Project1\obed-service\node_modules\pg-protocol\src\parser.ts:103:30)
    at Socket.<anonymous> (C:\Users\TOMMY\Desktop\Project1\obed-service\node_modules\pg-protocol\src\index.ts:7:48)
    at Socket.emit (events.js:315:20)
    at addChunk (_stream_readable.js:295:12)
    at readableAddChunk (_stream_readable.js:271:9)
    at Socket.Readable.push (_stream_readable.js:212:10)
    at TCP.onStreamRead (internal/stream_base_commons.js:186:23)
2021-10-16 18:14:47:1447 error: error: syntax error at or near "EXCEPTION"
    at Parser.parseErrorMessage (C:\Users\TOMMY\Desktop\Project1\obed-service\node_modules\pg-protocol\src\parser.ts:369:69)
    at Parser.handlePacket (C:\Users\TOMMY\Desktop\Project1\obed-service\node_modules\pg-protocol\src\parser.ts:188:21)
    at Parser.parse (C:\Users\TOMMY\Desktop\Project1\obed-service\node_modules\pg-protocol\src\parser.ts:103:30)
    at Socket.<anonymous> (C:\Users\TOMMY\Desktop\Project1\obed-service\node_modules\pg-protocol\src\index.ts:7:48)
    at Socket.emit (events.js:315:20)
    at addChunk (_stream_readable.js:295:12)
    at readableAddChunk (_stream_readable.js:271:9)
    at Socket.Readable.push (_stream_readable.js:212:10)
    at TCP.onStreamRead (internal/stream_base_commons.js:186:23)
2021-10-16 18:15:01:151 error: error: syntax error at or near "MESSAGE"
    at Parser.parseErrorMessage (C:\Users\TOMMY\Desktop\Project1\obed-service\node_modules\pg-protocol\src\parser.ts:369:69)
    at Parser.handlePacket (C:\Users\TOMMY\Desktop\Project1\obed-service\node_modules\pg-protocol\src\parser.ts:188:21)
    at Parser.parse (C:\Users\TOMMY\Desktop\Project1\obed-service\node_modules\pg-protocol\src\parser.ts:103:30)
    at Socket.<anonymous> (C:\Users\TOMMY\Desktop\Project1\obed-service\node_modules\pg-protocol\src\index.ts:7:48)
    at Socket.emit (events.js:315:20)
    at addChunk (_stream_readable.js:295:12)
    at readableAddChunk (_stream_readable.js:271:9)
    at Socket.Readable.push (_stream_readable.js:212:10)
    at TCP.onStreamRead (internal/stream_base_commons.js:186:23)
2021-10-16 18:17:36:1736 error: error: column "stardardrow" does not exist
    at Parser.parseErrorMessage (C:\Users\TOMMY\Desktop\Project1\obed-service\node_modules\pg-protocol\src\parser.ts:369:69)
    at Parser.handlePacket (C:\Users\TOMMY\Desktop\Project1\obed-service\node_modules\pg-protocol\src\parser.ts:188:21)
    at Parser.parse (C:\Users\TOMMY\Desktop\Project1\obed-service\node_modules\pg-protocol\src\parser.ts:103:30)
    at Socket.<anonymous> (C:\Users\TOMMY\Desktop\Project1\obed-service\node_modules\pg-protocol\src\index.ts:7:48)
    at Socket.emit (events.js:315:20)
    at addChunk (_stream_readable.js:295:12)
    at readableAddChunk (_stream_readable.js:271:9)
    at Socket.Readable.push (_stream_readable.js:212:10)
    at TCP.onStreamRead (internal/stream_base_commons.js:186:23)
2021-10-16 18:18:18:1818 error: error: column "stardardrow" does not exist
    at Parser.parseErrorMessage (C:\Users\TOMMY\Desktop\Project1\obed-service\node_modules\pg-protocol\src\parser.ts:369:69)
    at Parser.handlePacket (C:\Users\TOMMY\Desktop\Project1\obed-service\node_modules\pg-protocol\src\parser.ts:188:21)
    at Parser.parse (C:\Users\TOMMY\Desktop\Project1\obed-service\node_modules\pg-protocol\src\parser.ts:103:30)
    at Socket.<anonymous> (C:\Users\TOMMY\Desktop\Project1\obed-service\node_modules\pg-protocol\src\index.ts:7:48)
    at Socket.emit (events.js:315:20)
    at addChunk (_stream_readable.js:295:12)
    at readableAddChunk (_stream_readable.js:271:9)
    at Socket.Readable.push (_stream_readable.js:212:10)
    at TCP.onStreamRead (internal/stream_base_commons.js:186:23)
2021-10-16 18:18:42:1842 error: error: column "standardrow" does not exist
    at Parser.parseErrorMessage (C:\Users\TOMMY\Desktop\Project1\obed-service\node_modules\pg-protocol\src\parser.ts:369:69)
    at Parser.handlePacket (C:\Users\TOMMY\Desktop\Project1\obed-service\node_modules\pg-protocol\src\parser.ts:188:21)
    at Parser.parse (C:\Users\TOMMY\Desktop\Project1\obed-service\node_modules\pg-protocol\src\parser.ts:103:30)
    at Socket.<anonymous> (C:\Users\TOMMY\Desktop\Project1\obed-service\node_modules\pg-protocol\src\index.ts:7:48)
    at Socket.emit (events.js:315:20)
    at addChunk (_stream_readable.js:295:12)
    at readableAddChunk (_stream_readable.js:271:9)
    at Socket.Readable.push (_stream_readable.js:212:10)
    at TCP.onStreamRead (internal/stream_base_commons.js:186:23)
2021-10-16 18:20:00:200 error: error: syntax error at or near ";"
    at Parser.parseErrorMessage (C:\Users\TOMMY\Desktop\Project1\obed-service\node_modules\pg-protocol\src\parser.ts:369:69)
    at Parser.handlePacket (C:\Users\TOMMY\Desktop\Project1\obed-service\node_modules\pg-protocol\src\parser.ts:188:21)
    at Parser.parse (C:\Users\TOMMY\Desktop\Project1\obed-service\node_modules\pg-protocol\src\parser.ts:103:30)
    at Socket.<anonymous> (C:\Users\TOMMY\Desktop\Project1\obed-service\node_modules\pg-protocol\src\index.ts:7:48)
    at Socket.emit (events.js:315:20)
    at addChunk (_stream_readable.js:295:12)
    at readableAddChunk (_stream_readable.js:271:9)
    at Socket.Readable.push (_stream_readable.js:212:10)
    at TCP.onStreamRead (internal/stream_base_commons.js:186:23)
2021-10-16 18:20:01:201 error: error: syntax error at or near ";"
    at Parser.parseErrorMessage (C:\Users\TOMMY\Desktop\Project1\obed-service\node_modules\pg-protocol\src\parser.ts:369:69)
    at Parser.handlePacket (C:\Users\TOMMY\Desktop\Project1\obed-service\node_modules\pg-protocol\src\parser.ts:188:21)
    at Parser.parse (C:\Users\TOMMY\Desktop\Project1\obed-service\node_modules\pg-protocol\src\parser.ts:103:30)
    at Socket.<anonymous> (C:\Users\TOMMY\Desktop\Project1\obed-service\node_modules\pg-protocol\src\index.ts:7:48)
    at Socket.emit (events.js:315:20)
    at addChunk (_stream_readable.js:295:12)
    at readableAddChunk (_stream_readable.js:271:9)
    at Socket.Readable.push (_stream_readable.js:212:10)
    at TCP.onStreamRead (internal/stream_base_commons.js:186:23)
2021-10-16 18:22:37:2237 error: error: column "standardrow" does not exist
    at Parser.parseErrorMessage (C:\Users\TOMMY\Desktop\Project1\obed-service\node_modules\pg-protocol\src\parser.ts:369:69)
    at Parser.handlePacket (C:\Users\TOMMY\Desktop\Project1\obed-service\node_modules\pg-protocol\src\parser.ts:188:21)
    at Parser.parse (C:\Users\TOMMY\Desktop\Project1\obed-service\node_modules\pg-protocol\src\parser.ts:103:30)
    at Socket.<anonymous> (C:\Users\TOMMY\Desktop\Project1\obed-service\node_modules\pg-protocol\src\index.ts:7:48)
    at Socket.emit (events.js:315:20)
    at addChunk (_stream_readable.js:295:12)
    at readableAddChunk (_stream_readable.js:271:9)
    at Socket.Readable.push (_stream_readable.js:212:10)
    at TCP.onStreamRead (internal/stream_base_commons.js:186:23)
2021-10-16 18:29:35:2935 error: error: syntax error at or near "AS"
    at Parser.parseErrorMessage (C:\Users\TOMMY\Desktop\Project1\obed-service\node_modules\pg-protocol\src\parser.ts:369:69)
    at Parser.handlePacket (C:\Users\TOMMY\Desktop\Project1\obed-service\node_modules\pg-protocol\src\parser.ts:188:21)
    at Parser.parse (C:\Users\TOMMY\Desktop\Project1\obed-service\node_modules\pg-protocol\src\parser.ts:103:30)
    at Socket.<anonymous> (C:\Users\TOMMY\Desktop\Project1\obed-service\node_modules\pg-protocol\src\index.ts:7:48)
    at Socket.emit (events.js:315:20)
    at addChunk (_stream_readable.js:295:12)
    at readableAddChunk (_stream_readable.js:271:9)
    at Socket.Readable.push (_stream_readable.js:212:10)
    at TCP.onStreamRead (internal/stream_base_commons.js:186:23)
2021-10-16 18:30:12:3012 error: error: syntax error at or near "DECLARE"
    at Parser.parseErrorMessage (C:\Users\TOMMY\Desktop\Project1\obed-service\node_modules\pg-protocol\src\parser.ts:369:69)
    at Parser.handlePacket (C:\Users\TOMMY\Desktop\Project1\obed-service\node_modules\pg-protocol\src\parser.ts:188:21)
    at Parser.parse (C:\Users\TOMMY\Desktop\Project1\obed-service\node_modules\pg-protocol\src\parser.ts:103:30)
    at Socket.<anonymous> (C:\Users\TOMMY\Desktop\Project1\obed-service\node_modules\pg-protocol\src\index.ts:7:48)
    at Socket.emit (events.js:315:20)
    at addChunk (_stream_readable.js:295:12)
    at readableAddChunk (_stream_readable.js:271:9)
    at Socket.Readable.push (_stream_readable.js:212:10)
    at TCP.onStreamRead (internal/stream_base_commons.js:186:23)
2021-10-16 18:34:04:344 error: error: syntax error at or near "INTEGER"
    at Parser.parseErrorMessage (C:\Users\TOMMY\Desktop\Project1\obed-service\node_modules\pg-protocol\src\parser.ts:369:69)
    at Parser.handlePacket (C:\Users\TOMMY\Desktop\Project1\obed-service\node_modules\pg-protocol\src\parser.ts:188:21)
    at Parser.parse (C:\Users\TOMMY\Desktop\Project1\obed-service\node_modules\pg-protocol\src\parser.ts:103:30)
    at Socket.<anonymous> (C:\Users\TOMMY\Desktop\Project1\obed-service\node_modules\pg-protocol\src\index.ts:7:48)
    at Socket.emit (events.js:315:20)
    at addChunk (_stream_readable.js:295:12)
    at readableAddChunk (_stream_readable.js:271:9)
    at Socket.Readable.push (_stream_readable.js:212:10)
    at TCP.onStreamRead (internal/stream_base_commons.js:186:23)
2021-10-16 18:34:29:3429 error: error: syntax error at or near "INTEGER"
    at Parser.parseErrorMessage (C:\Users\TOMMY\Desktop\Project1\obed-service\node_modules\pg-protocol\src\parser.ts:369:69)
    at Parser.handlePacket (C:\Users\TOMMY\Desktop\Project1\obed-service\node_modules\pg-protocol\src\parser.ts:188:21)
    at Parser.parse (C:\Users\TOMMY\Desktop\Project1\obed-service\node_modules\pg-protocol\src\parser.ts:103:30)
    at Socket.<anonymous> (C:\Users\TOMMY\Desktop\Project1\obed-service\node_modules\pg-protocol\src\index.ts:7:48)
    at Socket.emit (events.js:315:20)
    at addChunk (_stream_readable.js:295:12)
    at readableAddChunk (_stream_readable.js:271:9)
    at Socket.Readable.push (_stream_readable.js:212:10)
    at TCP.onStreamRead (internal/stream_base_commons.js:186:23)
2021-10-16 18:34:38:3438 error: error: syntax error at or near "INTEGER"
    at Parser.parseErrorMessage (C:\Users\TOMMY\Desktop\Project1\obed-service\node_modules\pg-protocol\src\parser.ts:369:69)
    at Parser.handlePacket (C:\Users\TOMMY\Desktop\Project1\obed-service\node_modules\pg-protocol\src\parser.ts:188:21)
    at Parser.parse (C:\Users\TOMMY\Desktop\Project1\obed-service\node_modules\pg-protocol\src\parser.ts:103:30)
    at Socket.<anonymous> (C:\Users\TOMMY\Desktop\Project1\obed-service\node_modules\pg-protocol\src\index.ts:7:48)
    at Socket.emit (events.js:315:20)
    at addChunk (_stream_readable.js:295:12)
    at readableAddChunk (_stream_readable.js:271:9)
    at Socket.Readable.push (_stream_readable.js:212:10)
    at TCP.onStreamRead (internal/stream_base_commons.js:186:23)
2021-10-16 18:34:46:3446 error: error: syntax error at or near "INTEGER"
    at Parser.parseErrorMessage (C:\Users\TOMMY\Desktop\Project1\obed-service\node_modules\pg-protocol\src\parser.ts:369:69)
    at Parser.handlePacket (C:\Users\TOMMY\Desktop\Project1\obed-service\node_modules\pg-protocol\src\parser.ts:188:21)
    at Parser.parse (C:\Users\TOMMY\Desktop\Project1\obed-service\node_modules\pg-protocol\src\parser.ts:103:30)
    at Socket.<anonymous> (C:\Users\TOMMY\Desktop\Project1\obed-service\node_modules\pg-protocol\src\index.ts:7:48)
    at Socket.emit (events.js:315:20)
    at addChunk (_stream_readable.js:295:12)
    at readableAddChunk (_stream_readable.js:271:9)
    at Socket.Readable.push (_stream_readable.js:212:10)
    at TCP.onStreamRead (internal/stream_base_commons.js:186:23)
2021-10-16 18:37:34:3734 error: error: syntax error at or near "INTEGER"
    at Parser.parseErrorMessage (C:\Users\TOMMY\Desktop\Project1\obed-service\node_modules\pg-protocol\src\parser.ts:369:69)
    at Parser.handlePacket (C:\Users\TOMMY\Desktop\Project1\obed-service\node_modules\pg-protocol\src\parser.ts:188:21)
    at Parser.parse (C:\Users\TOMMY\Desktop\Project1\obed-service\node_modules\pg-protocol\src\parser.ts:103:30)
    at Socket.<anonymous> (C:\Users\TOMMY\Desktop\Project1\obed-service\node_modules\pg-protocol\src\index.ts:7:48)
    at Socket.emit (events.js:315:20)
    at addChunk (_stream_readable.js:295:12)
    at readableAddChunk (_stream_readable.js:271:9)
    at Socket.Readable.push (_stream_readable.js:212:10)
    at TCP.onStreamRead (internal/stream_base_commons.js:186:23)
2021-10-16 18:40:43:4043 error: error: syntax error at or near "END"
    at Parser.parseErrorMessage (C:\Users\TOMMY\Desktop\Project1\obed-service\node_modules\pg-protocol\src\parser.ts:369:69)
    at Parser.handlePacket (C:\Users\TOMMY\Desktop\Project1\obed-service\node_modules\pg-protocol\src\parser.ts:188:21)
    at Parser.parse (C:\Users\TOMMY\Desktop\Project1\obed-service\node_modules\pg-protocol\src\parser.ts:103:30)
    at Socket.<anonymous> (C:\Users\TOMMY\Desktop\Project1\obed-service\node_modules\pg-protocol\src\index.ts:7:48)
    at Socket.emit (events.js:315:20)
    at addChunk (_stream_readable.js:295:12)
    at readableAddChunk (_stream_readable.js:271:9)
    at Socket.Readable.push (_stream_readable.js:212:10)
    at TCP.onStreamRead (internal/stream_base_commons.js:186:23)
2021-10-16 18:41:00:410 error: error: syntax error at or near "INTO"
    at Parser.parseErrorMessage (C:\Users\TOMMY\Desktop\Project1\obed-service\node_modules\pg-protocol\src\parser.ts:369:69)
    at Parser.handlePacket (C:\Users\TOMMY\Desktop\Project1\obed-service\node_modules\pg-protocol\src\parser.ts:188:21)
    at Parser.parse (C:\Users\TOMMY\Desktop\Project1\obed-service\node_modules\pg-protocol\src\parser.ts:103:30)
    at Socket.<anonymous> (C:\Users\TOMMY\Desktop\Project1\obed-service\node_modules\pg-protocol\src\index.ts:7:48)
    at Socket.emit (events.js:315:20)
    at addChunk (_stream_readable.js:295:12)
    at readableAddChunk (_stream_readable.js:271:9)
    at Socket.Readable.push (_stream_readable.js:212:10)
    at TCP.onStreamRead (internal/stream_base_commons.js:186:23)
2021-10-16 18:41:40:4140 error: error: syntax error at or near "INTO"
    at Parser.parseErrorMessage (C:\Users\TOMMY\Desktop\Project1\obed-service\node_modules\pg-protocol\src\parser.ts:369:69)
    at Parser.handlePacket (C:\Users\TOMMY\Desktop\Project1\obed-service\node_modules\pg-protocol\src\parser.ts:188:21)
    at Parser.parse (C:\Users\TOMMY\Desktop\Project1\obed-service\node_modules\pg-protocol\src\parser.ts:103:30)
    at Socket.<anonymous> (C:\Users\TOMMY\Desktop\Project1\obed-service\node_modules\pg-protocol\src\index.ts:7:48)
    at Socket.emit (events.js:315:20)
    at addChunk (_stream_readable.js:295:12)
    at readableAddChunk (_stream_readable.js:271:9)
    at Socket.Readable.push (_stream_readable.js:212:10)
    at TCP.onStreamRead (internal/stream_base_commons.js:186:23)
2021-10-16 18:41:49:4149 error: error: syntax error at or near "END"
    at Parser.parseErrorMessage (C:\Users\TOMMY\Desktop\Project1\obed-service\node_modules\pg-protocol\src\parser.ts:369:69)
    at Parser.handlePacket (C:\Users\TOMMY\Desktop\Project1\obed-service\node_modules\pg-protocol\src\parser.ts:188:21)
    at Parser.parse (C:\Users\TOMMY\Desktop\Project1\obed-service\node_modules\pg-protocol\src\parser.ts:103:30)
    at Socket.<anonymous> (C:\Users\TOMMY\Desktop\Project1\obed-service\node_modules\pg-protocol\src\index.ts:7:48)
    at Socket.emit (events.js:315:20)
    at addChunk (_stream_readable.js:295:12)
    at readableAddChunk (_stream_readable.js:271:9)
    at Socket.Readable.push (_stream_readable.js:212:10)
    at TCP.onStreamRead (internal/stream_base_commons.js:186:23)
2021-10-16 18:42:10:4210 error: error: missing FROM-clause entry for table "curriculumrow"
    at Parser.parseErrorMessage (C:\Users\TOMMY\Desktop\Project1\obed-service\node_modules\pg-protocol\src\parser.ts:369:69)
    at Parser.handlePacket (C:\Users\TOMMY\Desktop\Project1\obed-service\node_modules\pg-protocol\src\parser.ts:188:21)
    at Parser.parse (C:\Users\TOMMY\Desktop\Project1\obed-service\node_modules\pg-protocol\src\parser.ts:103:30)
    at Socket.<anonymous> (C:\Users\TOMMY\Desktop\Project1\obed-service\node_modules\pg-protocol\src\index.ts:7:48)
    at Socket.emit (events.js:315:20)
    at addChunk (_stream_readable.js:295:12)
    at readableAddChunk (_stream_readable.js:271:9)
    at Socket.Readable.push (_stream_readable.js:212:10)
    at TCP.onStreamRead (internal/stream_base_commons.js:186:23)
2021-10-16 18:46:35:4635 error: error: missing FROM-clause entry for table "curriculumrow"
    at Parser.parseErrorMessage (C:\Users\TOMMY\Desktop\Project1\obed-service\node_modules\pg-protocol\src\parser.ts:369:69)
    at Parser.handlePacket (C:\Users\TOMMY\Desktop\Project1\obed-service\node_modules\pg-protocol\src\parser.ts:188:21)
    at Parser.parse (C:\Users\TOMMY\Desktop\Project1\obed-service\node_modules\pg-protocol\src\parser.ts:103:30)
    at Socket.<anonymous> (C:\Users\TOMMY\Desktop\Project1\obed-service\node_modules\pg-protocol\src\index.ts:7:48)
    at Socket.emit (events.js:315:20)
    at addChunk (_stream_readable.js:295:12)
    at readableAddChunk (_stream_readable.js:271:9)
    at Socket.Readable.push (_stream_readable.js:212:10)
    at TCP.onStreamRead (internal/stream_base_commons.js:186:23)
2021-10-16 18:50:35:5035 error: error: missing FROM-clause entry for table "curriculumrow"
    at Parser.parseErrorMessage (C:\Users\TOMMY\Desktop\Project1\obed-service\node_modules\pg-protocol\src\parser.ts:369:69)
    at Parser.handlePacket (C:\Users\TOMMY\Desktop\Project1\obed-service\node_modules\pg-protocol\src\parser.ts:188:21)
    at Parser.parse (C:\Users\TOMMY\Desktop\Project1\obed-service\node_modules\pg-protocol\src\parser.ts:103:30)
    at Socket.<anonymous> (C:\Users\TOMMY\Desktop\Project1\obed-service\node_modules\pg-protocol\src\index.ts:7:48)
    at Socket.emit (events.js:315:20)
    at addChunk (_stream_readable.js:295:12)
    at readableAddChunk (_stream_readable.js:271:9)
    at Socket.Readable.push (_stream_readable.js:212:10)
    at TCP.onStreamRead (internal/stream_base_commons.js:186:23)
2021-10-16 18:50:46:5046 error: error: missing FROM-clause entry for table "curriculumrow"
    at Parser.parseErrorMessage (C:\Users\TOMMY\Desktop\Project1\obed-service\node_modules\pg-protocol\src\parser.ts:369:69)
    at Parser.handlePacket (C:\Users\TOMMY\Desktop\Project1\obed-service\node_modules\pg-protocol\src\parser.ts:188:21)
    at Parser.parse (C:\Users\TOMMY\Desktop\Project1\obed-service\node_modules\pg-protocol\src\parser.ts:103:30)
    at Socket.<anonymous> (C:\Users\TOMMY\Desktop\Project1\obed-service\node_modules\pg-protocol\src\index.ts:7:48)
    at Socket.emit (events.js:315:20)
    at addChunk (_stream_readable.js:295:12)
    at readableAddChunk (_stream_readable.js:271:9)
    at Socket.Readable.push (_stream_readable.js:212:10)
    at TCP.onStreamRead (internal/stream_base_commons.js:186:23)
2021-10-16 18:51:52:5152 error: error: missing FROM-clause entry for table "curriculumrow"
    at Parser.parseErrorMessage (C:\Users\TOMMY\Desktop\Project1\obed-service\node_modules\pg-protocol\src\parser.ts:369:69)
    at Parser.handlePacket (C:\Users\TOMMY\Desktop\Project1\obed-service\node_modules\pg-protocol\src\parser.ts:188:21)
    at Parser.parse (C:\Users\TOMMY\Desktop\Project1\obed-service\node_modules\pg-protocol\src\parser.ts:103:30)
    at Socket.<anonymous> (C:\Users\TOMMY\Desktop\Project1\obed-service\node_modules\pg-protocol\src\index.ts:7:48)
    at Socket.emit (events.js:315:20)
    at addChunk (_stream_readable.js:295:12)
    at readableAddChunk (_stream_readable.js:271:9)
    at Socket.Readable.push (_stream_readable.js:212:10)
    at TCP.onStreamRead (internal/stream_base_commons.js:186:23)
2021-10-16 18:53:02:532 error: error: column "msi_id" does not exist
    at Parser.parseErrorMessage (C:\Users\TOMMY\Desktop\Project1\obed-service\node_modules\pg-protocol\src\parser.ts:369:69)
    at Parser.handlePacket (C:\Users\TOMMY\Desktop\Project1\obed-service\node_modules\pg-protocol\src\parser.ts:188:21)
    at Parser.parse (C:\Users\TOMMY\Desktop\Project1\obed-service\node_modules\pg-protocol\src\parser.ts:103:30)
    at Socket.<anonymous> (C:\Users\TOMMY\Desktop\Project1\obed-service\node_modules\pg-protocol\src\index.ts:7:48)
    at Socket.emit (events.js:315:20)
    at addChunk (_stream_readable.js:295:12)
    at readableAddChunk (_stream_readable.js:271:9)
    at Socket.Readable.push (_stream_readable.js:212:10)
    at TCP.onStreamRead (internal/stream_base_commons.js:186:23)
2021-10-16 18:53:17:5317 error: error: column "msi" does not exist
    at Parser.parseErrorMessage (C:\Users\TOMMY\Desktop\Project1\obed-service\node_modules\pg-protocol\src\parser.ts:369:69)
    at Parser.handlePacket (C:\Users\TOMMY\Desktop\Project1\obed-service\node_modules\pg-protocol\src\parser.ts:188:21)
    at Parser.parse (C:\Users\TOMMY\Desktop\Project1\obed-service\node_modules\pg-protocol\src\parser.ts:103:30)
    at Socket.<anonymous> (C:\Users\TOMMY\Desktop\Project1\obed-service\node_modules\pg-protocol\src\index.ts:7:48)
    at Socket.emit (events.js:315:20)
    at addChunk (_stream_readable.js:295:12)
    at readableAddChunk (_stream_readable.js:271:9)
    at Socket.Readable.push (_stream_readable.js:212:10)
    at TCP.onStreamRead (internal/stream_base_commons.js:186:23)
2021-10-16 18:53:33:5333 error: error: column "msi" does not exist
    at Parser.parseErrorMessage (C:\Users\TOMMY\Desktop\Project1\obed-service\node_modules\pg-protocol\src\parser.ts:369:69)
    at Parser.handlePacket (C:\Users\TOMMY\Desktop\Project1\obed-service\node_modules\pg-protocol\src\parser.ts:188:21)
    at Parser.parse (C:\Users\TOMMY\Desktop\Project1\obed-service\node_modules\pg-protocol\src\parser.ts:103:30)
    at Socket.<anonymous> (C:\Users\TOMMY\Desktop\Project1\obed-service\node_modules\pg-protocol\src\index.ts:7:48)
    at Socket.emit (events.js:315:20)
    at addChunk (_stream_readable.js:295:12)
    at readableAddChunk (_stream_readable.js:271:9)
    at Socket.Readable.push (_stream_readable.js:212:10)
    at TCP.onStreamRead (internal/stream_base_commons.js:186:23)
2021-10-16 18:53:48:5348 error: error: missing FROM-clause entry for table "curriculumrow"
    at Parser.parseErrorMessage (C:\Users\TOMMY\Desktop\Project1\obed-service\node_modules\pg-protocol\src\parser.ts:369:69)
    at Parser.handlePacket (C:\Users\TOMMY\Desktop\Project1\obed-service\node_modules\pg-protocol\src\parser.ts:188:21)
    at Parser.parse (C:\Users\TOMMY\Desktop\Project1\obed-service\node_modules\pg-protocol\src\parser.ts:103:30)
    at Socket.<anonymous> (C:\Users\TOMMY\Desktop\Project1\obed-service\node_modules\pg-protocol\src\index.ts:7:48)
    at Socket.emit (events.js:315:20)
    at addChunk (_stream_readable.js:295:12)
    at readableAddChunk (_stream_readable.js:271:9)
    at Socket.Readable.push (_stream_readable.js:212:10)
    at TCP.onStreamRead (internal/stream_base_commons.js:186:23)
2021-10-17 00:28:04:284 error: ApplicationError: Unauthorized Access Token was expired
    at C:\Users\TOMMY\Desktop\Project1\obed-service\api\middleware\authorizationHandler.ts:35:16
    at Generator.next (<anonymous>)
    at C:\Users\TOMMY\Desktop\Project1\obed-service\api\middleware\authorizationHandler.ts:8:71
    at new Promise (<anonymous>)
    at __awaiter (C:\Users\TOMMY\Desktop\Project1\obed-service\api\middleware\authorizationHandler.ts:4:12)
    at verifyToken (C:\Users\TOMMY\Desktop\Project1\obed-service\api\middleware\authorizationHandler.ts:15:94)
    at Layer.handle [as handle_request] (C:\Users\TOMMY\Desktop\Project1\obed-service\node_modules\express\lib\router\layer.js:95:5)
    at next (C:\Users\TOMMY\Desktop\Project1\obed-service\node_modules\express\lib\router\route.js:137:13)
    at Route.dispatch (C:\Users\TOMMY\Desktop\Project1\obed-service\node_modules\express\lib\router\route.js:112:3)
    at Layer.handle [as handle_request] (C:\Users\TOMMY\Desktop\Project1\obed-service\node_modules\express\lib\router\layer.js:95:5)
    at C:\Users\TOMMY\Desktop\Project1\obed-service\node_modules\express\lib\router\index.js:281:22
    at param (C:\Users\TOMMY\Desktop\Project1\obed-service\node_modules\express\lib\router\index.js:354:14)
    at param (C:\Users\TOMMY\Desktop\Project1\obed-service\node_modules\express\lib\router\index.js:365:14)
    at Function.process_params (C:\Users\TOMMY\Desktop\Project1\obed-service\node_modules\express\lib\router\index.js:410:3)
    at next (C:\Users\TOMMY\Desktop\Project1\obed-service\node_modules\express\lib\router\index.js:275:10)
    at Function.handle (C:\Users\TOMMY\Desktop\Project1\obed-service\node_modules\express\lib\router\index.js:174:3)
2021-10-17 00:28:10:2810 error: error: syntax error at or near "SELECT"
    at Parser.parseErrorMessage (C:\Users\TOMMY\Desktop\Project1\obed-service\node_modules\pg-protocol\src\parser.ts:369:69)
    at Parser.handlePacket (C:\Users\TOMMY\Desktop\Project1\obed-service\node_modules\pg-protocol\src\parser.ts:188:21)
    at Parser.parse (C:\Users\TOMMY\Desktop\Project1\obed-service\node_modules\pg-protocol\src\parser.ts:103:30)
    at Socket.<anonymous> (C:\Users\TOMMY\Desktop\Project1\obed-service\node_modules\pg-protocol\src\index.ts:7:48)
    at Socket.emit (events.js:315:20)
    at addChunk (_stream_readable.js:295:12)
    at readableAddChunk (_stream_readable.js:271:9)
    at Socket.Readable.push (_stream_readable.js:212:10)
    at TCP.onStreamRead (internal/stream_base_commons.js:186:23)
2021-10-17 00:33:00:330 error: error: syntax error at or near "c"
    at Parser.parseErrorMessage (C:\Users\TOMMY\Desktop\Project1\obed-service\node_modules\pg-protocol\src\parser.ts:369:69)
    at Parser.handlePacket (C:\Users\TOMMY\Desktop\Project1\obed-service\node_modules\pg-protocol\src\parser.ts:188:21)
    at Parser.parse (C:\Users\TOMMY\Desktop\Project1\obed-service\node_modules\pg-protocol\src\parser.ts:103:30)
    at Socket.<anonymous> (C:\Users\TOMMY\Desktop\Project1\obed-service\node_modules\pg-protocol\src\index.ts:7:48)
    at Socket.emit (events.js:315:20)
    at addChunk (_stream_readable.js:295:12)
    at readableAddChunk (_stream_readable.js:271:9)
    at Socket.Readable.push (_stream_readable.js:212:10)
    at TCP.onStreamRead (internal/stream_base_commons.js:186:23)
2021-10-17 00:33:16:3316 error: error: syntax error at or near "c"
    at Parser.parseErrorMessage (C:\Users\TOMMY\Desktop\Project1\obed-service\node_modules\pg-protocol\src\parser.ts:369:69)
    at Parser.handlePacket (C:\Users\TOMMY\Desktop\Project1\obed-service\node_modules\pg-protocol\src\parser.ts:188:21)
    at Parser.parse (C:\Users\TOMMY\Desktop\Project1\obed-service\node_modules\pg-protocol\src\parser.ts:103:30)
    at Socket.<anonymous> (C:\Users\TOMMY\Desktop\Project1\obed-service\node_modules\pg-protocol\src\index.ts:7:48)
    at Socket.emit (events.js:315:20)
    at addChunk (_stream_readable.js:295:12)
    at readableAddChunk (_stream_readable.js:271:9)
    at Socket.Readable.push (_stream_readable.js:212:10)
    at TCP.onStreamRead (internal/stream_base_commons.js:186:23)
2021-10-17 00:33:39:3339 error: error: syntax error at or near "relative_standard_id"
    at Parser.parseErrorMessage (C:\Users\TOMMY\Desktop\Project1\obed-service\node_modules\pg-protocol\src\parser.ts:369:69)
    at Parser.handlePacket (C:\Users\TOMMY\Desktop\Project1\obed-service\node_modules\pg-protocol\src\parser.ts:188:21)
    at Parser.parse (C:\Users\TOMMY\Desktop\Project1\obed-service\node_modules\pg-protocol\src\parser.ts:103:30)
    at Socket.<anonymous> (C:\Users\TOMMY\Desktop\Project1\obed-service\node_modules\pg-protocol\src\index.ts:7:48)
    at Socket.emit (events.js:315:20)
    at addChunk (_stream_readable.js:295:12)
    at readableAddChunk (_stream_readable.js:271:9)
    at Socket.Readable.push (_stream_readable.js:212:10)
    at TCP.onStreamRead (internal/stream_base_commons.js:186:23)
2021-10-17 00:33:52:3352 error: error: syntax error at or near "relative_standard_id"
    at Parser.parseErrorMessage (C:\Users\TOMMY\Desktop\Project1\obed-service\node_modules\pg-protocol\src\parser.ts:369:69)
    at Parser.handlePacket (C:\Users\TOMMY\Desktop\Project1\obed-service\node_modules\pg-protocol\src\parser.ts:188:21)
    at Parser.parse (C:\Users\TOMMY\Desktop\Project1\obed-service\node_modules\pg-protocol\src\parser.ts:103:30)
    at Socket.<anonymous> (C:\Users\TOMMY\Desktop\Project1\obed-service\node_modules\pg-protocol\src\index.ts:7:48)
    at Socket.emit (events.js:315:20)
    at addChunk (_stream_readable.js:295:12)
    at readableAddChunk (_stream_readable.js:271:9)
    at Socket.Readable.push (_stream_readable.js:212:10)
    at TCP.onStreamRead (internal/stream_base_commons.js:186:23)
2021-10-17 00:33:56:3356 error: error: syntax error at or near "SELECT"
    at Parser.parseErrorMessage (C:\Users\TOMMY\Desktop\Project1\obed-service\node_modules\pg-protocol\src\parser.ts:369:69)
    at Parser.handlePacket (C:\Users\TOMMY\Desktop\Project1\obed-service\node_modules\pg-protocol\src\parser.ts:188:21)
    at Parser.parse (C:\Users\TOMMY\Desktop\Project1\obed-service\node_modules\pg-protocol\src\parser.ts:103:30)
    at Socket.<anonymous> (C:\Users\TOMMY\Desktop\Project1\obed-service\node_modules\pg-protocol\src\index.ts:7:48)
    at Socket.emit (events.js:315:20)
    at addChunk (_stream_readable.js:295:12)
    at readableAddChunk (_stream_readable.js:271:9)
    at Socket.Readable.push (_stream_readable.js:212:10)
    at TCP.onStreamRead (internal/stream_base_commons.js:186:23)
2021-10-17 00:34:43:3443 error: error: missing FROM-clause entry for table "standardrow"
    at Parser.parseErrorMessage (C:\Users\TOMMY\Desktop\Project1\obed-service\node_modules\pg-protocol\src\parser.ts:369:69)
    at Parser.handlePacket (C:\Users\TOMMY\Desktop\Project1\obed-service\node_modules\pg-protocol\src\parser.ts:188:21)
    at Parser.parse (C:\Users\TOMMY\Desktop\Project1\obed-service\node_modules\pg-protocol\src\parser.ts:103:30)
    at Socket.<anonymous> (C:\Users\TOMMY\Desktop\Project1\obed-service\node_modules\pg-protocol\src\index.ts:7:48)
    at Socket.emit (events.js:315:20)
    at addChunk (_stream_readable.js:295:12)
    at readableAddChunk (_stream_readable.js:271:9)
    at Socket.Readable.push (_stream_readable.js:212:10)
    at TCP.onStreamRead (internal/stream_base_commons.js:186:23)
2021-10-17 00:35:51:3551 error: error: missing FROM-clause entry for table "standardrow"
    at Parser.parseErrorMessage (C:\Users\TOMMY\Desktop\Project1\obed-service\node_modules\pg-protocol\src\parser.ts:369:69)
    at Parser.handlePacket (C:\Users\TOMMY\Desktop\Project1\obed-service\node_modules\pg-protocol\src\parser.ts:188:21)
    at Parser.parse (C:\Users\TOMMY\Desktop\Project1\obed-service\node_modules\pg-protocol\src\parser.ts:103:30)
    at Socket.<anonymous> (C:\Users\TOMMY\Desktop\Project1\obed-service\node_modules\pg-protocol\src\index.ts:7:48)
    at Socket.emit (events.js:315:20)
    at addChunk (_stream_readable.js:295:12)
    at readableAddChunk (_stream_readable.js:271:9)
    at Socket.Readable.push (_stream_readable.js:212:10)
    at TCP.onStreamRead (internal/stream_base_commons.js:186:23)
2021-10-17 00:36:07:367 error: error: missing FROM-clause entry for table "standardrow"
    at Parser.parseErrorMessage (C:\Users\TOMMY\Desktop\Project1\obed-service\node_modules\pg-protocol\src\parser.ts:369:69)
    at Parser.handlePacket (C:\Users\TOMMY\Desktop\Project1\obed-service\node_modules\pg-protocol\src\parser.ts:188:21)
    at Parser.parse (C:\Users\TOMMY\Desktop\Project1\obed-service\node_modules\pg-protocol\src\parser.ts:103:30)
    at Socket.<anonymous> (C:\Users\TOMMY\Desktop\Project1\obed-service\node_modules\pg-protocol\src\index.ts:7:48)
    at Socket.emit (events.js:315:20)
    at addChunk (_stream_readable.js:295:12)
    at readableAddChunk (_stream_readable.js:271:9)
    at Socket.Readable.push (_stream_readable.js:212:10)
    at TCP.onStreamRead (internal/stream_base_commons.js:186:23)
2021-10-17 00:36:38:3638 error: error: duplicate key value violates unique constraint "standards_pkey"
    at Parser.parseErrorMessage (C:\Users\TOMMY\Desktop\Project1\obed-service\node_modules\pg-protocol\src\parser.ts:369:69)
    at Parser.handlePacket (C:\Users\TOMMY\Desktop\Project1\obed-service\node_modules\pg-protocol\src\parser.ts:188:21)
    at Parser.parse (C:\Users\TOMMY\Desktop\Project1\obed-service\node_modules\pg-protocol\src\parser.ts:103:30)
    at Socket.<anonymous> (C:\Users\TOMMY\Desktop\Project1\obed-service\node_modules\pg-protocol\src\index.ts:7:48)
    at Socket.emit (events.js:315:20)
    at addChunk (_stream_readable.js:295:12)
    at readableAddChunk (_stream_readable.js:271:9)
    at Socket.Readable.push (_stream_readable.js:212:10)
    at TCP.onStreamRead (internal/stream_base_commons.js:186:23)
2021-10-17 00:38:57:3857 error: TypeError: Cannot read property '0' of undefined
    at C:\Users\TOMMY\Desktop\Project1\obed-service\api\controllers\standard.ts:13:30
    at Generator.next (<anonymous>)
    at fulfilled (C:\Users\TOMMY\Desktop\Project1\obed-service\api\controllers\standard.ts:5:58)
    at processTicksAndRejections (internal/process/task_queues.js:97:5)
2021-10-17 00:39:09:399 error: TypeError: Cannot read property '0' of undefined
    at C:\Users\TOMMY\Desktop\Project1\obed-service\api\controllers\standard.ts:13:30
    at Generator.next (<anonymous>)
    at fulfilled (C:\Users\TOMMY\Desktop\Project1\obed-service\api\controllers\standard.ts:5:58)
    at processTicksAndRejections (internal/process/task_queues.js:97:5)
2021-10-17 00:49:28:4928 error: TypeError: Cannot read property '0' of undefined
    at C:\Users\TOMMY\Desktop\Project1\obed-service\api\controllers\standard.ts:13:30
    at Generator.next (<anonymous>)
    at fulfilled (C:\Users\TOMMY\Desktop\Project1\obed-service\api\controllers\standard.ts:5:58)
    at processTicksAndRejections (internal/process/task_queues.js:97:5)
2021-10-17 00:50:24:5024 error: error: column "standardrow" does not exist
    at Parser.parseErrorMessage (C:\Users\TOMMY\Desktop\Project1\obed-service\node_modules\pg-protocol\src\parser.ts:369:69)
    at Parser.handlePacket (C:\Users\TOMMY\Desktop\Project1\obed-service\node_modules\pg-protocol\src\parser.ts:188:21)
    at Parser.parse (C:\Users\TOMMY\Desktop\Project1\obed-service\node_modules\pg-protocol\src\parser.ts:103:30)
    at Socket.<anonymous> (C:\Users\TOMMY\Desktop\Project1\obed-service\node_modules\pg-protocol\src\index.ts:7:48)
    at Socket.emit (events.js:315:20)
    at addChunk (_stream_readable.js:295:12)
    at readableAddChunk (_stream_readable.js:271:9)
    at Socket.Readable.push (_stream_readable.js:212:10)
    at TCP.onStreamRead (internal/stream_base_commons.js:186:23)
2021-10-17 00:50:37:5037 error: error: column "standardrow" does not exist
    at Parser.parseErrorMessage (C:\Users\TOMMY\Desktop\Project1\obed-service\node_modules\pg-protocol\src\parser.ts:369:69)
    at Parser.handlePacket (C:\Users\TOMMY\Desktop\Project1\obed-service\node_modules\pg-protocol\src\parser.ts:188:21)
    at Parser.parse (C:\Users\TOMMY\Desktop\Project1\obed-service\node_modules\pg-protocol\src\parser.ts:103:30)
    at Socket.<anonymous> (C:\Users\TOMMY\Desktop\Project1\obed-service\node_modules\pg-protocol\src\index.ts:7:48)
    at Socket.emit (events.js:315:20)
    at addChunk (_stream_readable.js:295:12)
    at readableAddChunk (_stream_readable.js:271:9)
    at Socket.Readable.push (_stream_readable.js:212:10)
    at TCP.onStreamRead (internal/stream_base_commons.js:186:23)
2021-10-17 00:51:08:518 error: error: syntax error at or near "SELECT"
    at Parser.parseErrorMessage (C:\Users\TOMMY\Desktop\Project1\obed-service\node_modules\pg-protocol\src\parser.ts:369:69)
    at Parser.handlePacket (C:\Users\TOMMY\Desktop\Project1\obed-service\node_modules\pg-protocol\src\parser.ts:188:21)
    at Parser.parse (C:\Users\TOMMY\Desktop\Project1\obed-service\node_modules\pg-protocol\src\parser.ts:103:30)
    at Socket.<anonymous> (C:\Users\TOMMY\Desktop\Project1\obed-service\node_modules\pg-protocol\src\index.ts:7:48)
    at Socket.emit (events.js:315:20)
    at addChunk (_stream_readable.js:295:12)
    at readableAddChunk (_stream_readable.js:271:9)
    at Socket.Readable.push (_stream_readable.js:212:10)
    at TCP.onStreamRead (internal/stream_base_commons.js:186:23)
2021-10-17 00:51:18:5118 error: error: cannot insert multiple commands into a prepared statement
    at Parser.parseErrorMessage (C:\Users\TOMMY\Desktop\Project1\obed-service\node_modules\pg-protocol\src\parser.ts:369:69)
    at Parser.handlePacket (C:\Users\TOMMY\Desktop\Project1\obed-service\node_modules\pg-protocol\src\parser.ts:188:21)
    at Parser.parse (C:\Users\TOMMY\Desktop\Project1\obed-service\node_modules\pg-protocol\src\parser.ts:103:30)
    at Socket.<anonymous> (C:\Users\TOMMY\Desktop\Project1\obed-service\node_modules\pg-protocol\src\index.ts:7:48)
    at Socket.emit (events.js:315:20)
    at addChunk (_stream_readable.js:295:12)
    at readableAddChunk (_stream_readable.js:271:9)
    at Socket.Readable.push (_stream_readable.js:212:10)
    at TCP.onStreamRead (internal/stream_base_commons.js:186:23)
2021-10-17 00:52:05:525 error: TypeError: Cannot read property '0' of undefined
    at C:\Users\TOMMY\Desktop\Project1\obed-service\api\controllers\standard.ts:13:30
    at Generator.next (<anonymous>)
    at fulfilled (C:\Users\TOMMY\Desktop\Project1\obed-service\api\controllers\standard.ts:5:58)
    at processTicksAndRejections (internal/process/task_queues.js:97:5)
2021-10-17 00:52:18:5218 error: TypeError: Cannot read property '0' of undefined
    at C:\Users\TOMMY\Desktop\Project1\obed-service\api\controllers\standard.ts:13:30
    at Generator.next (<anonymous>)
    at fulfilled (C:\Users\TOMMY\Desktop\Project1\obed-service\api\controllers\standard.ts:5:58)
    at processTicksAndRejections (internal/process/task_queues.js:97:5)
2021-10-17 00:52:59:5259 error: TypeError: Cannot read property '0' of undefined
    at C:\Users\TOMMY\Desktop\Project1\obed-service\api\controllers\standard.ts:15:30
    at Generator.next (<anonymous>)
    at fulfilled (C:\Users\TOMMY\Desktop\Project1\obed-service\api\controllers\standard.ts:5:58)
    at processTicksAndRejections (internal/process/task_queues.js:97:5)
2021-10-17 01:26:07:267 error: error: cannot insert multiple commands into a prepared statement
    at Parser.parseErrorMessage (C:\Users\TOMMY\Desktop\Project1\obed-service\node_modules\pg-protocol\src\parser.ts:369:69)
    at Parser.handlePacket (C:\Users\TOMMY\Desktop\Project1\obed-service\node_modules\pg-protocol\src\parser.ts:188:21)
    at Parser.parse (C:\Users\TOMMY\Desktop\Project1\obed-service\node_modules\pg-protocol\src\parser.ts:103:30)
    at Socket.<anonymous> (C:\Users\TOMMY\Desktop\Project1\obed-service\node_modules\pg-protocol\src\index.ts:7:48)
    at Socket.emit (events.js:315:20)
    at addChunk (_stream_readable.js:295:12)
    at readableAddChunk (_stream_readable.js:271:9)
    at Socket.Readable.push (_stream_readable.js:212:10)
    at TCP.onStreamRead (internal/stream_base_commons.js:186:23)
2021-10-17 01:41:29:4129 error: ApplicationError: Unauthorized Access Token was expired
    at C:\Users\TOMMY\Desktop\Project1\obed-service\api\middleware\authorizationHandler.ts:35:16
    at Generator.next (<anonymous>)
    at C:\Users\TOMMY\Desktop\Project1\obed-service\api\middleware\authorizationHandler.ts:8:71
    at new Promise (<anonymous>)
    at __awaiter (C:\Users\TOMMY\Desktop\Project1\obed-service\api\middleware\authorizationHandler.ts:4:12)
    at verifyToken (C:\Users\TOMMY\Desktop\Project1\obed-service\api\middleware\authorizationHandler.ts:15:94)
    at Layer.handle [as handle_request] (C:\Users\TOMMY\Desktop\Project1\obed-service\node_modules\express\lib\router\layer.js:95:5)
    at next (C:\Users\TOMMY\Desktop\Project1\obed-service\node_modules\express\lib\router\route.js:137:13)
    at Route.dispatch (C:\Users\TOMMY\Desktop\Project1\obed-service\node_modules\express\lib\router\route.js:112:3)
    at Layer.handle [as handle_request] (C:\Users\TOMMY\Desktop\Project1\obed-service\node_modules\express\lib\router\layer.js:95:5)
    at C:\Users\TOMMY\Desktop\Project1\obed-service\node_modules\express\lib\router\index.js:281:22
    at param (C:\Users\TOMMY\Desktop\Project1\obed-service\node_modules\express\lib\router\index.js:354:14)
    at param (C:\Users\TOMMY\Desktop\Project1\obed-service\node_modules\express\lib\router\index.js:365:14)
    at Function.process_params (C:\Users\TOMMY\Desktop\Project1\obed-service\node_modules\express\lib\router\index.js:410:3)
    at next (C:\Users\TOMMY\Desktop\Project1\obed-service\node_modules\express\lib\router\index.js:275:10)
    at Function.handle (C:\Users\TOMMY\Desktop\Project1\obed-service\node_modules\express\lib\router\index.js:174:3)
2021-10-17 01:41:38:4138 error: error: column cr.relative_standard_id does not exist
    at Parser.parseErrorMessage (C:\Users\TOMMY\Desktop\Project1\obed-service\node_modules\pg-protocol\src\parser.ts:369:69)
    at Parser.handlePacket (C:\Users\TOMMY\Desktop\Project1\obed-service\node_modules\pg-protocol\src\parser.ts:188:21)
    at Parser.parse (C:\Users\TOMMY\Desktop\Project1\obed-service\node_modules\pg-protocol\src\parser.ts:103:30)
    at Socket.<anonymous> (C:\Users\TOMMY\Desktop\Project1\obed-service\node_modules\pg-protocol\src\index.ts:7:48)
    at Socket.emit (events.js:315:20)
    at addChunk (_stream_readable.js:295:12)
    at readableAddChunk (_stream_readable.js:271:9)
    at Socket.Readable.push (_stream_readable.js:212:10)
    at TCP.onStreamRead (internal/stream_base_commons.js:186:23)
2021-10-17 01:42:14:4214 error: error: cannot insert multiple commands into a prepared statement
    at Parser.parseErrorMessage (C:\Users\TOMMY\Desktop\Project1\obed-service\node_modules\pg-protocol\src\parser.ts:369:69)
    at Parser.handlePacket (C:\Users\TOMMY\Desktop\Project1\obed-service\node_modules\pg-protocol\src\parser.ts:188:21)
    at Parser.parse (C:\Users\TOMMY\Desktop\Project1\obed-service\node_modules\pg-protocol\src\parser.ts:103:30)
    at Socket.<anonymous> (C:\Users\TOMMY\Desktop\Project1\obed-service\node_modules\pg-protocol\src\index.ts:7:48)
    at Socket.emit (events.js:315:20)
    at addChunk (_stream_readable.js:295:12)
    at readableAddChunk (_stream_readable.js:271:9)
    at Socket.Readable.push (_stream_readable.js:212:10)
    at TCP.onStreamRead (internal/stream_base_commons.js:186:23)
2021-10-17 01:43:20:4320 error: error: division by zero
    at Parser.parseErrorMessage (C:\Users\TOMMY\Desktop\Project1\obed-service\node_modules\pg-protocol\src\parser.ts:369:69)
    at Parser.handlePacket (C:\Users\TOMMY\Desktop\Project1\obed-service\node_modules\pg-protocol\src\parser.ts:188:21)
    at Parser.parse (C:\Users\TOMMY\Desktop\Project1\obed-service\node_modules\pg-protocol\src\parser.ts:103:30)
    at Socket.<anonymous> (C:\Users\TOMMY\Desktop\Project1\obed-service\node_modules\pg-protocol\src\index.ts:7:48)
    at Socket.emit (events.js:315:20)
    at addChunk (_stream_readable.js:295:12)
    at readableAddChunk (_stream_readable.js:271:9)
    at Socket.Readable.push (_stream_readable.js:212:10)
    at TCP.onStreamRead (internal/stream_base_commons.js:186:23)
2021-10-17 01:44:11:4411 error: error: division by zero
    at Parser.parseErrorMessage (C:\Users\TOMMY\Desktop\Project1\obed-service\node_modules\pg-protocol\src\parser.ts:369:69)
    at Parser.handlePacket (C:\Users\TOMMY\Desktop\Project1\obed-service\node_modules\pg-protocol\src\parser.ts:188:21)
    at Parser.parse (C:\Users\TOMMY\Desktop\Project1\obed-service\node_modules\pg-protocol\src\parser.ts:103:30)
    at Socket.<anonymous> (C:\Users\TOMMY\Desktop\Project1\obed-service\node_modules\pg-protocol\src\index.ts:7:48)
    at Socket.emit (events.js:315:20)
    at addChunk (_stream_readable.js:295:12)
    at readableAddChunk (_stream_readable.js:271:9)
    at Socket.Readable.push (_stream_readable.js:212:10)
    at TCP.onStreamRead (internal/stream_base_commons.js:186:23)
2021-10-17 01:44:22:4422 error: error: division by zero
    at Parser.parseErrorMessage (C:\Users\TOMMY\Desktop\Project1\obed-service\node_modules\pg-protocol\src\parser.ts:369:69)
    at Parser.handlePacket (C:\Users\TOMMY\Desktop\Project1\obed-service\node_modules\pg-protocol\src\parser.ts:188:21)
    at Parser.parse (C:\Users\TOMMY\Desktop\Project1\obed-service\node_modules\pg-protocol\src\parser.ts:103:30)
    at Socket.<anonymous> (C:\Users\TOMMY\Desktop\Project1\obed-service\node_modules\pg-protocol\src\index.ts:7:48)
    at Socket.emit (events.js:315:20)
    at addChunk (_stream_readable.js:295:12)
    at readableAddChunk (_stream_readable.js:271:9)
    at Socket.Readable.push (_stream_readable.js:212:10)
    at TCP.onStreamRead (internal/stream_base_commons.js:186:23)
2021-10-17 01:46:13:4613 error: error: division by zero
    at Parser.parseErrorMessage (C:\Users\TOMMY\Desktop\Project1\obed-service\node_modules\pg-protocol\src\parser.ts:369:69)
    at Parser.handlePacket (C:\Users\TOMMY\Desktop\Project1\obed-service\node_modules\pg-protocol\src\parser.ts:188:21)
    at Parser.parse (C:\Users\TOMMY\Desktop\Project1\obed-service\node_modules\pg-protocol\src\parser.ts:103:30)
    at Socket.<anonymous> (C:\Users\TOMMY\Desktop\Project1\obed-service\node_modules\pg-protocol\src\index.ts:7:48)
    at Socket.emit (events.js:315:20)
    at addChunk (_stream_readable.js:295:12)
    at readableAddChunk (_stream_readable.js:271:9)
    at Socket.Readable.push (_stream_readable.js:212:10)
    at TCP.onStreamRead (internal/stream_base_commons.js:186:23)
2021-10-17 01:46:14:4614 error: error: division by zero
    at Parser.parseErrorMessage (C:\Users\TOMMY\Desktop\Project1\obed-service\node_modules\pg-protocol\src\parser.ts:369:69)
    at Parser.handlePacket (C:\Users\TOMMY\Desktop\Project1\obed-service\node_modules\pg-protocol\src\parser.ts:188:21)
    at Parser.parse (C:\Users\TOMMY\Desktop\Project1\obed-service\node_modules\pg-protocol\src\parser.ts:103:30)
    at Socket.<anonymous> (C:\Users\TOMMY\Desktop\Project1\obed-service\node_modules\pg-protocol\src\index.ts:7:48)
    at Socket.emit (events.js:315:20)
    at addChunk (_stream_readable.js:295:12)
    at readableAddChunk (_stream_readable.js:271:9)
    at Socket.Readable.push (_stream_readable.js:212:10)
    at TCP.onStreamRead (internal/stream_base_commons.js:186:23)
2021-10-17 01:46:36:4636 error: error: type "raise" does not exist
    at Parser.parseErrorMessage (C:\Users\TOMMY\Desktop\Project1\obed-service\node_modules\pg-protocol\src\parser.ts:369:69)
    at Parser.handlePacket (C:\Users\TOMMY\Desktop\Project1\obed-service\node_modules\pg-protocol\src\parser.ts:188:21)
    at Parser.parse (C:\Users\TOMMY\Desktop\Project1\obed-service\node_modules\pg-protocol\src\parser.ts:103:30)
    at Socket.<anonymous> (C:\Users\TOMMY\Desktop\Project1\obed-service\node_modules\pg-protocol\src\index.ts:7:48)
    at Socket.emit (events.js:315:20)
    at addChunk (_stream_readable.js:295:12)
    at readableAddChunk (_stream_readable.js:271:9)
    at Socket.Readable.push (_stream_readable.js:212:10)
    at TCP.onStreamRead (internal/stream_base_commons.js:186:23)
2021-10-17 01:53:55:5355 error: error: syntax error at or near "IF"
    at Parser.parseErrorMessage (C:\Users\TOMMY\Desktop\Project1\obed-service\node_modules\pg-protocol\src\parser.ts:369:69)
    at Parser.handlePacket (C:\Users\TOMMY\Desktop\Project1\obed-service\node_modules\pg-protocol\src\parser.ts:188:21)
    at Parser.parse (C:\Users\TOMMY\Desktop\Project1\obed-service\node_modules\pg-protocol\src\parser.ts:103:30)
    at Socket.<anonymous> (C:\Users\TOMMY\Desktop\Project1\obed-service\node_modules\pg-protocol\src\index.ts:7:48)
    at Socket.emit (events.js:315:20)
    at addChunk (_stream_readable.js:295:12)
    at readableAddChunk (_stream_readable.js:271:9)
    at Socket.Readable.push (_stream_readable.js:212:10)
    at TCP.onStreamRead (internal/stream_base_commons.js:186:23)
2021-10-17 01:54:49:5449 error: error: syntax error at or near "IF"
    at Parser.parseErrorMessage (C:\Users\TOMMY\Desktop\Project1\obed-service\node_modules\pg-protocol\src\parser.ts:369:69)
    at Parser.handlePacket (C:\Users\TOMMY\Desktop\Project1\obed-service\node_modules\pg-protocol\src\parser.ts:188:21)
    at Parser.parse (C:\Users\TOMMY\Desktop\Project1\obed-service\node_modules\pg-protocol\src\parser.ts:103:30)
    at Socket.<anonymous> (C:\Users\TOMMY\Desktop\Project1\obed-service\node_modules\pg-protocol\src\index.ts:7:48)
    at Socket.emit (events.js:315:20)
    at addChunk (_stream_readable.js:295:12)
    at readableAddChunk (_stream_readable.js:271:9)
    at Socket.Readable.push (_stream_readable.js:212:10)
    at TCP.onStreamRead (internal/stream_base_commons.js:186:23)
2021-10-17 01:55:05:555 error: error: syntax error at or near "SELECT"
    at Parser.parseErrorMessage (C:\Users\TOMMY\Desktop\Project1\obed-service\node_modules\pg-protocol\src\parser.ts:369:69)
    at Parser.handlePacket (C:\Users\TOMMY\Desktop\Project1\obed-service\node_modules\pg-protocol\src\parser.ts:188:21)
    at Parser.parse (C:\Users\TOMMY\Desktop\Project1\obed-service\node_modules\pg-protocol\src\parser.ts:103:30)
    at Socket.<anonymous> (C:\Users\TOMMY\Desktop\Project1\obed-service\node_modules\pg-protocol\src\index.ts:7:48)
    at Socket.emit (events.js:315:20)
    at addChunk (_stream_readable.js:295:12)
    at readableAddChunk (_stream_readable.js:271:9)
    at Socket.Readable.push (_stream_readable.js:212:10)
    at TCP.onStreamRead (internal/stream_base_commons.js:186:23)
2021-10-17 01:55:32:5532 error: error: syntax error at or near ";"
    at Parser.parseErrorMessage (C:\Users\TOMMY\Desktop\Project1\obed-service\node_modules\pg-protocol\src\parser.ts:369:69)
    at Parser.handlePacket (C:\Users\TOMMY\Desktop\Project1\obed-service\node_modules\pg-protocol\src\parser.ts:188:21)
    at Parser.parse (C:\Users\TOMMY\Desktop\Project1\obed-service\node_modules\pg-protocol\src\parser.ts:103:30)
    at Socket.<anonymous> (C:\Users\TOMMY\Desktop\Project1\obed-service\node_modules\pg-protocol\src\index.ts:7:48)
    at Socket.emit (events.js:315:20)
    at addChunk (_stream_readable.js:295:12)
    at readableAddChunk (_stream_readable.js:271:9)
    at Socket.Readable.push (_stream_readable.js:212:10)
    at TCP.onStreamRead (internal/stream_base_commons.js:186:23)
2021-10-17 01:55:55:5555 error: error: syntax error at or near "BEGIN"
    at Parser.parseErrorMessage (C:\Users\TOMMY\Desktop\Project1\obed-service\node_modules\pg-protocol\src\parser.ts:369:69)
    at Parser.handlePacket (C:\Users\TOMMY\Desktop\Project1\obed-service\node_modules\pg-protocol\src\parser.ts:188:21)
    at Parser.parse (C:\Users\TOMMY\Desktop\Project1\obed-service\node_modules\pg-protocol\src\parser.ts:103:30)
    at Socket.<anonymous> (C:\Users\TOMMY\Desktop\Project1\obed-service\node_modules\pg-protocol\src\index.ts:7:48)
    at Socket.emit (events.js:315:20)
    at addChunk (_stream_readable.js:295:12)
    at readableAddChunk (_stream_readable.js:271:9)
    at Socket.Readable.push (_stream_readable.js:212:10)
    at TCP.onStreamRead (internal/stream_base_commons.js:186:23)
2021-10-17 01:56:36:5636 error: error: division by zero
    at Parser.parseErrorMessage (C:\Users\TOMMY\Desktop\Project1\obed-service\node_modules\pg-protocol\src\parser.ts:369:69)
    at Parser.handlePacket (C:\Users\TOMMY\Desktop\Project1\obed-service\node_modules\pg-protocol\src\parser.ts:188:21)
    at Parser.parse (C:\Users\TOMMY\Desktop\Project1\obed-service\node_modules\pg-protocol\src\parser.ts:103:30)
    at Socket.<anonymous> (C:\Users\TOMMY\Desktop\Project1\obed-service\node_modules\pg-protocol\src\index.ts:7:48)
    at Socket.emit (events.js:315:20)
    at addChunk (_stream_readable.js:295:12)
    at readableAddChunk (_stream_readable.js:271:9)
    at Socket.Readable.push (_stream_readable.js:212:10)
    at TCP.onStreamRead (internal/stream_base_commons.js:186:23)
2021-10-17 01:57:03:573 error: error: division by zero
    at Parser.parseErrorMessage (C:\Users\TOMMY\Desktop\Project1\obed-service\node_modules\pg-protocol\src\parser.ts:369:69)
    at Parser.handlePacket (C:\Users\TOMMY\Desktop\Project1\obed-service\node_modules\pg-protocol\src\parser.ts:188:21)
    at Parser.parse (C:\Users\TOMMY\Desktop\Project1\obed-service\node_modules\pg-protocol\src\parser.ts:103:30)
    at Socket.<anonymous> (C:\Users\TOMMY\Desktop\Project1\obed-service\node_modules\pg-protocol\src\index.ts:7:48)
    at Socket.emit (events.js:315:20)
    at addChunk (_stream_readable.js:295:12)
    at readableAddChunk (_stream_readable.js:271:9)
    at Socket.Readable.push (_stream_readable.js:212:10)
    at TCP.onStreamRead (internal/stream_base_commons.js:186:23)
2021-10-17 01:58:11:5811 error: error: column "relative" does not exist
    at Parser.parseErrorMessage (C:\Users\TOMMY\Desktop\Project1\obed-service\node_modules\pg-protocol\src\parser.ts:369:69)
    at Parser.handlePacket (C:\Users\TOMMY\Desktop\Project1\obed-service\node_modules\pg-protocol\src\parser.ts:188:21)
    at Parser.parse (C:\Users\TOMMY\Desktop\Project1\obed-service\node_modules\pg-protocol\src\parser.ts:103:30)
    at Socket.<anonymous> (C:\Users\TOMMY\Desktop\Project1\obed-service\node_modules\pg-protocol\src\index.ts:7:48)
    at Socket.emit (events.js:315:20)
    at addChunk (_stream_readable.js:295:12)
    at readableAddChunk (_stream_readable.js:271:9)
    at Socket.Readable.push (_stream_readable.js:212:10)
    at TCP.onStreamRead (internal/stream_base_commons.js:186:23)
2021-10-17 02:00:55:055 error: error: syntax error at or near "CASE"
    at Parser.parseErrorMessage (C:\Users\TOMMY\Desktop\Project1\obed-service\node_modules\pg-protocol\src\parser.ts:369:69)
    at Parser.handlePacket (C:\Users\TOMMY\Desktop\Project1\obed-service\node_modules\pg-protocol\src\parser.ts:188:21)
    at Parser.parse (C:\Users\TOMMY\Desktop\Project1\obed-service\node_modules\pg-protocol\src\parser.ts:103:30)
    at Socket.<anonymous> (C:\Users\TOMMY\Desktop\Project1\obed-service\node_modules\pg-protocol\src\index.ts:7:48)
    at Socket.emit (events.js:315:20)
    at addChunk (_stream_readable.js:295:12)
    at readableAddChunk (_stream_readable.js:271:9)
    at Socket.Readable.push (_stream_readable.js:212:10)
    at TCP.onStreamRead (internal/stream_base_commons.js:186:23)
2021-10-17 02:01:41:141 error: error: syntax error at or near "CASE"
    at Parser.parseErrorMessage (C:\Users\TOMMY\Desktop\Project1\obed-service\node_modules\pg-protocol\src\parser.ts:369:69)
    at Parser.handlePacket (C:\Users\TOMMY\Desktop\Project1\obed-service\node_modules\pg-protocol\src\parser.ts:188:21)
    at Parser.parse (C:\Users\TOMMY\Desktop\Project1\obed-service\node_modules\pg-protocol\src\parser.ts:103:30)
    at Socket.<anonymous> (C:\Users\TOMMY\Desktop\Project1\obed-service\node_modules\pg-protocol\src\index.ts:7:48)
    at Socket.emit (events.js:315:20)
    at addChunk (_stream_readable.js:295:12)
    at readableAddChunk (_stream_readable.js:271:9)
    at Socket.Readable.push (_stream_readable.js:212:10)
    at TCP.onStreamRead (internal/stream_base_commons.js:186:23)
2021-10-17 02:08:37:837 error: error: syntax error at or near "END"
    at Parser.parseErrorMessage (C:\Users\TOMMY\Desktop\Project1\obed-service\node_modules\pg-protocol\src\parser.ts:369:69)
    at Parser.handlePacket (C:\Users\TOMMY\Desktop\Project1\obed-service\node_modules\pg-protocol\src\parser.ts:188:21)
    at Parser.parse (C:\Users\TOMMY\Desktop\Project1\obed-service\node_modules\pg-protocol\src\parser.ts:103:30)
    at Socket.<anonymous> (C:\Users\TOMMY\Desktop\Project1\obed-service\node_modules\pg-protocol\src\index.ts:7:48)
    at Socket.emit (events.js:315:20)
    at addChunk (_stream_readable.js:295:12)
    at readableAddChunk (_stream_readable.js:271:9)
    at Socket.Readable.push (_stream_readable.js:212:10)
    at TCP.onStreamRead (internal/stream_base_commons.js:186:23)
2021-10-17 02:12:45:1245 error: error: division by zero
    at Parser.parseErrorMessage (C:\Users\TOMMY\Desktop\Project1\obed-service\node_modules\pg-protocol\src\parser.ts:369:69)
    at Parser.handlePacket (C:\Users\TOMMY\Desktop\Project1\obed-service\node_modules\pg-protocol\src\parser.ts:188:21)
    at Parser.parse (C:\Users\TOMMY\Desktop\Project1\obed-service\node_modules\pg-protocol\src\parser.ts:103:30)
    at Socket.<anonymous> (C:\Users\TOMMY\Desktop\Project1\obed-service\node_modules\pg-protocol\src\index.ts:7:48)
    at Socket.emit (events.js:315:20)
    at addChunk (_stream_readable.js:295:12)
    at readableAddChunk (_stream_readable.js:271:9)
    at Socket.Readable.push (_stream_readable.js:212:10)
    at TCP.onStreamRead (internal/stream_base_commons.js:186:23)
2021-10-17 02:13:43:1343 error: error: syntax error at or near "EXCEPTION"
    at Parser.parseErrorMessage (C:\Users\TOMMY\Desktop\Project1\obed-service\node_modules\pg-protocol\src\parser.ts:369:69)
    at Parser.handlePacket (C:\Users\TOMMY\Desktop\Project1\obed-service\node_modules\pg-protocol\src\parser.ts:188:21)
    at Parser.parse (C:\Users\TOMMY\Desktop\Project1\obed-service\node_modules\pg-protocol\src\parser.ts:103:30)
    at Socket.<anonymous> (C:\Users\TOMMY\Desktop\Project1\obed-service\node_modules\pg-protocol\src\index.ts:7:48)
    at Socket.emit (events.js:315:20)
    at addChunk (_stream_readable.js:295:12)
    at readableAddChunk (_stream_readable.js:271:9)
    at Socket.Readable.push (_stream_readable.js:212:10)
    at TCP.onStreamRead (internal/stream_base_commons.js:186:23)
2021-10-17 02:13:51:1351 error: error: type "raise" does not exist
    at Parser.parseErrorMessage (C:\Users\TOMMY\Desktop\Project1\obed-service\node_modules\pg-protocol\src\parser.ts:369:69)
    at Parser.handlePacket (C:\Users\TOMMY\Desktop\Project1\obed-service\node_modules\pg-protocol\src\parser.ts:188:21)
    at Parser.parse (C:\Users\TOMMY\Desktop\Project1\obed-service\node_modules\pg-protocol\src\parser.ts:103:30)
    at Socket.<anonymous> (C:\Users\TOMMY\Desktop\Project1\obed-service\node_modules\pg-protocol\src\index.ts:7:48)
    at Socket.emit (events.js:315:20)
    at addChunk (_stream_readable.js:295:12)
    at readableAddChunk (_stream_readable.js:271:9)
    at Socket.Readable.push (_stream_readable.js:212:10)
    at TCP.onStreamRead (internal/stream_base_commons.js:186:23)
2021-10-17 12:46:44:4644 error: error: column "curriculumid" of relation "standards" does not exist
    at Parser.parseErrorMessage (C:\Users\TOMMY\Desktop\Project1\obed-service\node_modules\pg-protocol\src\parser.ts:369:69)
    at Parser.handlePacket (C:\Users\TOMMY\Desktop\Project1\obed-service\node_modules\pg-protocol\src\parser.ts:188:21)
    at Parser.parse (C:\Users\TOMMY\Desktop\Project1\obed-service\node_modules\pg-protocol\src\parser.ts:103:30)
    at Socket.<anonymous> (C:\Users\TOMMY\Desktop\Project1\obed-service\node_modules\pg-protocol\src\index.ts:7:48)
    at Socket.emit (events.js:315:20)
    at addChunk (_stream_readable.js:295:12)
    at readableAddChunk (_stream_readable.js:271:9)
    at Socket.Readable.push (_stream_readable.js:212:10)
    at TCP.onStreamRead (internal/stream_base_commons.js:186:23)
2021-10-17 12:50:41:5041 error: error: syntax error at or near "WHERE"
    at Parser.parseErrorMessage (C:\Users\TOMMY\Desktop\Project1\obed-service\node_modules\pg-protocol\src\parser.ts:369:69)
    at Parser.handlePacket (C:\Users\TOMMY\Desktop\Project1\obed-service\node_modules\pg-protocol\src\parser.ts:188:21)
    at Parser.parse (C:\Users\TOMMY\Desktop\Project1\obed-service\node_modules\pg-protocol\src\parser.ts:103:30)
    at Socket.<anonymous> (C:\Users\TOMMY\Desktop\Project1\obed-service\node_modules\pg-protocol\src\index.ts:7:48)
    at Socket.emit (events.js:315:20)
    at addChunk (_stream_readable.js:295:12)
    at readableAddChunk (_stream_readable.js:271:9)
    at Socket.Readable.push (_stream_readable.js:212:10)
    at TCP.onStreamRead (internal/stream_base_commons.js:186:23)
2021-10-17 12:51:03:513 error: error: syntax error at or near "WHERE"
    at Parser.parseErrorMessage (C:\Users\TOMMY\Desktop\Project1\obed-service\node_modules\pg-protocol\src\parser.ts:369:69)
    at Parser.handlePacket (C:\Users\TOMMY\Desktop\Project1\obed-service\node_modules\pg-protocol\src\parser.ts:188:21)
    at Parser.parse (C:\Users\TOMMY\Desktop\Project1\obed-service\node_modules\pg-protocol\src\parser.ts:103:30)
    at Socket.<anonymous> (C:\Users\TOMMY\Desktop\Project1\obed-service\node_modules\pg-protocol\src\index.ts:7:48)
    at Socket.emit (events.js:315:20)
    at addChunk (_stream_readable.js:295:12)
    at readableAddChunk (_stream_readable.js:271:9)
    at Socket.Readable.push (_stream_readable.js:212:10)
    at TCP.onStreamRead (internal/stream_base_commons.js:186:23)
2021-10-17 15:34:15:3415 error: ApplicationError: Unauthorized Access Token was expired
    at C:\Users\TOMMY\Desktop\Project1\obed-service\api\middleware\authorizationHandler.ts:35:16
    at Generator.next (<anonymous>)
    at C:\Users\TOMMY\Desktop\Project1\obed-service\api\middleware\authorizationHandler.ts:8:71
    at new Promise (<anonymous>)
    at __awaiter (C:\Users\TOMMY\Desktop\Project1\obed-service\api\middleware\authorizationHandler.ts:4:12)
    at verifyToken (C:\Users\TOMMY\Desktop\Project1\obed-service\api\middleware\authorizationHandler.ts:15:94)
    at Layer.handle [as handle_request] (C:\Users\TOMMY\Desktop\Project1\obed-service\node_modules\express\lib\router\layer.js:95:5)
    at next (C:\Users\TOMMY\Desktop\Project1\obed-service\node_modules\express\lib\router\route.js:137:13)
    at Route.dispatch (C:\Users\TOMMY\Desktop\Project1\obed-service\node_modules\express\lib\router\route.js:112:3)
    at Layer.handle [as handle_request] (C:\Users\TOMMY\Desktop\Project1\obed-service\node_modules\express\lib\router\layer.js:95:5)
    at C:\Users\TOMMY\Desktop\Project1\obed-service\node_modules\express\lib\router\index.js:281:22
    at param (C:\Users\TOMMY\Desktop\Project1\obed-service\node_modules\express\lib\router\index.js:354:14)
    at param (C:\Users\TOMMY\Desktop\Project1\obed-service\node_modules\express\lib\router\index.js:365:14)
    at Function.process_params (C:\Users\TOMMY\Desktop\Project1\obed-service\node_modules\express\lib\router\index.js:410:3)
    at next (C:\Users\TOMMY\Desktop\Project1\obed-service\node_modules\express\lib\router\index.js:275:10)
    at Function.handle (C:\Users\TOMMY\Desktop\Project1\obed-service\node_modules\express\lib\router\index.js:174:3)
2021-10-17 15:34:20:3420 error: error: syntax error at or near "WHERE"
    at Parser.parseErrorMessage (C:\Users\TOMMY\Desktop\Project1\obed-service\node_modules\pg-protocol\src\parser.ts:369:69)
    at Parser.handlePacket (C:\Users\TOMMY\Desktop\Project1\obed-service\node_modules\pg-protocol\src\parser.ts:188:21)
    at Parser.parse (C:\Users\TOMMY\Desktop\Project1\obed-service\node_modules\pg-protocol\src\parser.ts:103:30)
    at Socket.<anonymous> (C:\Users\TOMMY\Desktop\Project1\obed-service\node_modules\pg-protocol\src\index.ts:7:48)
    at Socket.emit (events.js:315:20)
    at addChunk (_stream_readable.js:295:12)
    at readableAddChunk (_stream_readable.js:271:9)
    at Socket.Readable.push (_stream_readable.js:212:10)
    at TCP.onStreamRead (internal/stream_base_commons.js:186:23)
2021-10-17 15:56:50:5650 error: error: syntax error at or near "WHERE"
    at Parser.parseErrorMessage (C:\Users\TOMMY\Desktop\Project1\obed-service\node_modules\pg-protocol\src\parser.ts:369:69)
    at Parser.handlePacket (C:\Users\TOMMY\Desktop\Project1\obed-service\node_modules\pg-protocol\src\parser.ts:188:21)
    at Parser.parse (C:\Users\TOMMY\Desktop\Project1\obed-service\node_modules\pg-protocol\src\parser.ts:103:30)
    at Socket.<anonymous> (C:\Users\TOMMY\Desktop\Project1\obed-service\node_modules\pg-protocol\src\index.ts:7:48)
    at Socket.emit (events.js:315:20)
    at addChunk (_stream_readable.js:295:12)
    at readableAddChunk (_stream_readable.js:271:9)
    at Socket.Readable.push (_stream_readable.js:212:10)
    at TCP.onStreamRead (internal/stream_base_commons.js:186:23)
2021-10-17 19:58:56:5856 error: ApplicationError: Unauthorized Access Token was expired
    at C:\Users\TOMMY\Desktop\Project1\obed-service\api\middleware\authorizationHandler.ts:35:16
    at Generator.next (<anonymous>)
    at C:\Users\TOMMY\Desktop\Project1\obed-service\api\middleware\authorizationHandler.ts:8:71
    at new Promise (<anonymous>)
    at __awaiter (C:\Users\TOMMY\Desktop\Project1\obed-service\api\middleware\authorizationHandler.ts:4:12)
    at verifyToken (C:\Users\TOMMY\Desktop\Project1\obed-service\api\middleware\authorizationHandler.ts:15:94)
    at Layer.handle [as handle_request] (C:\Users\TOMMY\Desktop\Project1\obed-service\node_modules\express\lib\router\layer.js:95:5)
    at next (C:\Users\TOMMY\Desktop\Project1\obed-service\node_modules\express\lib\router\route.js:137:13)
    at Route.dispatch (C:\Users\TOMMY\Desktop\Project1\obed-service\node_modules\express\lib\router\route.js:112:3)
    at Layer.handle [as handle_request] (C:\Users\TOMMY\Desktop\Project1\obed-service\node_modules\express\lib\router\layer.js:95:5)
    at C:\Users\TOMMY\Desktop\Project1\obed-service\node_modules\express\lib\router\index.js:281:22
    at param (C:\Users\TOMMY\Desktop\Project1\obed-service\node_modules\express\lib\router\index.js:354:14)
    at param (C:\Users\TOMMY\Desktop\Project1\obed-service\node_modules\express\lib\router\index.js:365:14)
    at Function.process_params (C:\Users\TOMMY\Desktop\Project1\obed-service\node_modules\express\lib\router\index.js:410:3)
    at next (C:\Users\TOMMY\Desktop\Project1\obed-service\node_modules\express\lib\router\index.js:275:10)
    at Function.handle (C:\Users\TOMMY\Desktop\Project1\obed-service\node_modules\express\lib\router\index.js:174:3)
2021-10-17 19:59:02:592 error: error: invalid input syntax for type integer: "{{CurriculumId}}"
    at Parser.parseErrorMessage (C:\Users\TOMMY\Desktop\Project1\obed-service\node_modules\pg-protocol\src\parser.ts:369:69)
    at Parser.handlePacket (C:\Users\TOMMY\Desktop\Project1\obed-service\node_modules\pg-protocol\src\parser.ts:188:21)
    at Parser.parse (C:\Users\TOMMY\Desktop\Project1\obed-service\node_modules\pg-protocol\src\parser.ts:103:30)
    at Socket.<anonymous> (C:\Users\TOMMY\Desktop\Project1\obed-service\node_modules\pg-protocol\src\index.ts:7:48)
    at Socket.emit (events.js:315:20)
    at addChunk (_stream_readable.js:295:12)
    at readableAddChunk (_stream_readable.js:271:9)
    at Socket.Readable.push (_stream_readable.js:212:10)
    at TCP.onStreamRead (internal/stream_base_commons.js:186:23)
2021-10-17 20:00:37:037 error: SyntaxError: Unexpected token { in JSON at position 29
    at JSON.parse (<anonymous>)
    at parse (C:\Users\TOMMY\Desktop\Project1\obed-service\node_modules\body-parser\lib\types\json.js:89:19)
    at C:\Users\TOMMY\Desktop\Project1\obed-service\node_modules\body-parser\lib\read.js:121:18
    at invokeCallback (C:\Users\TOMMY\Desktop\Project1\obed-service\node_modules\raw-body\index.js:224:16)
    at done (C:\Users\TOMMY\Desktop\Project1\obed-service\node_modules\raw-body\index.js:213:7)
    at IncomingMessage.onEnd (C:\Users\TOMMY\Desktop\Project1\obed-service\node_modules\raw-body\index.js:273:7)
    at IncomingMessage.emit (events.js:327:22)
    at endReadableNT (_stream_readable.js:1220:12)
    at processTicksAndRejections (internal/process/task_queues.js:84:21)
2021-10-17 20:01:01:11 error: SyntaxError: Unexpected token { in JSON at position 29
    at JSON.parse (<anonymous>)
    at parse (C:\Users\TOMMY\Desktop\Project1\obed-service\node_modules\body-parser\lib\types\json.js:89:19)
    at C:\Users\TOMMY\Desktop\Project1\obed-service\node_modules\body-parser\lib\read.js:121:18
    at invokeCallback (C:\Users\TOMMY\Desktop\Project1\obed-service\node_modules\raw-body\index.js:224:16)
    at done (C:\Users\TOMMY\Desktop\Project1\obed-service\node_modules\raw-body\index.js:213:7)
    at IncomingMessage.onEnd (C:\Users\TOMMY\Desktop\Project1\obed-service\node_modules\raw-body\index.js:273:7)
    at IncomingMessage.emit (events.js:327:22)
    at endReadableNT (_stream_readable.js:1220:12)
    at processTicksAndRejections (internal/process/task_queues.js:84:21)
2021-10-17 20:01:19:119 error: SyntaxError: Unexpected token { in JSON at position 29
    at JSON.parse (<anonymous>)
    at parse (C:\Users\TOMMY\Desktop\Project1\obed-service\node_modules\body-parser\lib\types\json.js:89:19)
    at C:\Users\TOMMY\Desktop\Project1\obed-service\node_modules\body-parser\lib\read.js:121:18
    at invokeCallback (C:\Users\TOMMY\Desktop\Project1\obed-service\node_modules\raw-body\index.js:224:16)
    at done (C:\Users\TOMMY\Desktop\Project1\obed-service\node_modules\raw-body\index.js:213:7)
    at IncomingMessage.onEnd (C:\Users\TOMMY\Desktop\Project1\obed-service\node_modules\raw-body\index.js:273:7)
    at IncomingMessage.emit (events.js:327:22)
    at endReadableNT (_stream_readable.js:1220:12)
    at processTicksAndRejections (internal/process/task_queues.js:84:21)
2021-10-17 20:01:31:131 error: SyntaxError: Unexpected token { in JSON at position 29
    at JSON.parse (<anonymous>)
    at parse (C:\Users\TOMMY\Desktop\Project1\obed-service\node_modules\body-parser\lib\types\json.js:89:19)
    at C:\Users\TOMMY\Desktop\Project1\obed-service\node_modules\body-parser\lib\read.js:121:18
    at invokeCallback (C:\Users\TOMMY\Desktop\Project1\obed-service\node_modules\raw-body\index.js:224:16)
    at done (C:\Users\TOMMY\Desktop\Project1\obed-service\node_modules\raw-body\index.js:213:7)
    at IncomingMessage.onEnd (C:\Users\TOMMY\Desktop\Project1\obed-service\node_modules\raw-body\index.js:273:7)
    at IncomingMessage.emit (events.js:327:22)
    at endReadableNT (_stream_readable.js:1220:12)
    at processTicksAndRejections (internal/process/task_queues.js:84:21)
2021-10-17 20:02:06:26 error: SyntaxError: Unexpected token { in JSON at position 53
    at JSON.parse (<anonymous>)
    at parse (C:\Users\TOMMY\Desktop\Project1\obed-service\node_modules\body-parser\lib\types\json.js:89:19)
    at C:\Users\TOMMY\Desktop\Project1\obed-service\node_modules\body-parser\lib\read.js:121:18
    at invokeCallback (C:\Users\TOMMY\Desktop\Project1\obed-service\node_modules\raw-body\index.js:224:16)
    at done (C:\Users\TOMMY\Desktop\Project1\obed-service\node_modules\raw-body\index.js:213:7)
    at IncomingMessage.onEnd (C:\Users\TOMMY\Desktop\Project1\obed-service\node_modules\raw-body\index.js:273:7)
    at IncomingMessage.emit (events.js:327:22)
    at endReadableNT (_stream_readable.js:1220:12)
    at processTicksAndRejections (internal/process/task_queues.js:84:21)
2021-10-17 20:02:58:258 error: ApplicationError: standard_id must be a number conforming to the specified constraints
    at Object.CustomValidationError (C:\Users\TOMMY\Desktop\Project1\obed-service\api\utils\validationErrorFactory.ts:20:10)
    at C:\Users\TOMMY\Desktop\Project1\obed-service\api\middleware\validationHandler.ts:26:9
    at Layer.handle [as handle_request] (C:\Users\TOMMY\Desktop\Project1\obed-service\node_modules\express\lib\router\layer.js:95:5)
    at next (C:\Users\TOMMY\Desktop\Project1\obed-service\node_modules\express\lib\router\route.js:137:13)
    at C:\Users\TOMMY\Desktop\Project1\obed-service\api\middleware\authorizationHandler.ts:61:2
    at Generator.next (<anonymous>)
    at fulfilled (C:\Users\TOMMY\Desktop\Project1\obed-service\api\middleware\authorizationHandler.ts:5:58)
    at processTicksAndRejections (internal/process/task_queues.js:97:5)
2021-10-17 20:03:53:353 error: ApplicationError: standard_id must be a number conforming to the specified constraints
    at Object.CustomValidationError (C:\Users\TOMMY\Desktop\Project1\obed-service\api\utils\validationErrorFactory.ts:20:10)
    at C:\Users\TOMMY\Desktop\Project1\obed-service\api\middleware\validationHandler.ts:26:9
    at Layer.handle [as handle_request] (C:\Users\TOMMY\Desktop\Project1\obed-service\node_modules\express\lib\router\layer.js:95:5)
    at next (C:\Users\TOMMY\Desktop\Project1\obed-service\node_modules\express\lib\router\route.js:137:13)
    at C:\Users\TOMMY\Desktop\Project1\obed-service\api\middleware\authorizationHandler.ts:61:2
    at Generator.next (<anonymous>)
    at fulfilled (C:\Users\TOMMY\Desktop\Project1\obed-service\api\middleware\authorizationHandler.ts:5:58)
    at processTicksAndRejections (internal/process/task_queues.js:97:5)
2021-10-17 20:03:57:357 error: ApplicationError: standard_id must be a number conforming to the specified constraints
    at Object.CustomValidationError (C:\Users\TOMMY\Desktop\Project1\obed-service\api\utils\validationErrorFactory.ts:20:10)
    at C:\Users\TOMMY\Desktop\Project1\obed-service\api\middleware\validationHandler.ts:26:9
    at Layer.handle [as handle_request] (C:\Users\TOMMY\Desktop\Project1\obed-service\node_modules\express\lib\router\layer.js:95:5)
    at next (C:\Users\TOMMY\Desktop\Project1\obed-service\node_modules\express\lib\router\route.js:137:13)
    at C:\Users\TOMMY\Desktop\Project1\obed-service\api\middleware\authorizationHandler.ts:61:2
    at Generator.next (<anonymous>)
    at fulfilled (C:\Users\TOMMY\Desktop\Project1\obed-service\api\middleware\authorizationHandler.ts:5:58)
    at processTicksAndRejections (internal/process/task_queues.js:97:5)
2021-10-17 20:04:26:426 error: ApplicationError: standard_id must be a number conforming to the specified constraints
    at Object.CustomValidationError (C:\Users\TOMMY\Desktop\Project1\obed-service\api\utils\validationErrorFactory.ts:20:10)
    at C:\Users\TOMMY\Desktop\Project1\obed-service\api\middleware\validationHandler.ts:26:9
    at Layer.handle [as handle_request] (C:\Users\TOMMY\Desktop\Project1\obed-service\node_modules\express\lib\router\layer.js:95:5)
    at next (C:\Users\TOMMY\Desktop\Project1\obed-service\node_modules\express\lib\router\route.js:137:13)
    at C:\Users\TOMMY\Desktop\Project1\obed-service\api\middleware\authorizationHandler.ts:61:2
    at Generator.next (<anonymous>)
    at fulfilled (C:\Users\TOMMY\Desktop\Project1\obed-service\api\middleware\authorizationHandler.ts:5:58)
    at processTicksAndRejections (internal/process/task_queues.js:97:5)
2021-10-17 20:04:51:451 error: ApplicationError: standard_id must be a number conforming to the specified constraints
    at Object.CustomValidationError (C:\Users\TOMMY\Desktop\Project1\obed-service\api\utils\validationErrorFactory.ts:20:10)
    at C:\Users\TOMMY\Desktop\Project1\obed-service\api\middleware\validationHandler.ts:26:9
    at Layer.handle [as handle_request] (C:\Users\TOMMY\Desktop\Project1\obed-service\node_modules\express\lib\router\layer.js:95:5)
    at next (C:\Users\TOMMY\Desktop\Project1\obed-service\node_modules\express\lib\router\route.js:137:13)
    at C:\Users\TOMMY\Desktop\Project1\obed-service\api\middleware\authorizationHandler.ts:61:2
    at Generator.next (<anonymous>)
    at fulfilled (C:\Users\TOMMY\Desktop\Project1\obed-service\api\middleware\authorizationHandler.ts:5:58)
    at processTicksAndRejections (internal/process/task_queues.js:97:5)
2021-10-17 20:04:55:455 error: ApplicationError: standard_id must be a number conforming to the specified constraints
    at Object.CustomValidationError (C:\Users\TOMMY\Desktop\Project1\obed-service\api\utils\validationErrorFactory.ts:20:10)
    at C:\Users\TOMMY\Desktop\Project1\obed-service\api\middleware\validationHandler.ts:26:9
    at Layer.handle [as handle_request] (C:\Users\TOMMY\Desktop\Project1\obed-service\node_modules\express\lib\router\layer.js:95:5)
    at next (C:\Users\TOMMY\Desktop\Project1\obed-service\node_modules\express\lib\router\route.js:137:13)
    at C:\Users\TOMMY\Desktop\Project1\obed-service\api\middleware\authorizationHandler.ts:61:2
    at Generator.next (<anonymous>)
    at fulfilled (C:\Users\TOMMY\Desktop\Project1\obed-service\api\middleware\authorizationHandler.ts:5:58)
    at processTicksAndRejections (internal/process/task_queues.js:97:5)
2021-10-17 20:05:50:550 error: ApplicationError: standard_id must be a number conforming to the specified constraints
    at Object.CustomValidationError (C:\Users\TOMMY\Desktop\Project1\obed-service\api\utils\validationErrorFactory.ts:20:10)
    at C:\Users\TOMMY\Desktop\Project1\obed-service\api\middleware\validationHandler.ts:26:9
    at Layer.handle [as handle_request] (C:\Users\TOMMY\Desktop\Project1\obed-service\node_modules\express\lib\router\layer.js:95:5)
    at next (C:\Users\TOMMY\Desktop\Project1\obed-service\node_modules\express\lib\router\route.js:137:13)
    at C:\Users\TOMMY\Desktop\Project1\obed-service\api\middleware\authorizationHandler.ts:61:2
    at Generator.next (<anonymous>)
    at fulfilled (C:\Users\TOMMY\Desktop\Project1\obed-service\api\middleware\authorizationHandler.ts:5:58)
    at processTicksAndRejections (internal/process/task_queues.js:97:5)
2021-10-17 20:06:39:639 error: standard_id must be a number conforming to the specified constraints
2021-10-17 20:06:52:652 error: ApplicationError: standard_id must be a number conforming to the specified constraints
    at Object.CustomValidationError (C:\Users\TOMMY\Desktop\Project1\obed-service\api\utils\validationErrorFactory.ts:20:10)
    at C:\Users\TOMMY\Desktop\Project1\obed-service\api\middleware\validationHandler.ts:26:9
    at Layer.handle [as handle_request] (C:\Users\TOMMY\Desktop\Project1\obed-service\node_modules\express\lib\router\layer.js:95:5)
    at next (C:\Users\TOMMY\Desktop\Project1\obed-service\node_modules\express\lib\router\route.js:137:13)
    at C:\Users\TOMMY\Desktop\Project1\obed-service\api\middleware\authorizationHandler.ts:61:2
    at Generator.next (<anonymous>)
    at fulfilled (C:\Users\TOMMY\Desktop\Project1\obed-service\api\middleware\authorizationHandler.ts:5:58)
    at processTicksAndRejections (internal/process/task_queues.js:97:5)
2021-10-17 20:07:06:76 error: [object Object]
2021-10-17 20:07:23:723 error: {
  "name": "ApplicationError",
  "type": "APP_OBED_SERVICE",
  "code": "VALIDATION_ERROR",
  "message": "standard_id must be a number conforming to the specified constraints",
  "meta": {},
  "statusCode": 400
}
2021-10-17 20:07:35:735 error: ApplicationError: standard_id must be a number conforming to the specified constraints
    at Object.CustomValidationError (C:\Users\TOMMY\Desktop\Project1\obed-service\api\utils\validationErrorFactory.ts:20:10)
    at C:\Users\TOMMY\Desktop\Project1\obed-service\api\middleware\validationHandler.ts:26:9
    at Layer.handle [as handle_request] (C:\Users\TOMMY\Desktop\Project1\obed-service\node_modules\express\lib\router\layer.js:95:5)
    at next (C:\Users\TOMMY\Desktop\Project1\obed-service\node_modules\express\lib\router\route.js:137:13)
    at C:\Users\TOMMY\Desktop\Project1\obed-service\api\middleware\authorizationHandler.ts:61:2
    at Generator.next (<anonymous>)
    at fulfilled (C:\Users\TOMMY\Desktop\Project1\obed-service\api\middleware\authorizationHandler.ts:5:58)
    at processTicksAndRejections (internal/process/task_queues.js:97:5)
2021-10-17 20:08:07:87 error: ApplicationError: standard_id must be a number conforming to the specified constraints
    at Object.CustomValidationError (C:\Users\TOMMY\Desktop\Project1\obed-service\api\utils\validationErrorFactory.ts:20:10)
    at C:\Users\TOMMY\Desktop\Project1\obed-service\api\middleware\validationHandler.ts:26:9
    at Layer.handle [as handle_request] (C:\Users\TOMMY\Desktop\Project1\obed-service\node_modules\express\lib\router\layer.js:95:5)
    at next (C:\Users\TOMMY\Desktop\Project1\obed-service\node_modules\express\lib\router\route.js:137:13)
    at C:\Users\TOMMY\Desktop\Project1\obed-service\api\middleware\authorizationHandler.ts:61:2
    at Generator.next (<anonymous>)
    at fulfilled (C:\Users\TOMMY\Desktop\Project1\obed-service\api\middleware\authorizationHandler.ts:5:58)
    at processTicksAndRejections (internal/process/task_queues.js:97:5)
2021-10-17 20:08:08:88 error: ApplicationError: standard_id must be a number conforming to the specified constraints
    at Object.CustomValidationError (C:\Users\TOMMY\Desktop\Project1\obed-service\api\utils\validationErrorFactory.ts:20:10)
    at C:\Users\TOMMY\Desktop\Project1\obed-service\api\middleware\validationHandler.ts:26:9
    at Layer.handle [as handle_request] (C:\Users\TOMMY\Desktop\Project1\obed-service\node_modules\express\lib\router\layer.js:95:5)
    at next (C:\Users\TOMMY\Desktop\Project1\obed-service\node_modules\express\lib\router\route.js:137:13)
    at C:\Users\TOMMY\Desktop\Project1\obed-service\api\middleware\authorizationHandler.ts:61:2
    at Generator.next (<anonymous>)
    at fulfilled (C:\Users\TOMMY\Desktop\Project1\obed-service\api\middleware\authorizationHandler.ts:5:58)
    at processTicksAndRejections (internal/process/task_queues.js:97:5)
2021-10-17 20:08:23:823 error: error: null value in column "standard_id" of relation "group_sub_standards" violates not-null constraint
    at Parser.parseErrorMessage (C:\Users\TOMMY\Desktop\Project1\obed-service\node_modules\pg-protocol\src\parser.ts:369:69)
    at Parser.handlePacket (C:\Users\TOMMY\Desktop\Project1\obed-service\node_modules\pg-protocol\src\parser.ts:188:21)
    at Parser.parse (C:\Users\TOMMY\Desktop\Project1\obed-service\node_modules\pg-protocol\src\parser.ts:103:30)
    at Socket.<anonymous> (C:\Users\TOMMY\Desktop\Project1\obed-service\node_modules\pg-protocol\src\index.ts:7:48)
    at Socket.emit (events.js:315:20)
    at addChunk (_stream_readable.js:295:12)
    at readableAddChunk (_stream_readable.js:271:9)
    at Socket.Readable.push (_stream_readable.js:212:10)
    at TCP.onStreamRead (internal/stream_base_commons.js:186:23)
2021-10-17 21:42:41:4241 error: ApplicationError: Unauthorized Access Token was expired
    at C:\Users\TOMMY\Desktop\Project1\obed-service\api\middleware\authorizationHandler.ts:35:16
    at Generator.next (<anonymous>)
    at C:\Users\TOMMY\Desktop\Project1\obed-service\api\middleware\authorizationHandler.ts:8:71
    at new Promise (<anonymous>)
    at __awaiter (C:\Users\TOMMY\Desktop\Project1\obed-service\api\middleware\authorizationHandler.ts:4:12)
    at verifyToken (C:\Users\TOMMY\Desktop\Project1\obed-service\api\middleware\authorizationHandler.ts:15:94)
    at Layer.handle [as handle_request] (C:\Users\TOMMY\Desktop\Project1\obed-service\node_modules\express\lib\router\layer.js:95:5)
    at next (C:\Users\TOMMY\Desktop\Project1\obed-service\node_modules\express\lib\router\route.js:137:13)
    at Route.dispatch (C:\Users\TOMMY\Desktop\Project1\obed-service\node_modules\express\lib\router\route.js:112:3)
    at Layer.handle [as handle_request] (C:\Users\TOMMY\Desktop\Project1\obed-service\node_modules\express\lib\router\layer.js:95:5)
    at C:\Users\TOMMY\Desktop\Project1\obed-service\node_modules\express\lib\router\index.js:281:22
    at param (C:\Users\TOMMY\Desktop\Project1\obed-service\node_modules\express\lib\router\index.js:354:14)
    at param (C:\Users\TOMMY\Desktop\Project1\obed-service\node_modules\express\lib\router\index.js:365:14)
    at Function.process_params (C:\Users\TOMMY\Desktop\Project1\obed-service\node_modules\express\lib\router\index.js:410:3)
    at next (C:\Users\TOMMY\Desktop\Project1\obed-service\node_modules\express\lib\router\index.js:275:10)
    at Function.handle (C:\Users\TOMMY\Desktop\Project1\obed-service\node_modules\express\lib\router\index.js:174:3)
2021-10-17 21:42:49:4249 error: error: syntax error at or near "order"
    at Parser.parseErrorMessage (C:\Users\TOMMY\Desktop\Project1\obed-service\node_modules\pg-protocol\src\parser.ts:369:69)
    at Parser.handlePacket (C:\Users\TOMMY\Desktop\Project1\obed-service\node_modules\pg-protocol\src\parser.ts:188:21)
    at Parser.parse (C:\Users\TOMMY\Desktop\Project1\obed-service\node_modules\pg-protocol\src\parser.ts:103:30)
    at Socket.<anonymous> (C:\Users\TOMMY\Desktop\Project1\obed-service\node_modules\pg-protocol\src\index.ts:7:48)
    at Socket.emit (events.js:315:20)
    at addChunk (_stream_readable.js:295:12)
    at readableAddChunk (_stream_readable.js:271:9)
    at Socket.Readable.push (_stream_readable.js:212:10)
    at TCP.onStreamRead (internal/stream_base_commons.js:186:23)
2021-10-17 21:43:36:4336 error: error: syntax error at or near "order"
    at Parser.parseErrorMessage (C:\Users\TOMMY\Desktop\Project1\obed-service\node_modules\pg-protocol\src\parser.ts:369:69)
    at Parser.handlePacket (C:\Users\TOMMY\Desktop\Project1\obed-service\node_modules\pg-protocol\src\parser.ts:188:21)
    at Parser.parse (C:\Users\TOMMY\Desktop\Project1\obed-service\node_modules\pg-protocol\src\parser.ts:103:30)
    at Socket.<anonymous> (C:\Users\TOMMY\Desktop\Project1\obed-service\node_modules\pg-protocol\src\index.ts:7:48)
    at Socket.emit (events.js:315:20)
    at addChunk (_stream_readable.js:295:12)
    at readableAddChunk (_stream_readable.js:271:9)
    at Socket.Readable.push (_stream_readable.js:212:10)
    at TCP.onStreamRead (internal/stream_base_commons.js:186:23)
2021-10-17 23:21:15:2115 error: ApplicationError: Unauthorized Access Token was expired
    at C:\Users\TOMMY\Desktop\Project1\obed-service\api\middleware\authorizationHandler.ts:35:16
    at Generator.next (<anonymous>)
    at C:\Users\TOMMY\Desktop\Project1\obed-service\api\middleware\authorizationHandler.ts:8:71
    at new Promise (<anonymous>)
    at __awaiter (C:\Users\TOMMY\Desktop\Project1\obed-service\api\middleware\authorizationHandler.ts:4:12)
    at verifyToken (C:\Users\TOMMY\Desktop\Project1\obed-service\api\middleware\authorizationHandler.ts:15:94)
    at Layer.handle [as handle_request] (C:\Users\TOMMY\Desktop\Project1\obed-service\node_modules\express\lib\router\layer.js:95:5)
    at next (C:\Users\TOMMY\Desktop\Project1\obed-service\node_modules\express\lib\router\route.js:137:13)
    at Route.dispatch (C:\Users\TOMMY\Desktop\Project1\obed-service\node_modules\express\lib\router\route.js:112:3)
    at Layer.handle [as handle_request] (C:\Users\TOMMY\Desktop\Project1\obed-service\node_modules\express\lib\router\layer.js:95:5)
    at C:\Users\TOMMY\Desktop\Project1\obed-service\node_modules\express\lib\router\index.js:281:22
    at Function.process_params (C:\Users\TOMMY\Desktop\Project1\obed-service\node_modules\express\lib\router\index.js:335:12)
    at next (C:\Users\TOMMY\Desktop\Project1\obed-service\node_modules\express\lib\router\index.js:275:10)
    at Function.handle (C:\Users\TOMMY\Desktop\Project1\obed-service\node_modules\express\lib\router\index.js:174:3)
    at router (C:\Users\TOMMY\Desktop\Project1\obed-service\node_modules\express\lib\router\index.js:47:12)
    at Layer.handle [as handle_request] (C:\Users\TOMMY\Desktop\Project1\obed-service\node_modules\express\lib\router\layer.js:95:5)
2021-10-17 23:21:20:2120 error: error: syntax error at or near "order"
    at Parser.parseErrorMessage (C:\Users\TOMMY\Desktop\Project1\obed-service\node_modules\pg-protocol\src\parser.ts:369:69)
    at Parser.handlePacket (C:\Users\TOMMY\Desktop\Project1\obed-service\node_modules\pg-protocol\src\parser.ts:188:21)
    at Parser.parse (C:\Users\TOMMY\Desktop\Project1\obed-service\node_modules\pg-protocol\src\parser.ts:103:30)
    at Socket.<anonymous> (C:\Users\TOMMY\Desktop\Project1\obed-service\node_modules\pg-protocol\src\index.ts:7:48)
    at Socket.emit (events.js:315:20)
    at addChunk (_stream_readable.js:295:12)
    at readableAddChunk (_stream_readable.js:271:9)
    at Socket.Readable.push (_stream_readable.js:212:10)
    at TCP.onStreamRead (internal/stream_base_commons.js:186:23)
2021-10-17 23:25:20:2520 error: ApplicationError: User not found
    at C:\Users\TOMMY\Desktop\Project1\obed-service\api\middleware\authorizationHandler.ts:51:15
    at Generator.next (<anonymous>)
    at fulfilled (C:\Users\TOMMY\Desktop\Project1\obed-service\api\middleware\authorizationHandler.ts:5:58)
    at processTicksAndRejections (internal/process/task_queues.js:97:5)
2021-10-17 23:25:30:2530 error: error: insert or update on table "standards" violates foreign key constraint "standards_curriculum_id_fkey"
    at Parser.parseErrorMessage (C:\Users\TOMMY\Desktop\Project1\obed-service\node_modules\pg-protocol\src\parser.ts:369:69)
    at Parser.handlePacket (C:\Users\TOMMY\Desktop\Project1\obed-service\node_modules\pg-protocol\src\parser.ts:188:21)
    at Parser.parse (C:\Users\TOMMY\Desktop\Project1\obed-service\node_modules\pg-protocol\src\parser.ts:103:30)
    at Socket.<anonymous> (C:\Users\TOMMY\Desktop\Project1\obed-service\node_modules\pg-protocol\src\index.ts:7:48)
    at Socket.emit (events.js:315:20)
    at addChunk (_stream_readable.js:295:12)
    at readableAddChunk (_stream_readable.js:271:9)
    at Socket.Readable.push (_stream_readable.js:212:10)
    at TCP.onStreamRead (internal/stream_base_commons.js:186:23)
2021-10-17 23:25:50:2550 error: error: syntax error at or near "order"
    at Parser.parseErrorMessage (C:\Users\TOMMY\Desktop\Project1\obed-service\node_modules\pg-protocol\src\parser.ts:369:69)
    at Parser.handlePacket (C:\Users\TOMMY\Desktop\Project1\obed-service\node_modules\pg-protocol\src\parser.ts:188:21)
    at Parser.parse (C:\Users\TOMMY\Desktop\Project1\obed-service\node_modules\pg-protocol\src\parser.ts:103:30)
    at Socket.<anonymous> (C:\Users\TOMMY\Desktop\Project1\obed-service\node_modules\pg-protocol\src\index.ts:7:48)
    at Socket.emit (events.js:315:20)
    at addChunk (_stream_readable.js:295:12)
    at readableAddChunk (_stream_readable.js:271:9)
    at Socket.Readable.push (_stream_readable.js:212:10)
    at TCP.onStreamRead (internal/stream_base_commons.js:186:23)
2021-10-17 23:26:34:2634 error: ApplicationError: standard_id must be a number conforming to the specified constraints
    at Object.CustomValidationError (C:\Users\TOMMY\Desktop\Project1\obed-service\api\utils\validationErrorFactory.ts:20:10)
    at C:\Users\TOMMY\Desktop\Project1\obed-service\api\middleware\validationHandler.ts:26:9
    at Layer.handle [as handle_request] (C:\Users\TOMMY\Desktop\Project1\obed-service\node_modules\express\lib\router\layer.js:95:5)
    at next (C:\Users\TOMMY\Desktop\Project1\obed-service\node_modules\express\lib\router\route.js:137:13)
    at C:\Users\TOMMY\Desktop\Project1\obed-service\api\middleware\authorizationHandler.ts:61:2
    at Generator.next (<anonymous>)
    at fulfilled (C:\Users\TOMMY\Desktop\Project1\obed-service\api\middleware\authorizationHandler.ts:5:58)
    at processTicksAndRejections (internal/process/task_queues.js:97:5)
2021-10-17 23:39:25:3925 error: ApplicationError: standard_id must be a number conforming to the specified constraints
    at Object.CustomValidationError (C:\Users\TOMMY\Desktop\Project1\obed-service\api\utils\validationErrorFactory.ts:20:10)
    at C:\Users\TOMMY\Desktop\Project1\obed-service\api\middleware\validationHandler.ts:26:9
    at Layer.handle [as handle_request] (C:\Users\TOMMY\Desktop\Project1\obed-service\node_modules\express\lib\router\layer.js:95:5)
    at next (C:\Users\TOMMY\Desktop\Project1\obed-service\node_modules\express\lib\router\route.js:137:13)
    at C:\Users\TOMMY\Desktop\Project1\obed-service\api\middleware\authorizationHandler.ts:61:2
    at Generator.next (<anonymous>)
    at fulfilled (C:\Users\TOMMY\Desktop\Project1\obed-service\api\middleware\authorizationHandler.ts:5:58)
    at processTicksAndRejections (internal/process/task_queues.js:97:5)
2021-10-17 23:39:36:3936 error: ApplicationError: group_sub_std_id must be a number conforming to the specified constraints
    at Object.CustomValidationError (C:\Users\TOMMY\Desktop\Project1\obed-service\api\utils\validationErrorFactory.ts:20:10)
    at C:\Users\TOMMY\Desktop\Project1\obed-service\api\middleware\validationHandler.ts:26:9
    at Layer.handle [as handle_request] (C:\Users\TOMMY\Desktop\Project1\obed-service\node_modules\express\lib\router\layer.js:95:5)
    at next (C:\Users\TOMMY\Desktop\Project1\obed-service\node_modules\express\lib\router\route.js:137:13)
    at C:\Users\TOMMY\Desktop\Project1\obed-service\api\middleware\authorizationHandler.ts:61:2
    at Generator.next (<anonymous>)
    at fulfilled (C:\Users\TOMMY\Desktop\Project1\obed-service\api\middleware\authorizationHandler.ts:5:58)
    at processTicksAndRejections (internal/process/task_queues.js:97:5)
2021-10-17 23:40:03:403 error: ApplicationError: group_sub_std_id must be a number conforming to the specified constraints
    at Object.CustomValidationError (C:\Users\TOMMY\Desktop\Project1\obed-service\api\utils\validationErrorFactory.ts:20:10)
    at C:\Users\TOMMY\Desktop\Project1\obed-service\api\middleware\validationHandler.ts:26:9
    at Layer.handle [as handle_request] (C:\Users\TOMMY\Desktop\Project1\obed-service\node_modules\express\lib\router\layer.js:95:5)
    at next (C:\Users\TOMMY\Desktop\Project1\obed-service\node_modules\express\lib\router\route.js:137:13)
    at C:\Users\TOMMY\Desktop\Project1\obed-service\api\middleware\authorizationHandler.ts:61:2
    at Generator.next (<anonymous>)
    at fulfilled (C:\Users\TOMMY\Desktop\Project1\obed-service\api\middleware\authorizationHandler.ts:5:58)
    at processTicksAndRejections (internal/process/task_queues.js:97:5)
2021-10-18 00:27:35:2735 error: ApplicationError: Unauthorized Access Token was expired
    at C:\Users\TOMMY\Desktop\Project1\obed-service\api\middleware\authorizationHandler.ts:35:16
    at Generator.next (<anonymous>)
    at C:\Users\TOMMY\Desktop\Project1\obed-service\api\middleware\authorizationHandler.ts:8:71
    at new Promise (<anonymous>)
    at __awaiter (C:\Users\TOMMY\Desktop\Project1\obed-service\api\middleware\authorizationHandler.ts:4:12)
    at verifyToken (C:\Users\TOMMY\Desktop\Project1\obed-service\api\middleware\authorizationHandler.ts:15:94)
    at Layer.handle [as handle_request] (C:\Users\TOMMY\Desktop\Project1\obed-service\node_modules\express\lib\router\layer.js:95:5)
    at next (C:\Users\TOMMY\Desktop\Project1\obed-service\node_modules\express\lib\router\route.js:137:13)
    at Route.dispatch (C:\Users\TOMMY\Desktop\Project1\obed-service\node_modules\express\lib\router\route.js:112:3)
    at Layer.handle [as handle_request] (C:\Users\TOMMY\Desktop\Project1\obed-service\node_modules\express\lib\router\layer.js:95:5)
    at C:\Users\TOMMY\Desktop\Project1\obed-service\node_modules\express\lib\router\index.js:281:22
    at Function.process_params (C:\Users\TOMMY\Desktop\Project1\obed-service\node_modules\express\lib\router\index.js:335:12)
    at next (C:\Users\TOMMY\Desktop\Project1\obed-service\node_modules\express\lib\router\index.js:275:10)
    at Function.handle (C:\Users\TOMMY\Desktop\Project1\obed-service\node_modules\express\lib\router\index.js:174:3)
    at router (C:\Users\TOMMY\Desktop\Project1\obed-service\node_modules\express\lib\router\index.js:47:12)
    at Layer.handle [as handle_request] (C:\Users\TOMMY\Desktop\Project1\obed-service\node_modules\express\lib\router\layer.js:95:5)
2021-10-18 00:27:42:2742 error: ApplicationError: group_sub_std_id must be a number conforming to the specified constraints
    at Object.CustomValidationError (C:\Users\TOMMY\Desktop\Project1\obed-service\api\utils\validationErrorFactory.ts:20:10)
    at C:\Users\TOMMY\Desktop\Project1\obed-service\api\middleware\validationHandler.ts:26:9
    at Layer.handle [as handle_request] (C:\Users\TOMMY\Desktop\Project1\obed-service\node_modules\express\lib\router\layer.js:95:5)
    at next (C:\Users\TOMMY\Desktop\Project1\obed-service\node_modules\express\lib\router\route.js:137:13)
    at C:\Users\TOMMY\Desktop\Project1\obed-service\api\middleware\authorizationHandler.ts:61:2
    at Generator.next (<anonymous>)
    at fulfilled (C:\Users\TOMMY\Desktop\Project1\obed-service\api\middleware\authorizationHandler.ts:5:58)
    at processTicksAndRejections (internal/process/task_queues.js:97:5)
2021-10-18 00:28:03:283 error: ApplicationError: group_sub_std_id must be a number conforming to the specified constraints
    at Object.CustomValidationError (C:\Users\TOMMY\Desktop\Project1\obed-service\api\utils\validationErrorFactory.ts:20:10)
    at C:\Users\TOMMY\Desktop\Project1\obed-service\api\middleware\validationHandler.ts:26:9
    at Layer.handle [as handle_request] (C:\Users\TOMMY\Desktop\Project1\obed-service\node_modules\express\lib\router\layer.js:95:5)
    at next (C:\Users\TOMMY\Desktop\Project1\obed-service\node_modules\express\lib\router\route.js:137:13)
    at C:\Users\TOMMY\Desktop\Project1\obed-service\api\middleware\authorizationHandler.ts:61:2
    at Generator.next (<anonymous>)
    at fulfilled (C:\Users\TOMMY\Desktop\Project1\obed-service\api\middleware\authorizationHandler.ts:5:58)
    at processTicksAndRejections (internal/process/task_queues.js:97:5)
2021-10-18 00:28:35:2835 error: ApplicationError: group_sub_std_id must be a number conforming to the specified constraints
    at Object.CustomValidationError (C:\Users\TOMMY\Desktop\Project1\obed-service\api\utils\validationErrorFactory.ts:20:10)
    at C:\Users\TOMMY\Desktop\Project1\obed-service\api\middleware\validationHandler.ts:26:9
    at Layer.handle [as handle_request] (C:\Users\TOMMY\Desktop\Project1\obed-service\node_modules\express\lib\router\layer.js:95:5)
    at next (C:\Users\TOMMY\Desktop\Project1\obed-service\node_modules\express\lib\router\route.js:137:13)
    at C:\Users\TOMMY\Desktop\Project1\obed-service\api\middleware\authorizationHandler.ts:61:2
    at Generator.next (<anonymous>)
    at fulfilled (C:\Users\TOMMY\Desktop\Project1\obed-service\api\middleware\authorizationHandler.ts:5:58)
    at processTicksAndRejections (internal/process/task_queues.js:97:5)
2021-10-18 00:28:37:2837 error: ApplicationError: group_sub_std_id must be a number conforming to the specified constraints
    at Object.CustomValidationError (C:\Users\TOMMY\Desktop\Project1\obed-service\api\utils\validationErrorFactory.ts:20:10)
    at C:\Users\TOMMY\Desktop\Project1\obed-service\api\middleware\validationHandler.ts:26:9
    at Layer.handle [as handle_request] (C:\Users\TOMMY\Desktop\Project1\obed-service\node_modules\express\lib\router\layer.js:95:5)
    at next (C:\Users\TOMMY\Desktop\Project1\obed-service\node_modules\express\lib\router\route.js:137:13)
    at C:\Users\TOMMY\Desktop\Project1\obed-service\api\middleware\authorizationHandler.ts:61:2
    at Generator.next (<anonymous>)
    at fulfilled (C:\Users\TOMMY\Desktop\Project1\obed-service\api\middleware\authorizationHandler.ts:5:58)
    at processTicksAndRejections (internal/process/task_queues.js:97:5)
2021-10-18 00:28:38:2838 error: ApplicationError: group_sub_std_id must be a number conforming to the specified constraints
    at Object.CustomValidationError (C:\Users\TOMMY\Desktop\Project1\obed-service\api\utils\validationErrorFactory.ts:20:10)
    at C:\Users\TOMMY\Desktop\Project1\obed-service\api\middleware\validationHandler.ts:26:9
    at Layer.handle [as handle_request] (C:\Users\TOMMY\Desktop\Project1\obed-service\node_modules\express\lib\router\layer.js:95:5)
    at next (C:\Users\TOMMY\Desktop\Project1\obed-service\node_modules\express\lib\router\route.js:137:13)
    at C:\Users\TOMMY\Desktop\Project1\obed-service\api\middleware\authorizationHandler.ts:61:2
    at Generator.next (<anonymous>)
    at fulfilled (C:\Users\TOMMY\Desktop\Project1\obed-service\api\middleware\authorizationHandler.ts:5:58)
    at processTicksAndRejections (internal/process/task_queues.js:97:5)
2021-10-18 00:28:43:2843 error: ApplicationError: group_sub_std_id must be a number conforming to the specified constraints
    at Object.CustomValidationError (C:\Users\TOMMY\Desktop\Project1\obed-service\api\utils\validationErrorFactory.ts:20:10)
    at C:\Users\TOMMY\Desktop\Project1\obed-service\api\middleware\validationHandler.ts:26:9
    at Layer.handle [as handle_request] (C:\Users\TOMMY\Desktop\Project1\obed-service\node_modules\express\lib\router\layer.js:95:5)
    at next (C:\Users\TOMMY\Desktop\Project1\obed-service\node_modules\express\lib\router\route.js:137:13)
    at C:\Users\TOMMY\Desktop\Project1\obed-service\api\middleware\authorizationHandler.ts:61:2
    at Generator.next (<anonymous>)
    at fulfilled (C:\Users\TOMMY\Desktop\Project1\obed-service\api\middleware\authorizationHandler.ts:5:58)
    at processTicksAndRejections (internal/process/task_queues.js:97:5)
2021-10-18 00:28:43:2843 error: ApplicationError: group_sub_std_id must be a number conforming to the specified constraints
    at Object.CustomValidationError (C:\Users\TOMMY\Desktop\Project1\obed-service\api\utils\validationErrorFactory.ts:20:10)
    at C:\Users\TOMMY\Desktop\Project1\obed-service\api\middleware\validationHandler.ts:26:9
    at Layer.handle [as handle_request] (C:\Users\TOMMY\Desktop\Project1\obed-service\node_modules\express\lib\router\layer.js:95:5)
    at next (C:\Users\TOMMY\Desktop\Project1\obed-service\node_modules\express\lib\router\route.js:137:13)
    at C:\Users\TOMMY\Desktop\Project1\obed-service\api\middleware\authorizationHandler.ts:61:2
    at Generator.next (<anonymous>)
    at fulfilled (C:\Users\TOMMY\Desktop\Project1\obed-service\api\middleware\authorizationHandler.ts:5:58)
    at processTicksAndRejections (internal/process/task_queues.js:97:5)
2021-10-18 00:28:44:2844 error: ApplicationError: group_sub_std_id must be a number conforming to the specified constraints
    at Object.CustomValidationError (C:\Users\TOMMY\Desktop\Project1\obed-service\api\utils\validationErrorFactory.ts:20:10)
    at C:\Users\TOMMY\Desktop\Project1\obed-service\api\middleware\validationHandler.ts:26:9
    at Layer.handle [as handle_request] (C:\Users\TOMMY\Desktop\Project1\obed-service\node_modules\express\lib\router\layer.js:95:5)
    at next (C:\Users\TOMMY\Desktop\Project1\obed-service\node_modules\express\lib\router\route.js:137:13)
    at C:\Users\TOMMY\Desktop\Project1\obed-service\api\middleware\authorizationHandler.ts:61:2
    at Generator.next (<anonymous>)
    at fulfilled (C:\Users\TOMMY\Desktop\Project1\obed-service\api\middleware\authorizationHandler.ts:5:58)
    at processTicksAndRejections (internal/process/task_queues.js:97:5)
2021-10-18 00:28:45:2845 error: ApplicationError: group_sub_std_id must be a number conforming to the specified constraints
    at Object.CustomValidationError (C:\Users\TOMMY\Desktop\Project1\obed-service\api\utils\validationErrorFactory.ts:20:10)
    at C:\Users\TOMMY\Desktop\Project1\obed-service\api\middleware\validationHandler.ts:26:9
    at Layer.handle [as handle_request] (C:\Users\TOMMY\Desktop\Project1\obed-service\node_modules\express\lib\router\layer.js:95:5)
    at next (C:\Users\TOMMY\Desktop\Project1\obed-service\node_modules\express\lib\router\route.js:137:13)
    at C:\Users\TOMMY\Desktop\Project1\obed-service\api\middleware\authorizationHandler.ts:61:2
    at Generator.next (<anonymous>)
    at fulfilled (C:\Users\TOMMY\Desktop\Project1\obed-service\api\middleware\authorizationHandler.ts:5:58)
    at processTicksAndRejections (internal/process/task_queues.js:97:5)
2021-10-18 00:28:45:2845 error: ApplicationError: group_sub_std_id must be a number conforming to the specified constraints
    at Object.CustomValidationError (C:\Users\TOMMY\Desktop\Project1\obed-service\api\utils\validationErrorFactory.ts:20:10)
    at C:\Users\TOMMY\Desktop\Project1\obed-service\api\middleware\validationHandler.ts:26:9
    at Layer.handle [as handle_request] (C:\Users\TOMMY\Desktop\Project1\obed-service\node_modules\express\lib\router\layer.js:95:5)
    at next (C:\Users\TOMMY\Desktop\Project1\obed-service\node_modules\express\lib\router\route.js:137:13)
    at C:\Users\TOMMY\Desktop\Project1\obed-service\api\middleware\authorizationHandler.ts:61:2
    at Generator.next (<anonymous>)
    at fulfilled (C:\Users\TOMMY\Desktop\Project1\obed-service\api\middleware\authorizationHandler.ts:5:58)
    at processTicksAndRejections (internal/process/task_queues.js:97:5)
2021-10-18 00:28:46:2846 error: ApplicationError: group_sub_std_id must be a number conforming to the specified constraints
    at Object.CustomValidationError (C:\Users\TOMMY\Desktop\Project1\obed-service\api\utils\validationErrorFactory.ts:20:10)
    at C:\Users\TOMMY\Desktop\Project1\obed-service\api\middleware\validationHandler.ts:26:9
    at Layer.handle [as handle_request] (C:\Users\TOMMY\Desktop\Project1\obed-service\node_modules\express\lib\router\layer.js:95:5)
    at next (C:\Users\TOMMY\Desktop\Project1\obed-service\node_modules\express\lib\router\route.js:137:13)
    at C:\Users\TOMMY\Desktop\Project1\obed-service\api\middleware\authorizationHandler.ts:61:2
    at Generator.next (<anonymous>)
    at fulfilled (C:\Users\TOMMY\Desktop\Project1\obed-service\api\middleware\authorizationHandler.ts:5:58)
    at processTicksAndRejections (internal/process/task_queues.js:97:5)
2021-10-18 00:28:46:2846 error: ApplicationError: group_sub_std_id must be a number conforming to the specified constraints
    at Object.CustomValidationError (C:\Users\TOMMY\Desktop\Project1\obed-service\api\utils\validationErrorFactory.ts:20:10)
    at C:\Users\TOMMY\Desktop\Project1\obed-service\api\middleware\validationHandler.ts:26:9
    at Layer.handle [as handle_request] (C:\Users\TOMMY\Desktop\Project1\obed-service\node_modules\express\lib\router\layer.js:95:5)
    at next (C:\Users\TOMMY\Desktop\Project1\obed-service\node_modules\express\lib\router\route.js:137:13)
    at C:\Users\TOMMY\Desktop\Project1\obed-service\api\middleware\authorizationHandler.ts:61:2
    at Generator.next (<anonymous>)
    at fulfilled (C:\Users\TOMMY\Desktop\Project1\obed-service\api\middleware\authorizationHandler.ts:5:58)
    at processTicksAndRejections (internal/process/task_queues.js:97:5)
2021-10-18 00:28:47:2847 error: ApplicationError: group_sub_std_id must be a number conforming to the specified constraints
    at Object.CustomValidationError (C:\Users\TOMMY\Desktop\Project1\obed-service\api\utils\validationErrorFactory.ts:20:10)
    at C:\Users\TOMMY\Desktop\Project1\obed-service\api\middleware\validationHandler.ts:26:9
    at Layer.handle [as handle_request] (C:\Users\TOMMY\Desktop\Project1\obed-service\node_modules\express\lib\router\layer.js:95:5)
    at next (C:\Users\TOMMY\Desktop\Project1\obed-service\node_modules\express\lib\router\route.js:137:13)
    at C:\Users\TOMMY\Desktop\Project1\obed-service\api\middleware\authorizationHandler.ts:61:2
    at Generator.next (<anonymous>)
    at fulfilled (C:\Users\TOMMY\Desktop\Project1\obed-service\api\middleware\authorizationHandler.ts:5:58)
    at processTicksAndRejections (internal/process/task_queues.js:97:5)
2021-10-18 00:33:18:3318 error: error: duplicate key value violates unique constraint "group_sub_standards_standard_id_key"
    at Parser.parseErrorMessage (C:\Users\TOMMY\Desktop\Project1\obed-service\node_modules\pg-protocol\src\parser.ts:369:69)
    at Parser.handlePacket (C:\Users\TOMMY\Desktop\Project1\obed-service\node_modules\pg-protocol\src\parser.ts:188:21)
    at Parser.parse (C:\Users\TOMMY\Desktop\Project1\obed-service\node_modules\pg-protocol\src\parser.ts:103:30)
    at Socket.<anonymous> (C:\Users\TOMMY\Desktop\Project1\obed-service\node_modules\pg-protocol\src\index.ts:7:48)
    at Socket.emit (events.js:315:20)
    at addChunk (_stream_readable.js:295:12)
    at readableAddChunk (_stream_readable.js:271:9)
    at Socket.Readable.push (_stream_readable.js:212:10)
    at TCP.onStreamRead (internal/stream_base_commons.js:186:23)
2021-10-18 00:33:42:3342 error: error: duplicate key value violates unique constraint "group_sub_standards_standard_id_key"
    at Parser.parseErrorMessage (C:\Users\TOMMY\Desktop\Project1\obed-service\node_modules\pg-protocol\src\parser.ts:369:69)
    at Parser.handlePacket (C:\Users\TOMMY\Desktop\Project1\obed-service\node_modules\pg-protocol\src\parser.ts:188:21)
    at Parser.parse (C:\Users\TOMMY\Desktop\Project1\obed-service\node_modules\pg-protocol\src\parser.ts:103:30)
    at Socket.<anonymous> (C:\Users\TOMMY\Desktop\Project1\obed-service\node_modules\pg-protocol\src\index.ts:7:48)
    at Socket.emit (events.js:315:20)
    at addChunk (_stream_readable.js:295:12)
    at readableAddChunk (_stream_readable.js:271:9)
    at Socket.Readable.push (_stream_readable.js:212:10)
    at TCP.onStreamRead (internal/stream_base_commons.js:186:23)
2021-10-18 00:42:58:4258 error: error: syntax error at or near "WHERE"
    at Parser.parseErrorMessage (C:\Users\TOMMY\Desktop\Project1\obed-service\node_modules\pg-protocol\src\parser.ts:369:69)
    at Parser.handlePacket (C:\Users\TOMMY\Desktop\Project1\obed-service\node_modules\pg-protocol\src\parser.ts:188:21)
    at Parser.parse (C:\Users\TOMMY\Desktop\Project1\obed-service\node_modules\pg-protocol\src\parser.ts:103:30)
    at Socket.<anonymous> (C:\Users\TOMMY\Desktop\Project1\obed-service\node_modules\pg-protocol\src\index.ts:7:48)
    at Socket.emit (events.js:315:20)
    at addChunk (_stream_readable.js:295:12)
    at readableAddChunk (_stream_readable.js:271:9)
    at Socket.Readable.push (_stream_readable.js:212:10)
    at TCP.onStreamRead (internal/stream_base_commons.js:186:23)
2021-10-18 00:43:27:4327 error: error: column gs_std.group_sub_standard does not exist
    at Parser.parseErrorMessage (C:\Users\TOMMY\Desktop\Project1\obed-service\node_modules\pg-protocol\src\parser.ts:369:69)
    at Parser.handlePacket (C:\Users\TOMMY\Desktop\Project1\obed-service\node_modules\pg-protocol\src\parser.ts:188:21)
    at Parser.parse (C:\Users\TOMMY\Desktop\Project1\obed-service\node_modules\pg-protocol\src\parser.ts:103:30)
    at Socket.<anonymous> (C:\Users\TOMMY\Desktop\Project1\obed-service\node_modules\pg-protocol\src\index.ts:7:48)
    at Socket.emit (events.js:315:20)
    at addChunk (_stream_readable.js:295:12)
    at readableAddChunk (_stream_readable.js:271:9)
    at Socket.Readable.push (_stream_readable.js:212:10)
    at TCP.onStreamRead (internal/stream_base_commons.js:186:23)
2021-10-18 00:43:37:4337 error: error: syntax error at or near "WHERE"
    at Parser.parseErrorMessage (C:\Users\TOMMY\Desktop\Project1\obed-service\node_modules\pg-protocol\src\parser.ts:369:69)
    at Parser.handlePacket (C:\Users\TOMMY\Desktop\Project1\obed-service\node_modules\pg-protocol\src\parser.ts:188:21)
    at Parser.parse (C:\Users\TOMMY\Desktop\Project1\obed-service\node_modules\pg-protocol\src\parser.ts:103:30)
    at Socket.<anonymous> (C:\Users\TOMMY\Desktop\Project1\obed-service\node_modules\pg-protocol\src\index.ts:7:48)
    at Socket.emit (events.js:315:20)
    at addChunk (_stream_readable.js:295:12)
    at readableAddChunk (_stream_readable.js:271:9)
    at Socket.Readable.push (_stream_readable.js:212:10)
    at TCP.onStreamRead (internal/stream_base_commons.js:186:23)
2021-10-18 00:43:38:4338 error: error: syntax error at or near "WHERE"
    at Parser.parseErrorMessage (C:\Users\TOMMY\Desktop\Project1\obed-service\node_modules\pg-protocol\src\parser.ts:369:69)
    at Parser.handlePacket (C:\Users\TOMMY\Desktop\Project1\obed-service\node_modules\pg-protocol\src\parser.ts:188:21)
    at Parser.parse (C:\Users\TOMMY\Desktop\Project1\obed-service\node_modules\pg-protocol\src\parser.ts:103:30)
    at Socket.<anonymous> (C:\Users\TOMMY\Desktop\Project1\obed-service\node_modules\pg-protocol\src\index.ts:7:48)
    at Socket.emit (events.js:315:20)
    at addChunk (_stream_readable.js:295:12)
    at readableAddChunk (_stream_readable.js:271:9)
    at Socket.Readable.push (_stream_readable.js:212:10)
    at TCP.onStreamRead (internal/stream_base_commons.js:186:23)
2021-10-18 00:43:56:4356 error: error: syntax error at or near "WHERE"
    at Parser.parseErrorMessage (C:\Users\TOMMY\Desktop\Project1\obed-service\node_modules\pg-protocol\src\parser.ts:369:69)
    at Parser.handlePacket (C:\Users\TOMMY\Desktop\Project1\obed-service\node_modules\pg-protocol\src\parser.ts:188:21)
    at Parser.parse (C:\Users\TOMMY\Desktop\Project1\obed-service\node_modules\pg-protocol\src\parser.ts:103:30)
    at Socket.<anonymous> (C:\Users\TOMMY\Desktop\Project1\obed-service\node_modules\pg-protocol\src\index.ts:7:48)
    at Socket.emit (events.js:315:20)
    at addChunk (_stream_readable.js:295:12)
    at readableAddChunk (_stream_readable.js:271:9)
    at Socket.Readable.push (_stream_readable.js:212:10)
    at TCP.onStreamRead (internal/stream_base_commons.js:186:23)
2021-10-18 00:44:21:4421 error: error: syntax error at or near "LEFT"
    at Parser.parseErrorMessage (C:\Users\TOMMY\Desktop\Project1\obed-service\node_modules\pg-protocol\src\parser.ts:369:69)
    at Parser.handlePacket (C:\Users\TOMMY\Desktop\Project1\obed-service\node_modules\pg-protocol\src\parser.ts:188:21)
    at Parser.parse (C:\Users\TOMMY\Desktop\Project1\obed-service\node_modules\pg-protocol\src\parser.ts:103:30)
    at Socket.<anonymous> (C:\Users\TOMMY\Desktop\Project1\obed-service\node_modules\pg-protocol\src\index.ts:7:48)
    at Socket.emit (events.js:315:20)
    at addChunk (_stream_readable.js:295:12)
    at readableAddChunk (_stream_readable.js:271:9)
    at Socket.Readable.push (_stream_readable.js:212:10)
    at TCP.onStreamRead (internal/stream_base_commons.js:186:23)
2021-10-18 00:45:16:4516 error: error: syntax error at or near "WHERE"
    at Parser.parseErrorMessage (C:\Users\TOMMY\Desktop\Project1\obed-service\node_modules\pg-protocol\src\parser.ts:369:69)
    at Parser.handlePacket (C:\Users\TOMMY\Desktop\Project1\obed-service\node_modules\pg-protocol\src\parser.ts:188:21)
    at Parser.parse (C:\Users\TOMMY\Desktop\Project1\obed-service\node_modules\pg-protocol\src\parser.ts:103:30)
    at Socket.<anonymous> (C:\Users\TOMMY\Desktop\Project1\obed-service\node_modules\pg-protocol\src\index.ts:7:48)
    at Socket.emit (events.js:315:20)
    at addChunk (_stream_readable.js:295:12)
    at readableAddChunk (_stream_readable.js:271:9)
    at Socket.Readable.push (_stream_readable.js:212:10)
    at TCP.onStreamRead (internal/stream_base_commons.js:186:23)
2021-10-18 00:45:35:4535 error: error: column m_std.group_sub_standard does not exist
    at Parser.parseErrorMessage (C:\Users\TOMMY\Desktop\Project1\obed-service\node_modules\pg-protocol\src\parser.ts:369:69)
    at Parser.handlePacket (C:\Users\TOMMY\Desktop\Project1\obed-service\node_modules\pg-protocol\src\parser.ts:188:21)
    at Parser.parse (C:\Users\TOMMY\Desktop\Project1\obed-service\node_modules\pg-protocol\src\parser.ts:103:30)
    at Socket.<anonymous> (C:\Users\TOMMY\Desktop\Project1\obed-service\node_modules\pg-protocol\src\index.ts:7:48)
    at Socket.emit (events.js:315:20)
    at addChunk (_stream_readable.js:295:12)
    at readableAddChunk (_stream_readable.js:271:9)
    at Socket.Readable.push (_stream_readable.js:212:10)
    at TCP.onStreamRead (internal/stream_base_commons.js:186:23)
2021-10-18 00:45:57:4557 error: error: column m_std.group_sub_standard_id does not exist
    at Parser.parseErrorMessage (C:\Users\TOMMY\Desktop\Project1\obed-service\node_modules\pg-protocol\src\parser.ts:369:69)
    at Parser.handlePacket (C:\Users\TOMMY\Desktop\Project1\obed-service\node_modules\pg-protocol\src\parser.ts:188:21)
    at Parser.parse (C:\Users\TOMMY\Desktop\Project1\obed-service\node_modules\pg-protocol\src\parser.ts:103:30)
    at Socket.<anonymous> (C:\Users\TOMMY\Desktop\Project1\obed-service\node_modules\pg-protocol\src\index.ts:7:48)
    at Socket.emit (events.js:315:20)
    at addChunk (_stream_readable.js:295:12)
    at readableAddChunk (_stream_readable.js:271:9)
    at Socket.Readable.push (_stream_readable.js:212:10)
    at TCP.onStreamRead (internal/stream_base_commons.js:186:23)
2021-10-18 00:51:38:5138 error: error: syntax error at or near "AS"
    at Parser.parseErrorMessage (C:\Users\TOMMY\Desktop\Project1\obed-service\node_modules\pg-protocol\src\parser.ts:369:69)
    at Parser.handlePacket (C:\Users\TOMMY\Desktop\Project1\obed-service\node_modules\pg-protocol\src\parser.ts:188:21)
    at Parser.parse (C:\Users\TOMMY\Desktop\Project1\obed-service\node_modules\pg-protocol\src\parser.ts:103:30)
    at Socket.<anonymous> (C:\Users\TOMMY\Desktop\Project1\obed-service\node_modules\pg-protocol\src\index.ts:7:48)
    at Socket.emit (events.js:315:20)
    at addChunk (_stream_readable.js:295:12)
    at readableAddChunk (_stream_readable.js:271:9)
    at Socket.Readable.push (_stream_readable.js:212:10)
    at TCP.onStreamRead (internal/stream_base_commons.js:186:23)
2021-10-18 00:53:04:534 error: error: column reference "standard_id" is ambiguous
    at Parser.parseErrorMessage (C:\Users\TOMMY\Desktop\Project1\obed-service\node_modules\pg-protocol\src\parser.ts:369:69)
    at Parser.handlePacket (C:\Users\TOMMY\Desktop\Project1\obed-service\node_modules\pg-protocol\src\parser.ts:188:21)
    at Parser.parse (C:\Users\TOMMY\Desktop\Project1\obed-service\node_modules\pg-protocol\src\parser.ts:103:30)
    at Socket.<anonymous> (C:\Users\TOMMY\Desktop\Project1\obed-service\node_modules\pg-protocol\src\index.ts:7:48)
    at Socket.emit (events.js:315:20)
    at addChunk (_stream_readable.js:295:12)
    at readableAddChunk (_stream_readable.js:271:9)
    at Socket.Readable.push (_stream_readable.js:212:10)
    at TCP.onStreamRead (internal/stream_base_commons.js:186:23)
2021-10-18 00:53:48:5348 error: error: bind message supplies 1 parameters, but prepared statement "" requires 0
    at Parser.parseErrorMessage (C:\Users\TOMMY\Desktop\Project1\obed-service\node_modules\pg-protocol\src\parser.ts:369:69)
    at Parser.handlePacket (C:\Users\TOMMY\Desktop\Project1\obed-service\node_modules\pg-protocol\src\parser.ts:188:21)
    at Parser.parse (C:\Users\TOMMY\Desktop\Project1\obed-service\node_modules\pg-protocol\src\parser.ts:103:30)
    at Socket.<anonymous> (C:\Users\TOMMY\Desktop\Project1\obed-service\node_modules\pg-protocol\src\index.ts:7:48)
    at Socket.emit (events.js:315:20)
    at addChunk (_stream_readable.js:295:12)
    at readableAddChunk (_stream_readable.js:271:9)
    at Socket.Readable.push (_stream_readable.js:212:10)
    at TCP.onStreamRead (internal/stream_base_commons.js:186:23)
2021-10-18 00:56:26:5626 error: error: syntax error at or near "WHERE"
    at Parser.parseErrorMessage (C:\Users\TOMMY\Desktop\Project1\obed-service\node_modules\pg-protocol\src\parser.ts:369:69)
    at Parser.handlePacket (C:\Users\TOMMY\Desktop\Project1\obed-service\node_modules\pg-protocol\src\parser.ts:188:21)
    at Parser.parse (C:\Users\TOMMY\Desktop\Project1\obed-service\node_modules\pg-protocol\src\parser.ts:103:30)
    at Socket.<anonymous> (C:\Users\TOMMY\Desktop\Project1\obed-service\node_modules\pg-protocol\src\index.ts:7:48)
    at Socket.emit (events.js:315:20)
    at addChunk (_stream_readable.js:295:12)
    at readableAddChunk (_stream_readable.js:271:9)
    at Socket.Readable.push (_stream_readable.js:212:10)
    at TCP.onStreamRead (internal/stream_base_commons.js:186:23)
2021-10-18 01:11:50:1150 error: error: syntax error at or near "$"
    at Parser.parseErrorMessage (C:\Users\TOMMY\Desktop\Project1\obed-service\node_modules\pg-protocol\src\parser.ts:369:69)
    at Parser.handlePacket (C:\Users\TOMMY\Desktop\Project1\obed-service\node_modules\pg-protocol\src\parser.ts:188:21)
    at Parser.parse (C:\Users\TOMMY\Desktop\Project1\obed-service\node_modules\pg-protocol\src\parser.ts:103:30)
    at Socket.<anonymous> (C:\Users\TOMMY\Desktop\Project1\obed-service\node_modules\pg-protocol\src\index.ts:7:48)
    at Socket.emit (events.js:315:20)
    at addChunk (_stream_readable.js:295:12)
    at readableAddChunk (_stream_readable.js:271:9)
    at Socket.Readable.push (_stream_readable.js:212:10)
    at TCP.onStreamRead (internal/stream_base_commons.js:186:23)
2021-10-18 01:12:04:124 error: error: column s_std.group_sub_standard_id does not exist
    at Parser.parseErrorMessage (C:\Users\TOMMY\Desktop\Project1\obed-service\node_modules\pg-protocol\src\parser.ts:369:69)
    at Parser.handlePacket (C:\Users\TOMMY\Desktop\Project1\obed-service\node_modules\pg-protocol\src\parser.ts:188:21)
    at Parser.parse (C:\Users\TOMMY\Desktop\Project1\obed-service\node_modules\pg-protocol\src\parser.ts:103:30)
    at Socket.<anonymous> (C:\Users\TOMMY\Desktop\Project1\obed-service\node_modules\pg-protocol\src\index.ts:7:48)
    at Socket.emit (events.js:315:20)
    at addChunk (_stream_readable.js:295:12)
    at readableAddChunk (_stream_readable.js:271:9)
    at Socket.Readable.push (_stream_readable.js:212:10)
    at TCP.onStreamRead (internal/stream_base_commons.js:186:23)
2021-10-18 01:19:50:1950 error: error: could not identify a comparison function for type json
    at Parser.parseErrorMessage (C:\Users\TOMMY\Desktop\Project1\obed-service\node_modules\pg-protocol\src\parser.ts:369:69)
    at Parser.handlePacket (C:\Users\TOMMY\Desktop\Project1\obed-service\node_modules\pg-protocol\src\parser.ts:188:21)
    at Parser.parse (C:\Users\TOMMY\Desktop\Project1\obed-service\node_modules\pg-protocol\src\parser.ts:103:30)
    at Socket.<anonymous> (C:\Users\TOMMY\Desktop\Project1\obed-service\node_modules\pg-protocol\src\index.ts:7:48)
    at Socket.emit (events.js:315:20)
    at addChunk (_stream_readable.js:295:12)
    at readableAddChunk (_stream_readable.js:271:9)
    at Socket.Readable.push (_stream_readable.js:212:10)
    at TCP.onStreamRead (internal/stream_base_commons.js:186:23)
2021-10-18 01:20:47:2047 error: error: could not identify a comparison function for type json
    at Parser.parseErrorMessage (C:\Users\TOMMY\Desktop\Project1\obed-service\node_modules\pg-protocol\src\parser.ts:369:69)
    at Parser.handlePacket (C:\Users\TOMMY\Desktop\Project1\obed-service\node_modules\pg-protocol\src\parser.ts:188:21)
    at Parser.parse (C:\Users\TOMMY\Desktop\Project1\obed-service\node_modules\pg-protocol\src\parser.ts:103:30)
    at Socket.<anonymous> (C:\Users\TOMMY\Desktop\Project1\obed-service\node_modules\pg-protocol\src\index.ts:7:48)
    at Socket.emit (events.js:315:20)
    at addChunk (_stream_readable.js:295:12)
    at readableAddChunk (_stream_readable.js:271:9)
    at Socket.Readable.push (_stream_readable.js:212:10)
    at TCP.onStreamRead (internal/stream_base_commons.js:186:23)
2021-10-18 17:44:49:4449 error: ApplicationError: Unauthorized Access Token was expired
    at C:\Users\TOMMY\Desktop\Project1\obed-service\api\middleware\authorizationHandler.ts:35:16
    at Generator.next (<anonymous>)
    at C:\Users\TOMMY\Desktop\Project1\obed-service\api\middleware\authorizationHandler.ts:8:71
    at new Promise (<anonymous>)
    at __awaiter (C:\Users\TOMMY\Desktop\Project1\obed-service\api\middleware\authorizationHandler.ts:4:12)
    at verifyToken (C:\Users\TOMMY\Desktop\Project1\obed-service\api\middleware\authorizationHandler.ts:15:94)
    at Layer.handle [as handle_request] (C:\Users\TOMMY\Desktop\Project1\obed-service\node_modules\express\lib\router\layer.js:95:5)
    at next (C:\Users\TOMMY\Desktop\Project1\obed-service\node_modules\express\lib\router\route.js:137:13)
    at Route.dispatch (C:\Users\TOMMY\Desktop\Project1\obed-service\node_modules\express\lib\router\route.js:112:3)
    at Layer.handle [as handle_request] (C:\Users\TOMMY\Desktop\Project1\obed-service\node_modules\express\lib\router\layer.js:95:5)
    at C:\Users\TOMMY\Desktop\Project1\obed-service\node_modules\express\lib\router\index.js:281:22
    at Function.process_params (C:\Users\TOMMY\Desktop\Project1\obed-service\node_modules\express\lib\router\index.js:335:12)
    at next (C:\Users\TOMMY\Desktop\Project1\obed-service\node_modules\express\lib\router\index.js:275:10)
    at Function.handle (C:\Users\TOMMY\Desktop\Project1\obed-service\node_modules\express\lib\router\index.js:174:3)
    at router (C:\Users\TOMMY\Desktop\Project1\obed-service\node_modules\express\lib\router\index.js:47:12)
    at Layer.handle [as handle_request] (C:\Users\TOMMY\Desktop\Project1\obed-service\node_modules\express\lib\router\layer.js:95:5)
2021-10-18 18:07:19:719 error: ApplicationError: curriculum_id must be a number conforming to the specified constraints
    at Object.CustomValidationError (C:\Users\TOMMY\Desktop\Project1\obed-service\api\utils\validationErrorFactory.ts:20:10)
    at C:\Users\TOMMY\Desktop\Project1\obed-service\api\middleware\validationHandler.ts:26:9
    at Layer.handle [as handle_request] (C:\Users\TOMMY\Desktop\Project1\obed-service\node_modules\express\lib\router\layer.js:95:5)
    at next (C:\Users\TOMMY\Desktop\Project1\obed-service\node_modules\express\lib\router\route.js:137:13)
    at C:\Users\TOMMY\Desktop\Project1\obed-service\api\middleware\authorizationHandler.ts:61:2
    at Generator.next (<anonymous>)
    at fulfilled (C:\Users\TOMMY\Desktop\Project1\obed-service\api\middleware\authorizationHandler.ts:5:58)
    at processTicksAndRejections (internal/process/task_queues.js:97:5)
2021-10-18 18:16:19:1619 error: error: column reference "standard_id" is ambiguous
    at Parser.parseErrorMessage (C:\Users\TOMMY\Desktop\Project1\obed-service\node_modules\pg-protocol\src\parser.ts:369:69)
    at Parser.handlePacket (C:\Users\TOMMY\Desktop\Project1\obed-service\node_modules\pg-protocol\src\parser.ts:188:21)
    at Parser.parse (C:\Users\TOMMY\Desktop\Project1\obed-service\node_modules\pg-protocol\src\parser.ts:103:30)
    at Socket.<anonymous> (C:\Users\TOMMY\Desktop\Project1\obed-service\node_modules\pg-protocol\src\index.ts:7:48)
    at Socket.emit (events.js:315:20)
    at addChunk (_stream_readable.js:295:12)
    at readableAddChunk (_stream_readable.js:271:9)
    at Socket.Readable.push (_stream_readable.js:212:10)
    at TCP.onStreamRead (internal/stream_base_commons.js:186:23)
2021-10-18 18:17:08:178 error: error: column reference "standard_id" is ambiguous
    at Parser.parseErrorMessage (C:\Users\TOMMY\Desktop\Project1\obed-service\node_modules\pg-protocol\src\parser.ts:369:69)
    at Parser.handlePacket (C:\Users\TOMMY\Desktop\Project1\obed-service\node_modules\pg-protocol\src\parser.ts:188:21)
    at Parser.parse (C:\Users\TOMMY\Desktop\Project1\obed-service\node_modules\pg-protocol\src\parser.ts:103:30)
    at Socket.<anonymous> (C:\Users\TOMMY\Desktop\Project1\obed-service\node_modules\pg-protocol\src\index.ts:7:48)
    at Socket.emit (events.js:315:20)
    at addChunk (_stream_readable.js:295:12)
    at readableAddChunk (_stream_readable.js:271:9)
    at Socket.Readable.push (_stream_readable.js:212:10)
    at TCP.onStreamRead (internal/stream_base_commons.js:186:23)
2021-10-18 18:18:34:1834 error: error: column reference "standard_id" is ambiguous
    at Parser.parseErrorMessage (C:\Users\TOMMY\Desktop\Project1\obed-service\node_modules\pg-protocol\src\parser.ts:369:69)
    at Parser.handlePacket (C:\Users\TOMMY\Desktop\Project1\obed-service\node_modules\pg-protocol\src\parser.ts:188:21)
    at Parser.parse (C:\Users\TOMMY\Desktop\Project1\obed-service\node_modules\pg-protocol\src\parser.ts:103:30)
    at Socket.<anonymous> (C:\Users\TOMMY\Desktop\Project1\obed-service\node_modules\pg-protocol\src\index.ts:7:48)
    at Socket.emit (events.js:315:20)
    at addChunk (_stream_readable.js:295:12)
    at readableAddChunk (_stream_readable.js:271:9)
    at Socket.Readable.push (_stream_readable.js:212:10)
    at TCP.onStreamRead (internal/stream_base_commons.js:186:23)
2021-10-18 18:18:54:1854 error: error: column reference "standard_id" is ambiguous
    at Parser.parseErrorMessage (C:\Users\TOMMY\Desktop\Project1\obed-service\node_modules\pg-protocol\src\parser.ts:369:69)
    at Parser.handlePacket (C:\Users\TOMMY\Desktop\Project1\obed-service\node_modules\pg-protocol\src\parser.ts:188:21)
    at Parser.parse (C:\Users\TOMMY\Desktop\Project1\obed-service\node_modules\pg-protocol\src\parser.ts:103:30)
    at Socket.<anonymous> (C:\Users\TOMMY\Desktop\Project1\obed-service\node_modules\pg-protocol\src\index.ts:7:48)
    at Socket.emit (events.js:315:20)
    at addChunk (_stream_readable.js:295:12)
    at readableAddChunk (_stream_readable.js:271:9)
    at Socket.Readable.push (_stream_readable.js:212:10)
    at TCP.onStreamRead (internal/stream_base_commons.js:186:23)
2021-10-18 19:58:39:5839 error: ApplicationError: Unauthorized Access Token was expired
    at C:\Users\TOMMY\Desktop\Project1\obed-service\api\middleware\authorizationHandler.ts:35:16
    at Generator.next (<anonymous>)
    at C:\Users\TOMMY\Desktop\Project1\obed-service\api\middleware\authorizationHandler.ts:8:71
    at new Promise (<anonymous>)
    at __awaiter (C:\Users\TOMMY\Desktop\Project1\obed-service\api\middleware\authorizationHandler.ts:4:12)
    at verifyToken (C:\Users\TOMMY\Desktop\Project1\obed-service\api\middleware\authorizationHandler.ts:15:94)
    at Layer.handle [as handle_request] (C:\Users\TOMMY\Desktop\Project1\obed-service\node_modules\express\lib\router\layer.js:95:5)
    at next (C:\Users\TOMMY\Desktop\Project1\obed-service\node_modules\express\lib\router\route.js:137:13)
    at Route.dispatch (C:\Users\TOMMY\Desktop\Project1\obed-service\node_modules\express\lib\router\route.js:112:3)
    at Layer.handle [as handle_request] (C:\Users\TOMMY\Desktop\Project1\obed-service\node_modules\express\lib\router\layer.js:95:5)
    at C:\Users\TOMMY\Desktop\Project1\obed-service\node_modules\express\lib\router\index.js:281:22
    at param (C:\Users\TOMMY\Desktop\Project1\obed-service\node_modules\express\lib\router\index.js:354:14)
    at param (C:\Users\TOMMY\Desktop\Project1\obed-service\node_modules\express\lib\router\index.js:365:14)
    at Function.process_params (C:\Users\TOMMY\Desktop\Project1\obed-service\node_modules\express\lib\router\index.js:410:3)
    at next (C:\Users\TOMMY\Desktop\Project1\obed-service\node_modules\express\lib\router\index.js:275:10)
    at Function.handle (C:\Users\TOMMY\Desktop\Project1\obed-service\node_modules\express\lib\router\index.js:174:3)
2021-10-18 20:06:02:62 error: error: column gs_std.order does not exist
    at Parser.parseErrorMessage (C:\Users\TOMMY\Desktop\Project1\obed-service\node_modules\pg-protocol\src\parser.ts:369:69)
    at Parser.handlePacket (C:\Users\TOMMY\Desktop\Project1\obed-service\node_modules\pg-protocol\src\parser.ts:188:21)
    at Parser.parse (C:\Users\TOMMY\Desktop\Project1\obed-service\node_modules\pg-protocol\src\parser.ts:103:30)
    at Socket.<anonymous> (C:\Users\TOMMY\Desktop\Project1\obed-service\node_modules\pg-protocol\src\index.ts:7:48)
    at Socket.emit (events.js:315:20)
    at addChunk (_stream_readable.js:295:12)
    at readableAddChunk (_stream_readable.js:271:9)
    at Socket.Readable.push (_stream_readable.js:212:10)
    at TCP.onStreamRead (internal/stream_base_commons.js:186:23)
2021-10-18 20:06:30:630 error: error: missing FROM-clause entry for table "gs_std"
    at Parser.parseErrorMessage (C:\Users\TOMMY\Desktop\Project1\obed-service\node_modules\pg-protocol\src\parser.ts:369:69)
    at Parser.handlePacket (C:\Users\TOMMY\Desktop\Project1\obed-service\node_modules\pg-protocol\src\parser.ts:188:21)
    at Parser.parse (C:\Users\TOMMY\Desktop\Project1\obed-service\node_modules\pg-protocol\src\parser.ts:103:30)
    at Socket.<anonymous> (C:\Users\TOMMY\Desktop\Project1\obed-service\node_modules\pg-protocol\src\index.ts:7:48)
    at Socket.emit (events.js:315:20)
    at addChunk (_stream_readable.js:295:12)
    at readableAddChunk (_stream_readable.js:271:9)
    at Socket.Readable.push (_stream_readable.js:212:10)
    at TCP.onStreamRead (internal/stream_base_commons.js:186:23)
2021-10-18 20:06:46:646 error: error: column gss.order does not exist
    at Parser.parseErrorMessage (C:\Users\TOMMY\Desktop\Project1\obed-service\node_modules\pg-protocol\src\parser.ts:369:69)
    at Parser.handlePacket (C:\Users\TOMMY\Desktop\Project1\obed-service\node_modules\pg-protocol\src\parser.ts:188:21)
    at Parser.parse (C:\Users\TOMMY\Desktop\Project1\obed-service\node_modules\pg-protocol\src\parser.ts:103:30)
    at Socket.<anonymous> (C:\Users\TOMMY\Desktop\Project1\obed-service\node_modules\pg-protocol\src\index.ts:7:48)
    at Socket.emit (events.js:315:20)
    at addChunk (_stream_readable.js:295:12)
    at readableAddChunk (_stream_readable.js:271:9)
    at Socket.Readable.push (_stream_readable.js:212:10)
    at TCP.onStreamRead (internal/stream_base_commons.js:186:23)
2021-10-18 20:07:41:741 error: error: column s_std.order does not exist
    at Parser.parseErrorMessage (C:\Users\TOMMY\Desktop\Project1\obed-service\node_modules\pg-protocol\src\parser.ts:369:69)
    at Parser.handlePacket (C:\Users\TOMMY\Desktop\Project1\obed-service\node_modules\pg-protocol\src\parser.ts:188:21)
    at Parser.parse (C:\Users\TOMMY\Desktop\Project1\obed-service\node_modules\pg-protocol\src\parser.ts:103:30)
    at Socket.<anonymous> (C:\Users\TOMMY\Desktop\Project1\obed-service\node_modules\pg-protocol\src\index.ts:7:48)
    at Socket.emit (events.js:315:20)
    at addChunk (_stream_readable.js:295:12)
    at readableAddChunk (_stream_readable.js:271:9)
    at Socket.Readable.push (_stream_readable.js:212:10)
    at TCP.onStreamRead (internal/stream_base_commons.js:186:23)
2021-10-18 20:08:07:87 error: error: column gss.order does not exist
    at Parser.parseErrorMessage (C:\Users\TOMMY\Desktop\Project1\obed-service\node_modules\pg-protocol\src\parser.ts:369:69)
    at Parser.handlePacket (C:\Users\TOMMY\Desktop\Project1\obed-service\node_modules\pg-protocol\src\parser.ts:188:21)
    at Parser.parse (C:\Users\TOMMY\Desktop\Project1\obed-service\node_modules\pg-protocol\src\parser.ts:103:30)
    at Socket.<anonymous> (C:\Users\TOMMY\Desktop\Project1\obed-service\node_modules\pg-protocol\src\index.ts:7:48)
    at Socket.emit (events.js:315:20)
    at addChunk (_stream_readable.js:295:12)
    at readableAddChunk (_stream_readable.js:271:9)
    at Socket.Readable.push (_stream_readable.js:212:10)
    at TCP.onStreamRead (internal/stream_base_commons.js:186:23)
2021-10-18 20:26:36:2636 error: error: syntax error at or near "FROM"
    at Parser.parseErrorMessage (C:\Users\TOMMY\Desktop\Project1\obed-service\node_modules\pg-protocol\src\parser.ts:369:69)
    at Parser.handlePacket (C:\Users\TOMMY\Desktop\Project1\obed-service\node_modules\pg-protocol\src\parser.ts:188:21)
    at Parser.parse (C:\Users\TOMMY\Desktop\Project1\obed-service\node_modules\pg-protocol\src\parser.ts:103:30)
    at Socket.<anonymous> (C:\Users\TOMMY\Desktop\Project1\obed-service\node_modules\pg-protocol\src\index.ts:7:48)
    at Socket.emit (events.js:315:20)
    at addChunk (_stream_readable.js:295:12)
    at readableAddChunk (_stream_readable.js:271:9)
    at Socket.Readable.push (_stream_readable.js:212:10)
    at TCP.onStreamRead (internal/stream_base_commons.js:186:23)
2021-10-18 20:26:44:2644 error: error: syntax error at or near "$"
    at Parser.parseErrorMessage (C:\Users\TOMMY\Desktop\Project1\obed-service\node_modules\pg-protocol\src\parser.ts:369:69)
    at Parser.handlePacket (C:\Users\TOMMY\Desktop\Project1\obed-service\node_modules\pg-protocol\src\parser.ts:188:21)
    at Parser.parse (C:\Users\TOMMY\Desktop\Project1\obed-service\node_modules\pg-protocol\src\parser.ts:103:30)
    at Socket.<anonymous> (C:\Users\TOMMY\Desktop\Project1\obed-service\node_modules\pg-protocol\src\index.ts:7:48)
    at Socket.emit (events.js:315:20)
    at addChunk (_stream_readable.js:295:12)
    at readableAddChunk (_stream_readable.js:271:9)
    at Socket.Readable.push (_stream_readable.js:212:10)
    at TCP.onStreamRead (internal/stream_base_commons.js:186:23)
2021-10-18 20:28:03:283 error: error: missing FROM-clause entry for table "ss"
    at Parser.parseErrorMessage (C:\Users\TOMMY\Desktop\Project1\obed-service\node_modules\pg-protocol\src\parser.ts:369:69)
    at Parser.handlePacket (C:\Users\TOMMY\Desktop\Project1\obed-service\node_modules\pg-protocol\src\parser.ts:188:21)
    at Parser.parse (C:\Users\TOMMY\Desktop\Project1\obed-service\node_modules\pg-protocol\src\parser.ts:103:30)
    at Socket.<anonymous> (C:\Users\TOMMY\Desktop\Project1\obed-service\node_modules\pg-protocol\src\index.ts:7:48)
    at Socket.emit (events.js:315:20)
    at addChunk (_stream_readable.js:295:12)
    at readableAddChunk (_stream_readable.js:271:9)
    at Socket.Readable.push (_stream_readable.js:212:10)
    at TCP.onStreamRead (internal/stream_base_commons.js:186:23)
2021-10-18 21:05:19:519 error: ApplicationError: Unauthorized Access Token was expired
    at C:\Users\TOMMY\Desktop\Project1\obed-service\api\middleware\authorizationHandler.ts:35:16
    at Generator.next (<anonymous>)
    at C:\Users\TOMMY\Desktop\Project1\obed-service\api\middleware\authorizationHandler.ts:8:71
    at new Promise (<anonymous>)
    at __awaiter (C:\Users\TOMMY\Desktop\Project1\obed-service\api\middleware\authorizationHandler.ts:4:12)
    at verifyToken (C:\Users\TOMMY\Desktop\Project1\obed-service\api\middleware\authorizationHandler.ts:15:94)
    at Layer.handle [as handle_request] (C:\Users\TOMMY\Desktop\Project1\obed-service\node_modules\express\lib\router\layer.js:95:5)
    at next (C:\Users\TOMMY\Desktop\Project1\obed-service\node_modules\express\lib\router\route.js:137:13)
    at Route.dispatch (C:\Users\TOMMY\Desktop\Project1\obed-service\node_modules\express\lib\router\route.js:112:3)
    at Layer.handle [as handle_request] (C:\Users\TOMMY\Desktop\Project1\obed-service\node_modules\express\lib\router\layer.js:95:5)
    at C:\Users\TOMMY\Desktop\Project1\obed-service\node_modules\express\lib\router\index.js:281:22
    at param (C:\Users\TOMMY\Desktop\Project1\obed-service\node_modules\express\lib\router\index.js:354:14)
    at param (C:\Users\TOMMY\Desktop\Project1\obed-service\node_modules\express\lib\router\index.js:365:14)
    at Function.process_params (C:\Users\TOMMY\Desktop\Project1\obed-service\node_modules\express\lib\router\index.js:410:3)
    at next (C:\Users\TOMMY\Desktop\Project1\obed-service\node_modules\express\lib\router\index.js:275:10)
    at Function.handle (C:\Users\TOMMY\Desktop\Project1\obed-service\node_modules\express\lib\router\index.js:174:3)
2021-10-18 21:37:15:3715 error: error: column "s_std.order_number" must appear in the GROUP BY clause or be used in an aggregate function
    at Parser.parseErrorMessage (C:\Users\TOMMY\Desktop\Project1\obed-service\node_modules\pg-protocol\src\parser.ts:369:69)
    at Parser.handlePacket (C:\Users\TOMMY\Desktop\Project1\obed-service\node_modules\pg-protocol\src\parser.ts:188:21)
    at Parser.parse (C:\Users\TOMMY\Desktop\Project1\obed-service\node_modules\pg-protocol\src\parser.ts:103:30)
    at Socket.<anonymous> (C:\Users\TOMMY\Desktop\Project1\obed-service\node_modules\pg-protocol\src\index.ts:7:48)
    at Socket.emit (events.js:315:20)
    at addChunk (_stream_readable.js:295:12)
    at readableAddChunk (_stream_readable.js:271:9)
    at Socket.Readable.push (_stream_readable.js:212:10)
    at TCP.onStreamRead (internal/stream_base_commons.js:186:23)
2021-10-18 21:38:43:3843 error: error: column "ss.sub_std_id" must appear in the GROUP BY clause or be used in an aggregate function
    at Parser.parseErrorMessage (C:\Users\TOMMY\Desktop\Project1\obed-service\node_modules\pg-protocol\src\parser.ts:369:69)
    at Parser.handlePacket (C:\Users\TOMMY\Desktop\Project1\obed-service\node_modules\pg-protocol\src\parser.ts:188:21)
    at Parser.parse (C:\Users\TOMMY\Desktop\Project1\obed-service\node_modules\pg-protocol\src\parser.ts:103:30)
    at Socket.<anonymous> (C:\Users\TOMMY\Desktop\Project1\obed-service\node_modules\pg-protocol\src\index.ts:7:48)
    at Socket.emit (events.js:315:20)
    at addChunk (_stream_readable.js:295:12)
    at readableAddChunk (_stream_readable.js:271:9)
    at Socket.Readable.push (_stream_readable.js:212:10)
    at TCP.onStreamRead (internal/stream_base_commons.js:186:23)
2021-10-18 21:39:08:398 error: error: column reference "sub_std_id" is ambiguous
    at Parser.parseErrorMessage (C:\Users\TOMMY\Desktop\Project1\obed-service\node_modules\pg-protocol\src\parser.ts:369:69)
    at Parser.handlePacket (C:\Users\TOMMY\Desktop\Project1\obed-service\node_modules\pg-protocol\src\parser.ts:188:21)
    at Parser.parse (C:\Users\TOMMY\Desktop\Project1\obed-service\node_modules\pg-protocol\src\parser.ts:103:30)
    at Socket.<anonymous> (C:\Users\TOMMY\Desktop\Project1\obed-service\node_modules\pg-protocol\src\index.ts:7:48)
    at Socket.emit (events.js:315:20)
    at addChunk (_stream_readable.js:295:12)
    at readableAddChunk (_stream_readable.js:271:9)
    at Socket.Readable.push (_stream_readable.js:212:10)
    at TCP.onStreamRead (internal/stream_base_commons.js:186:23)
2021-10-18 21:39:20:3920 error: error: column reference "sub_std_id" is ambiguous
    at Parser.parseErrorMessage (C:\Users\TOMMY\Desktop\Project1\obed-service\node_modules\pg-protocol\src\parser.ts:369:69)
    at Parser.handlePacket (C:\Users\TOMMY\Desktop\Project1\obed-service\node_modules\pg-protocol\src\parser.ts:188:21)
    at Parser.parse (C:\Users\TOMMY\Desktop\Project1\obed-service\node_modules\pg-protocol\src\parser.ts:103:30)
    at Socket.<anonymous> (C:\Users\TOMMY\Desktop\Project1\obed-service\node_modules\pg-protocol\src\index.ts:7:48)
    at Socket.emit (events.js:315:20)
    at addChunk (_stream_readable.js:295:12)
    at readableAddChunk (_stream_readable.js:271:9)
    at Socket.Readable.push (_stream_readable.js:212:10)
    at TCP.onStreamRead (internal/stream_base_commons.js:186:23)
2021-10-18 21:39:22:3922 error: error: column reference "sub_std_id" is ambiguous
    at Parser.parseErrorMessage (C:\Users\TOMMY\Desktop\Project1\obed-service\node_modules\pg-protocol\src\parser.ts:369:69)
    at Parser.handlePacket (C:\Users\TOMMY\Desktop\Project1\obed-service\node_modules\pg-protocol\src\parser.ts:188:21)
    at Parser.parse (C:\Users\TOMMY\Desktop\Project1\obed-service\node_modules\pg-protocol\src\parser.ts:103:30)
    at Socket.<anonymous> (C:\Users\TOMMY\Desktop\Project1\obed-service\node_modules\pg-protocol\src\index.ts:7:48)
    at Socket.emit (events.js:315:20)
    at addChunk (_stream_readable.js:295:12)
    at readableAddChunk (_stream_readable.js:271:9)
    at Socket.Readable.push (_stream_readable.js:212:10)
    at TCP.onStreamRead (internal/stream_base_commons.js:186:23)
2021-10-18 21:39:27:3927 error: error: column reference "sub_std_id" is ambiguous
    at Parser.parseErrorMessage (C:\Users\TOMMY\Desktop\Project1\obed-service\node_modules\pg-protocol\src\parser.ts:369:69)
    at Parser.handlePacket (C:\Users\TOMMY\Desktop\Project1\obed-service\node_modules\pg-protocol\src\parser.ts:188:21)
    at Parser.parse (C:\Users\TOMMY\Desktop\Project1\obed-service\node_modules\pg-protocol\src\parser.ts:103:30)
    at Socket.<anonymous> (C:\Users\TOMMY\Desktop\Project1\obed-service\node_modules\pg-protocol\src\index.ts:7:48)
    at Socket.emit (events.js:315:20)
    at addChunk (_stream_readable.js:295:12)
    at readableAddChunk (_stream_readable.js:271:9)
    at Socket.Readable.push (_stream_readable.js:212:10)
    at TCP.onStreamRead (internal/stream_base_commons.js:186:23)
2021-10-18 21:41:24:4124 error: error: duplicate key value violates unique constraint "group_sub_standards_order_number_key"
    at Parser.parseErrorMessage (C:\Users\TOMMY\Desktop\Project1\obed-service\node_modules\pg-protocol\src\parser.ts:369:69)
    at Parser.handlePacket (C:\Users\TOMMY\Desktop\Project1\obed-service\node_modules\pg-protocol\src\parser.ts:188:21)
    at Parser.parse (C:\Users\TOMMY\Desktop\Project1\obed-service\node_modules\pg-protocol\src\parser.ts:103:30)
    at Socket.<anonymous> (C:\Users\TOMMY\Desktop\Project1\obed-service\node_modules\pg-protocol\src\index.ts:7:48)
    at Socket.emit (events.js:315:20)
    at addChunk (_stream_readable.js:295:12)
    at readableAddChunk (_stream_readable.js:271:9)
    at Socket.Readable.push (_stream_readable.js:212:10)
    at TCP.onStreamRead (internal/stream_base_commons.js:186:23)
2021-10-18 22:27:16:2716 error: ApplicationError: order_number must be a string
    at Object.CustomValidationError (C:\Users\TOMMY\Desktop\Project1\obed-service\api\utils\validationErrorFactory.ts:20:10)
    at C:\Users\TOMMY\Desktop\Project1\obed-service\api\middleware\validationHandler.ts:26:9
    at Layer.handle [as handle_request] (C:\Users\TOMMY\Desktop\Project1\obed-service\node_modules\express\lib\router\layer.js:95:5)
    at next (C:\Users\TOMMY\Desktop\Project1\obed-service\node_modules\express\lib\router\route.js:137:13)
    at C:\Users\TOMMY\Desktop\Project1\obed-service\api\middleware\authorizationHandler.ts:61:2
    at Generator.next (<anonymous>)
    at fulfilled (C:\Users\TOMMY\Desktop\Project1\obed-service\api\middleware\authorizationHandler.ts:5:58)
    at processTicksAndRejections (internal/process/task_queues.js:97:5)
2021-10-18 22:27:29:2729 error: error: syntax error at or near "title"
    at Parser.parseErrorMessage (C:\Users\TOMMY\Desktop\Project1\obed-service\node_modules\pg-protocol\src\parser.ts:369:69)
    at Parser.handlePacket (C:\Users\TOMMY\Desktop\Project1\obed-service\node_modules\pg-protocol\src\parser.ts:188:21)
    at Parser.parse (C:\Users\TOMMY\Desktop\Project1\obed-service\node_modules\pg-protocol\src\parser.ts:103:30)
    at Socket.<anonymous> (C:\Users\TOMMY\Desktop\Project1\obed-service\node_modules\pg-protocol\src\index.ts:7:48)
    at Socket.emit (events.js:315:20)
    at addChunk (_stream_readable.js:295:12)
    at readableAddChunk (_stream_readable.js:271:9)
    at Socket.Readable.push (_stream_readable.js:212:10)
    at TCP.onStreamRead (internal/stream_base_commons.js:186:23)
2021-10-18 22:27:49:2749 error: error: column "order_number" does not exist
    at Parser.parseErrorMessage (C:\Users\TOMMY\Desktop\Project1\obed-service\node_modules\pg-protocol\src\parser.ts:369:69)
    at Parser.handlePacket (C:\Users\TOMMY\Desktop\Project1\obed-service\node_modules\pg-protocol\src\parser.ts:188:21)
    at Parser.parse (C:\Users\TOMMY\Desktop\Project1\obed-service\node_modules\pg-protocol\src\parser.ts:103:30)
    at Socket.<anonymous> (C:\Users\TOMMY\Desktop\Project1\obed-service\node_modules\pg-protocol\src\index.ts:7:48)
    at Socket.emit (events.js:315:20)
    at addChunk (_stream_readable.js:295:12)
    at readableAddChunk (_stream_readable.js:271:9)
    at Socket.Readable.push (_stream_readable.js:212:10)
    at TCP.onStreamRead (internal/stream_base_commons.js:186:23)
2021-10-18 22:43:37:4337 error: ApplicationError: Unauthorized Access Token was expired
    at C:\Users\TOMMY\Desktop\Project1\obed-service\api\middleware\authorizationHandler.ts:35:16
    at Generator.next (<anonymous>)
    at C:\Users\TOMMY\Desktop\Project1\obed-service\api\middleware\authorizationHandler.ts:8:71
    at new Promise (<anonymous>)
    at __awaiter (C:\Users\TOMMY\Desktop\Project1\obed-service\api\middleware\authorizationHandler.ts:4:12)
    at verifyToken (C:\Users\TOMMY\Desktop\Project1\obed-service\api\middleware\authorizationHandler.ts:15:94)
    at Layer.handle [as handle_request] (C:\Users\TOMMY\Desktop\Project1\obed-service\node_modules\express\lib\router\layer.js:95:5)
    at next (C:\Users\TOMMY\Desktop\Project1\obed-service\node_modules\express\lib\router\route.js:137:13)
    at Route.dispatch (C:\Users\TOMMY\Desktop\Project1\obed-service\node_modules\express\lib\router\route.js:112:3)
    at Layer.handle [as handle_request] (C:\Users\TOMMY\Desktop\Project1\obed-service\node_modules\express\lib\router\layer.js:95:5)
    at C:\Users\TOMMY\Desktop\Project1\obed-service\node_modules\express\lib\router\index.js:281:22
    at Function.process_params (C:\Users\TOMMY\Desktop\Project1\obed-service\node_modules\express\lib\router\index.js:335:12)
    at next (C:\Users\TOMMY\Desktop\Project1\obed-service\node_modules\express\lib\router\index.js:275:10)
    at Function.handle (C:\Users\TOMMY\Desktop\Project1\obed-service\node_modules\express\lib\router\index.js:174:3)
    at router (C:\Users\TOMMY\Desktop\Project1\obed-service\node_modules\express\lib\router\index.js:47:12)
    at Layer.handle [as handle_request] (C:\Users\TOMMY\Desktop\Project1\obed-service\node_modules\express\lib\router\layer.js:95:5)
2021-10-19 10:35:44:3544 error: ApplicationError: The given email address is already taken
    at C:\Users\TOMMY\Desktop\Project1\obed-service\api\controllers\auth.ts:37:18
    at Generator.throw (<anonymous>)
    at rejected (C:\Users\TOMMY\Desktop\Project1\obed-service\api\controllers\auth.ts:6:65)
    at processTicksAndRejections (internal/process/task_queues.js:97:5)
2021-10-19 10:45:59:4559 error: error: relation "users" does not exist
    at Parser.parseErrorMessage (C:\Users\TOMMY\Desktop\Project1\obed-service\node_modules\pg-protocol\src\parser.ts:369:69)
    at Parser.handlePacket (C:\Users\TOMMY\Desktop\Project1\obed-service\node_modules\pg-protocol\src\parser.ts:188:21)
    at Parser.parse (C:\Users\TOMMY\Desktop\Project1\obed-service\node_modules\pg-protocol\src\parser.ts:103:30)
    at Socket.<anonymous> (C:\Users\TOMMY\Desktop\Project1\obed-service\node_modules\pg-protocol\src\index.ts:7:48)
    at Socket.emit (events.js:315:20)
    at addChunk (_stream_readable.js:295:12)
    at readableAddChunk (_stream_readable.js:271:9)
    at Socket.Readable.push (_stream_readable.js:212:10)
    at TCP.onStreamRead (internal/stream_base_commons.js:186:23)
